{"C:\\Users\\Dell\\Desktop\\Ranime\\Services\\addtrack.js":{"path":"C:\\Users\\Dell\\Desktop\\Ranime\\Services\\addtrack.js","statementMap":{"0":{"start":{"line":2,"column":15},"end":{"line":2,"column":33}},"1":{"start":{"line":3,"column":16},"end":{"line":3,"column":38}},"2":{"start":{"line":4,"column":17},"end":{"line":4,"column":35}},"3":{"start":{"line":7,"column":15},"end":{"line":7,"column":45}},"4":{"start":{"line":8,"column":11},"end":{"line":8,"column":42}},"5":{"start":{"line":9,"column":13},"end":{"line":9,"column":46}},"6":{"start":{"line":10,"column":13},"end":{"line":10,"column":45}},"7":{"start":{"line":14,"column":8},"end":{"line":14,"column":17}},"8":{"start":{"line":16,"column":0},"end":{"line":16,"column":27}},"9":{"start":{"line":20,"column":0},"end":{"line":103,"column":3}},"10":{"start":{"line":21,"column":16},"end":{"line":21,"column":36}},"11":{"start":{"line":22,"column":4},"end":{"line":102,"column":6}},"12":{"start":{"line":23,"column":8},"end":{"line":25,"column":9}},"13":{"start":{"line":24,"column":12},"end":{"line":24,"column":36}},"14":{"start":{"line":26,"column":23},"end":{"line":26,"column":35}},"15":{"start":{"line":27,"column":8},"end":{"line":29,"column":9}},"16":{"start":{"line":28,"column":12},"end":{"line":28,"column":66}},"17":{"start":{"line":30,"column":8},"end":{"line":32,"column":9}},"18":{"start":{"line":31,"column":12},"end":{"line":31,"column":67}},"19":{"start":{"line":33,"column":8},"end":{"line":35,"column":9}},"20":{"start":{"line":34,"column":11},"end":{"line":34,"column":67}},"21":{"start":{"line":36,"column":8},"end":{"line":38,"column":9}},"22":{"start":{"line":37,"column":12},"end":{"line":37,"column":65}},"23":{"start":{"line":39,"column":8},"end":{"line":41,"column":9}},"24":{"start":{"line":40,"column":12},"end":{"line":40,"column":70}},"25":{"start":{"line":43,"column":8},"end":{"line":45,"column":9}},"26":{"start":{"line":44,"column":12},"end":{"line":44,"column":82}},"27":{"start":{"line":47,"column":8},"end":{"line":95,"column":11}},"28":{"start":{"line":48,"column":12},"end":{"line":51,"column":13}},"29":{"start":{"line":49,"column":16},"end":{"line":49,"column":77}},"30":{"start":{"line":53,"column":12},"end":{"line":64,"column":15}},"31":{"start":{"line":54,"column":16},"end":{"line":63,"column":21}},"32":{"start":{"line":55,"column":24},"end":{"line":58,"column":54}},"33":{"start":{"line":59,"column":24},"end":{"line":59,"column":42}},"34":{"start":{"line":61,"column":25},"end":{"line":63,"column":21}},"35":{"start":{"line":62,"column":24},"end":{"line":62,"column":42}},"36":{"start":{"line":68,"column":12},"end":{"line":92,"column":15}},"37":{"start":{"line":69,"column":16},"end":{"line":91,"column":17}},"38":{"start":{"line":70,"column":44},"end":{"line":80,"column":22}},"39":{"start":{"line":79,"column":24},"end":{"line":79,"column":93}},"40":{"start":{"line":82,"column":20},"end":{"line":86,"column":23}},"41":{"start":{"line":83,"column":24},"end":{"line":83,"column":50}},"42":{"start":{"line":85,"column":24},"end":{"line":85,"column":93}},"43":{"start":{"line":89,"column":21},"end":{"line":91,"column":17}},"44":{"start":{"line":90,"column":20},"end":{"line":90,"column":138}},"45":{"start":{"line":101,"column":8},"end":{"line":101,"column":52}},"46":{"start":{"line":107,"column":0},"end":{"line":111,"column":1}},"47":{"start":{"line":108,"column":4},"end":{"line":110,"column":7}},"48":{"start":{"line":109,"column":8},"end":{"line":109,"column":44}},"49":{"start":{"line":113,"column":0},"end":{"line":113,"column":21}}},"fnMap":{"0":{"name":"(anonymous_0)","decl":{"start":{"line":20,"column":19},"end":{"line":20,"column":20}},"loc":{"start":{"line":20,"column":30},"end":{"line":103,"column":1}},"line":20},"1":{"name":"(anonymous_1)","decl":{"start":{"line":22,"column":35},"end":{"line":22,"column":36}},"loc":{"start":{"line":22,"column":47},"end":{"line":100,"column":5}},"line":22},"2":{"name":"(anonymous_2)","decl":{"start":{"line":47,"column":47},"end":{"line":47,"column":48}},"loc":{"start":{"line":47,"column":62},"end":{"line":95,"column":9}},"line":47},"3":{"name":"(anonymous_3)","decl":{"start":{"line":53,"column":58},"end":{"line":53,"column":59}},"loc":{"start":{"line":53,"column":69},"end":{"line":64,"column":13}},"line":53},"4":{"name":"(anonymous_4)","decl":{"start":{"line":68,"column":91},"end":{"line":68,"column":92}},"loc":{"start":{"line":68,"column":109},"end":{"line":92,"column":13}},"line":68},"5":{"name":"(anonymous_5)","decl":{"start":{"line":78,"column":22},"end":{"line":78,"column":23}},"loc":{"start":{"line":78,"column":27},"end":{"line":80,"column":21}},"line":78},"6":{"name":"(anonymous_6)","decl":{"start":{"line":82,"column":46},"end":{"line":82,"column":47}},"loc":{"start":{"line":82,"column":53},"end":{"line":84,"column":21}},"line":82},"7":{"name":"(anonymous_7)","decl":{"start":{"line":84,"column":29},"end":{"line":84,"column":30}},"loc":{"start":{"line":84,"column":34},"end":{"line":86,"column":21}},"line":84},"8":{"name":"(anonymous_8)","decl":{"start":{"line":100,"column":13},"end":{"line":100,"column":14}},"loc":{"start":{"line":100,"column":18},"end":{"line":102,"column":5}},"line":100},"9":{"name":"(anonymous_9)","decl":{"start":{"line":108,"column":20},"end":{"line":108,"column":21}},"loc":{"start":{"line":108,"column":24},"end":{"line":110,"column":5}},"line":108}},"branchMap":{"0":{"loc":{"start":{"line":23,"column":8},"end":{"line":25,"column":9}},"type":"if","locations":[{"start":{"line":23,"column":8},"end":{"line":25,"column":9}},{"start":{"line":23,"column":8},"end":{"line":25,"column":9}}],"line":23},"1":{"loc":{"start":{"line":27,"column":8},"end":{"line":29,"column":9}},"type":"if","locations":[{"start":{"line":27,"column":8},"end":{"line":29,"column":9}},{"start":{"line":27,"column":8},"end":{"line":29,"column":9}}],"line":27},"2":{"loc":{"start":{"line":30,"column":8},"end":{"line":32,"column":9}},"type":"if","locations":[{"start":{"line":30,"column":8},"end":{"line":32,"column":9}},{"start":{"line":30,"column":8},"end":{"line":32,"column":9}}],"line":30},"3":{"loc":{"start":{"line":33,"column":8},"end":{"line":35,"column":9}},"type":"if","locations":[{"start":{"line":33,"column":8},"end":{"line":35,"column":9}},{"start":{"line":33,"column":8},"end":{"line":35,"column":9}}],"line":33},"4":{"loc":{"start":{"line":36,"column":8},"end":{"line":38,"column":9}},"type":"if","locations":[{"start":{"line":36,"column":8},"end":{"line":38,"column":9}},{"start":{"line":36,"column":8},"end":{"line":38,"column":9}}],"line":36},"5":{"loc":{"start":{"line":39,"column":8},"end":{"line":41,"column":9}},"type":"if","locations":[{"start":{"line":39,"column":8},"end":{"line":41,"column":9}},{"start":{"line":39,"column":8},"end":{"line":41,"column":9}}],"line":39},"6":{"loc":{"start":{"line":43,"column":8},"end":{"line":45,"column":9}},"type":"if","locations":[{"start":{"line":43,"column":8},"end":{"line":45,"column":9}},{"start":{"line":43,"column":8},"end":{"line":45,"column":9}}],"line":43},"7":{"loc":{"start":{"line":43,"column":11},"end":{"line":43,"column":81}},"type":"binary-expr","locations":[{"start":{"line":43,"column":11},"end":{"line":43,"column":33}},{"start":{"line":43,"column":37},"end":{"line":43,"column":58}},{"start":{"line":43,"column":62},"end":{"line":43,"column":81}}],"line":43},"8":{"loc":{"start":{"line":48,"column":12},"end":{"line":51,"column":13}},"type":"if","locations":[{"start":{"line":48,"column":12},"end":{"line":51,"column":13}},{"start":{"line":48,"column":12},"end":{"line":51,"column":13}}],"line":48},"9":{"loc":{"start":{"line":54,"column":16},"end":{"line":63,"column":21}},"type":"if","locations":[{"start":{"line":54,"column":16},"end":{"line":63,"column":21}},{"start":{"line":54,"column":16},"end":{"line":63,"column":21}}],"line":54},"10":{"loc":{"start":{"line":61,"column":25},"end":{"line":63,"column":21}},"type":"if","locations":[{"start":{"line":61,"column":25},"end":{"line":63,"column":21}},{"start":{"line":61,"column":25},"end":{"line":63,"column":21}}],"line":61},"11":{"loc":{"start":{"line":69,"column":16},"end":{"line":91,"column":17}},"type":"if","locations":[{"start":{"line":69,"column":16},"end":{"line":91,"column":17}},{"start":{"line":69,"column":16},"end":{"line":91,"column":17}}],"line":69},"12":{"loc":{"start":{"line":89,"column":21},"end":{"line":91,"column":17}},"type":"if","locations":[{"start":{"line":89,"column":21},"end":{"line":91,"column":17}},{"start":{"line":89,"column":21},"end":{"line":91,"column":17}}],"line":89},"13":{"loc":{"start":{"line":107,"column":0},"end":{"line":111,"column":1}},"type":"if","locations":[{"start":{"line":107,"column":0},"end":{"line":111,"column":1}},{"start":{"line":107,"column":0},"end":{"line":111,"column":1}}],"line":107}},"s":{"0":1,"1":1,"2":1,"3":1,"4":1,"5":1,"6":1,"7":1,"8":1,"9":1,"10":0,"11":0,"12":0,"13":0,"14":0,"15":0,"16":0,"17":0,"18":0,"19":0,"20":0,"21":0,"22":0,"23":0,"24":0,"25":0,"26":0,"27":0,"28":0,"29":0,"30":0,"31":0,"32":0,"33":0,"34":0,"35":0,"36":0,"37":0,"38":0,"39":0,"40":0,"41":0,"42":0,"43":0,"44":0,"45":0,"46":1,"47":0,"48":0,"49":1},"f":{"0":0,"1":0,"2":0,"3":0,"4":0,"5":0,"6":0,"7":0,"8":0,"9":0},"b":{"0":[0,0],"1":[0,0],"2":[0,0],"3":[0,0],"4":[0,0],"5":[0,0],"6":[0,0],"7":[0,0,0],"8":[0,0],"9":[0,0],"10":[0,0],"11":[0,0],"12":[0,0],"13":[0,1]},"_coverageSchema":"1a1c01bbd47fc00a2c39e90264f33305004495a9","hash":"e5c479b3d7f19b856cc8f10e07e8fc2fe1cf3725","contentHash":"05aea6bd9cf32e6a6179d405d328f5d2d16ca93437c877e8210c2d3c61399ddf"},"C:\\Users\\Dell\\Desktop\\Ranime\\db\\mongoose.js":{"path":"C:\\Users\\Dell\\Desktop\\Ranime\\db\\mongoose.js","statementMap":{"0":{"start":{"line":1,"column":17},"end":{"line":1,"column":36}},"1":{"start":{"line":3,"column":0},"end":{"line":3,"column":34}},"2":{"start":{"line":6,"column":0},"end":{"line":6,"column":81}},"3":{"start":{"line":8,"column":0},"end":{"line":8,"column":37}},"4":{"start":{"line":9,"column":0},"end":{"line":9,"column":30}}},"fnMap":{},"branchMap":{"0":{"loc":{"start":{"line":6,"column":17},"end":{"line":6,"column":79}},"type":"binary-expr","locations":[{"start":{"line":6,"column":17},"end":{"line":6,"column":40}},{"start":{"line":6,"column":44},"end":{"line":6,"column":79}}],"line":6}},"s":{"0":1,"1":1,"2":1,"3":1,"4":1},"f":{},"b":{"0":[1,1]},"_coverageSchema":"1a1c01bbd47fc00a2c39e90264f33305004495a9","hash":"6a050a107128dc3908df1f13579ecc5d928ed476","contentHash":"804ddd716f0e9db9b86308f63475cd1fec20dc1e6c2e585d27487dbbaba4d5bf"},"C:\\Users\\Dell\\Desktop\\Ranime\\models\\track.js":{"path":"C:\\Users\\Dell\\Desktop\\Ranime\\models\\track.js","statementMap":{"0":{"start":{"line":1,"column":14},"end":{"line":1,"column":33}},"1":{"start":{"line":2,"column":26},"end":{"line":2,"column":48}},"2":{"start":{"line":4,"column":10},"end":{"line":49,"column":2}},"3":{"start":{"line":51,"column":0},"end":{"line":51,"column":23}}},"fnMap":{},"branchMap":{},"s":{"0":1,"1":1,"2":1,"3":1},"f":{},"b":{},"_coverageSchema":"1a1c01bbd47fc00a2c39e90264f33305004495a9","hash":"1edf71a813e0d734740104335fb061d3ae3470db","contentHash":"7d7b65189c82310d632c5993ec77938bb7d6e11e953cc9f3300dc9b77db2dc02"},"C:\\Users\\Dell\\Desktop\\Ranime\\models\\images.js":{"path":"C:\\Users\\Dell\\Desktop\\Ranime\\models\\images.js","statementMap":{"0":{"start":{"line":1,"column":17},"end":{"line":1,"column":36}},"1":{"start":{"line":2,"column":13},"end":{"line":2,"column":28}},"2":{"start":{"line":4,"column":19},"end":{"line":7,"column":2}},"3":{"start":{"line":9,"column":12},"end":{"line":9,"column":50}},"4":{"start":{"line":10,"column":0},"end":{"line":10,"column":37}}},"fnMap":{},"branchMap":{},"s":{"0":1,"1":1,"2":1,"3":1,"4":1},"f":{},"b":{},"_coverageSchema":"1a1c01bbd47fc00a2c39e90264f33305004495a9","hash":"5bdc9a256c5410b3128fe41ae7667efc050c5c52","contentHash":"febe32603813f15b0ec1ffbbf1e9080ba4f62fdd11a4d6aebc3421900d98da94"},"C:\\Users\\Dell\\Desktop\\Ranime\\models\\Artists.js":{"path":"C:\\Users\\Dell\\Desktop\\Ranime\\models\\Artists.js","statementMap":{"0":{"start":{"line":1,"column":15},"end":{"line":1,"column":34}},"1":{"start":{"line":2,"column":15},"end":{"line":2,"column":34}},"2":{"start":{"line":3,"column":17},"end":{"line":3,"column":23}},"3":{"start":{"line":4,"column":12},"end":{"line":4,"column":35}},"4":{"start":{"line":5,"column":31},"end":{"line":5,"column":53}},"5":{"start":{"line":7,"column":0},"end":{"line":11,"column":2}},"6":{"start":{"line":8,"column":4},"end":{"line":10,"column":6}},"7":{"start":{"line":9,"column":8},"end":{"line":9,"column":26}},"8":{"start":{"line":12,"column":19},"end":{"line":53,"column":2}},"9":{"start":{"line":55,"column":0},"end":{"line":81,"column":2}},"10":{"start":{"line":56,"column":4},"end":{"line":56,"column":29}},"11":{"start":{"line":57,"column":17},"end":{"line":57,"column":21}},"12":{"start":{"line":58,"column":4},"end":{"line":58,"column":30}},"13":{"start":{"line":59,"column":4},"end":{"line":59,"column":23}},"14":{"start":{"line":60,"column":4},"end":{"line":79,"column":7}},"15":{"start":{"line":61,"column":8},"end":{"line":61,"column":34}},"16":{"start":{"line":62,"column":8},"end":{"line":66,"column":9}},"17":{"start":{"line":63,"column":12},"end":{"line":63,"column":36}},"18":{"start":{"line":64,"column":12},"end":{"line":64,"column":36}},"19":{"start":{"line":67,"column":8},"end":{"line":78,"column":10}},"20":{"start":{"line":68,"column":12},"end":{"line":77,"column":15}},"21":{"start":{"line":69,"column":16},"end":{"line":76,"column":17}},"22":{"start":{"line":70,"column":20},"end":{"line":70,"column":43}},"23":{"start":{"line":71,"column":20},"end":{"line":71,"column":36}},"24":{"start":{"line":73,"column":20},"end":{"line":73,"column":49}},"25":{"start":{"line":74,"column":20},"end":{"line":74,"column":53}},"26":{"start":{"line":75,"column":20},"end":{"line":75,"column":29}},"27":{"start":{"line":82,"column":0},"end":{"line":93,"column":1}},"28":{"start":{"line":83,"column":17},"end":{"line":83,"column":21}},"29":{"start":{"line":84,"column":17},"end":{"line":84,"column":23}},"30":{"start":{"line":86,"column":16},"end":{"line":86,"column":100}},"31":{"start":{"line":88,"column":4},"end":{"line":92,"column":7}},"32":{"start":{"line":90,"column":8},"end":{"line":90,"column":23}},"33":{"start":{"line":97,"column":0},"end":{"line":110,"column":2}},"34":{"start":{"line":98,"column":17},"end":{"line":98,"column":21}},"35":{"start":{"line":101,"column":4},"end":{"line":105,"column":5}},"36":{"start":{"line":102,"column":8},"end":{"line":102,"column":59}},"37":{"start":{"line":104,"column":7},"end":{"line":104,"column":31}},"38":{"start":{"line":106,"column":4},"end":{"line":108,"column":7}},"39":{"start":{"line":112,"column":0},"end":{"line":137,"column":2}},"40":{"start":{"line":113,"column":20},"end":{"line":113,"column":24}},"41":{"start":{"line":116,"column":4},"end":{"line":124,"column":5}},"42":{"start":{"line":118,"column":8},"end":{"line":118,"column":59}},"43":{"start":{"line":123,"column":7},"end":{"line":123,"column":31}},"44":{"start":{"line":127,"column":4},"end":{"line":134,"column":3}},"45":{"start":{"line":142,"column":13},"end":{"line":142,"column":52}},"46":{"start":{"line":143,"column":0},"end":{"line":143,"column":24}}},"fnMap":{"0":{"name":"(anonymous_0)","decl":{"start":{"line":7,"column":19},"end":{"line":7,"column":20}},"loc":{"start":{"line":7,"column":34},"end":{"line":11,"column":1}},"line":7},"1":{"name":"(anonymous_1)","decl":{"start":{"line":8,"column":32},"end":{"line":8,"column":33}},"loc":{"start":{"line":8,"column":47},"end":{"line":10,"column":5}},"line":8},"2":{"name":"(anonymous_2)","decl":{"start":{"line":55,"column":41},"end":{"line":55,"column":42}},"loc":{"start":{"line":55,"column":68},"end":{"line":81,"column":1}},"line":55},"3":{"name":"(anonymous_3)","decl":{"start":{"line":60,"column":42},"end":{"line":60,"column":43}},"loc":{"start":{"line":60,"column":54},"end":{"line":79,"column":5}},"line":60},"4":{"name":"(anonymous_4)","decl":{"start":{"line":67,"column":27},"end":{"line":67,"column":28}},"loc":{"start":{"line":67,"column":48},"end":{"line":78,"column":9}},"line":67},"5":{"name":"(anonymous_5)","decl":{"start":{"line":68,"column":54},"end":{"line":68,"column":55}},"loc":{"start":{"line":68,"column":68},"end":{"line":77,"column":13}},"line":68},"6":{"name":"(anonymous_6)","decl":{"start":{"line":82,"column":41},"end":{"line":82,"column":42}},"loc":{"start":{"line":82,"column":53},"end":{"line":93,"column":1}},"line":82},"7":{"name":"(anonymous_7)","decl":{"start":{"line":88,"column":23},"end":{"line":88,"column":24}},"loc":{"start":{"line":88,"column":44},"end":{"line":92,"column":5}},"line":88},"8":{"name":"(anonymous_8)","decl":{"start":{"line":97,"column":35},"end":{"line":97,"column":36}},"loc":{"start":{"line":97,"column":52},"end":{"line":110,"column":1}},"line":97},"9":{"name":"(anonymous_9)","decl":{"start":{"line":112,"column":39},"end":{"line":112,"column":40}},"loc":{"start":{"line":112,"column":56},"end":{"line":137,"column":1}},"line":112}},"branchMap":{"0":{"loc":{"start":{"line":62,"column":8},"end":{"line":66,"column":9}},"type":"if","locations":[{"start":{"line":62,"column":8},"end":{"line":66,"column":9}},{"start":{"line":62,"column":8},"end":{"line":66,"column":9}}],"line":62},"1":{"loc":{"start":{"line":69,"column":16},"end":{"line":76,"column":17}},"type":"if","locations":[{"start":{"line":69,"column":16},"end":{"line":76,"column":17}},{"start":{"line":69,"column":16},"end":{"line":76,"column":17}}],"line":69}},"s":{"0":1,"1":1,"2":1,"3":1,"4":1,"5":1,"6":1,"7":1,"8":1,"9":1,"10":0,"11":0,"12":0,"13":0,"14":0,"15":0,"16":0,"17":0,"18":0,"19":0,"20":0,"21":0,"22":0,"23":0,"24":0,"25":0,"26":0,"27":1,"28":0,"29":0,"30":0,"31":0,"32":0,"33":1,"34":0,"35":0,"36":0,"37":0,"38":0,"39":1,"40":0,"41":0,"42":0,"43":0,"44":0,"45":1,"46":1},"f":{"0":1,"1":1,"2":0,"3":0,"4":0,"5":0,"6":0,"7":0,"8":0,"9":0},"b":{"0":[0,0],"1":[0,0]},"_coverageSchema":"1a1c01bbd47fc00a2c39e90264f33305004495a9","hash":"3dca64692c6dbb6c4bbc4f19fe7e5b7c15178308","contentHash":"c8a36f87a0cfef7d65278a19606d16f70125119f4d99ab54bbea4f09fa4ab109"},"C:\\Users\\Dell\\Desktop\\Ranime\\Services\\AlbumServices.js":{"path":"C:\\Users\\Dell\\Desktop\\Ranime\\Services\\AlbumServices.js","statementMap":{"0":{"start":{"line":2,"column":19},"end":{"line":2,"column":49}},"1":{"start":{"line":3,"column":15},"end":{"line":3,"column":42}},"2":{"start":{"line":4,"column":16},"end":{"line":4,"column":47}},"3":{"start":{"line":5,"column":24},"end":{"line":5,"column":63}},"4":{"start":{"line":6,"column":19},"end":{"line":14,"column":1}},"5":{"start":{"line":9,"column":3},"end":{"line":12,"column":34}},"6":{"start":{"line":10,"column":7},"end":{"line":10,"column":30}},"7":{"start":{"line":10,"column":17},"end":{"line":10,"column":30}},"8":{"start":{"line":11,"column":8},"end":{"line":11,"column":20}},"9":{"start":{"line":12,"column":22},"end":{"line":12,"column":30}},"10":{"start":{"line":15,"column":25},"end":{"line":21,"column":1}},"11":{"start":{"line":16,"column":0},"end":{"line":20,"column":30}},"12":{"start":{"line":17,"column":4},"end":{"line":17,"column":27}},"13":{"start":{"line":17,"column":14},"end":{"line":17,"column":27}},"14":{"start":{"line":18,"column":4},"end":{"line":18,"column":19}},"15":{"start":{"line":19,"column":4},"end":{"line":19,"column":16}},"16":{"start":{"line":20,"column":18},"end":{"line":20,"column":26}},"17":{"start":{"line":22,"column":21},"end":{"line":34,"column":5}},"18":{"start":{"line":23,"column":3},"end":{"line":33,"column":5}},"19":{"start":{"line":24,"column":8},"end":{"line":24,"column":40}},"20":{"start":{"line":24,"column":22},"end":{"line":24,"column":40}},"21":{"start":{"line":25,"column":8},"end":{"line":30,"column":9}},"22":{"start":{"line":26,"column":12},"end":{"line":29,"column":42}},"23":{"start":{"line":27,"column":16},"end":{"line":27,"column":57}},"24":{"start":{"line":27,"column":35},"end":{"line":27,"column":57}},"25":{"start":{"line":28,"column":16},"end":{"line":28,"column":49}},"26":{"start":{"line":28,"column":33},"end":{"line":28,"column":49}},"27":{"start":{"line":29,"column":30},"end":{"line":29,"column":38}},"28":{"start":{"line":36,"column":25},"end":{"line":47,"column":1}},"29":{"start":{"line":42,"column":4},"end":{"line":42,"column":181}},"30":{"start":{"line":42,"column":142},"end":{"line":42,"column":169}},"31":{"start":{"line":55,"column":20},"end":{"line":94,"column":1}},"32":{"start":{"line":56,"column":4},"end":{"line":56,"column":51}},"33":{"start":{"line":57,"column":4},"end":{"line":92,"column":6}},"34":{"start":{"line":64,"column":8},"end":{"line":64,"column":60}},"35":{"start":{"line":64,"column":33},"end":{"line":64,"column":60}},"36":{"start":{"line":73,"column":22},"end":{"line":73,"column":49}},"37":{"start":{"line":74,"column":8},"end":{"line":74,"column":28}},"38":{"start":{"line":79,"column":8},"end":{"line":79,"column":68}},"39":{"start":{"line":79,"column":40},"end":{"line":79,"column":65}},"40":{"start":{"line":80,"column":12},"end":{"line":80,"column":83}},"41":{"start":{"line":80,"column":55},"end":{"line":80,"column":80}},"42":{"start":{"line":91,"column":8},"end":{"line":91,"column":35}},"43":{"start":{"line":96,"column":20},"end":{"line":134,"column":1}},"44":{"start":{"line":97,"column":12},"end":{"line":97,"column":13}},"45":{"start":{"line":98,"column":17},"end":{"line":98,"column":30}},"46":{"start":{"line":99,"column":4},"end":{"line":99,"column":24}},"47":{"start":{"line":100,"column":18},"end":{"line":129,"column":6}},"48":{"start":{"line":101,"column":7},"end":{"line":101,"column":22}},"49":{"start":{"line":103,"column":30},"end":{"line":103,"column":76}},"50":{"start":{"line":118,"column":7},"end":{"line":118,"column":22}},"51":{"start":{"line":120,"column":7},"end":{"line":120,"column":59}},"52":{"start":{"line":132,"column":4},"end":{"line":132,"column":56}},"53":{"start":{"line":135,"column":25},"end":{"line":139,"column":1}},"54":{"start":{"line":136,"column":5},"end":{"line":136,"column":37}},"55":{"start":{"line":137,"column":5},"end":{"line":137,"column":122}},"56":{"start":{"line":137,"column":66},"end":{"line":137,"column":111}},"57":{"start":{"line":144,"column":0},"end":{"line":148,"column":1}}},"fnMap":{"0":{"name":"(anonymous_0)","decl":{"start":{"line":6,"column":19},"end":{"line":6,"column":20}},"loc":{"start":{"line":6,"column":39},"end":{"line":14,"column":1}},"line":6},"1":{"name":"(anonymous_1)","decl":{"start":{"line":9,"column":47},"end":{"line":9,"column":48}},"loc":{"start":{"line":9,"column":56},"end":{"line":12,"column":5}},"line":9},"2":{"name":"(anonymous_2)","decl":{"start":{"line":12,"column":13},"end":{"line":12,"column":14}},"loc":{"start":{"line":12,"column":20},"end":{"line":12,"column":32}},"line":12},"3":{"name":"(anonymous_3)","decl":{"start":{"line":15,"column":25},"end":{"line":15,"column":26}},"loc":{"start":{"line":15,"column":53},"end":{"line":21,"column":1}},"line":15},"4":{"name":"(anonymous_4)","decl":{"start":{"line":16,"column":64},"end":{"line":16,"column":65}},"loc":{"start":{"line":16,"column":73},"end":{"line":20,"column":1}},"line":16},"5":{"name":"(anonymous_5)","decl":{"start":{"line":20,"column":9},"end":{"line":20,"column":10}},"loc":{"start":{"line":20,"column":16},"end":{"line":20,"column":28}},"line":20},"6":{"name":"(anonymous_6)","decl":{"start":{"line":22,"column":21},"end":{"line":22,"column":22}},"loc":{"start":{"line":22,"column":50},"end":{"line":34,"column":5}},"line":22},"7":{"name":"(anonymous_7)","decl":{"start":{"line":23,"column":37},"end":{"line":23,"column":38}},"loc":{"start":{"line":23,"column":50},"end":{"line":31,"column":9}},"line":23},"8":{"name":"(anonymous_8)","decl":{"start":{"line":26,"column":62},"end":{"line":26,"column":63}},"loc":{"start":{"line":26,"column":80},"end":{"line":29,"column":13}},"line":26},"9":{"name":"(anonymous_9)","decl":{"start":{"line":29,"column":21},"end":{"line":29,"column":22}},"loc":{"start":{"line":29,"column":28},"end":{"line":29,"column":40}},"line":29},"10":{"name":"(anonymous_10)","decl":{"start":{"line":32,"column":11},"end":{"line":32,"column":12}},"loc":{"start":{"line":32,"column":17},"end":{"line":33,"column":4}},"line":32},"11":{"name":"(anonymous_11)","decl":{"start":{"line":36,"column":25},"end":{"line":36,"column":26}},"loc":{"start":{"line":36,"column":57},"end":{"line":47,"column":1}},"line":36},"12":{"name":"(anonymous_12)","decl":{"start":{"line":42,"column":123},"end":{"line":42,"column":124}},"loc":{"start":{"line":42,"column":140},"end":{"line":42,"column":171}},"line":42},"13":{"name":"(anonymous_13)","decl":{"start":{"line":55,"column":20},"end":{"line":55,"column":21}},"loc":{"start":{"line":55,"column":52},"end":{"line":94,"column":1}},"line":55},"14":{"name":"(anonymous_14)","decl":{"start":{"line":57,"column":58},"end":{"line":57,"column":59}},"loc":{"start":{"line":57,"column":75},"end":{"line":88,"column":5}},"line":57},"15":{"name":"(anonymous_15)","decl":{"start":{"line":79,"column":31},"end":{"line":79,"column":32}},"loc":{"start":{"line":79,"column":40},"end":{"line":79,"column":65}},"line":79},"16":{"name":"(anonymous_16)","decl":{"start":{"line":80,"column":46},"end":{"line":80,"column":47}},"loc":{"start":{"line":80,"column":55},"end":{"line":80,"column":80}},"line":80},"17":{"name":"(anonymous_17)","decl":{"start":{"line":90,"column":11},"end":{"line":90,"column":12}},"loc":{"start":{"line":90,"column":20},"end":{"line":92,"column":5}},"line":90},"18":{"name":"(anonymous_18)","decl":{"start":{"line":96,"column":20},"end":{"line":96,"column":21}},"loc":{"start":{"line":96,"column":44},"end":{"line":134,"column":1}},"line":96},"19":{"name":"(anonymous_19)","decl":{"start":{"line":100,"column":29},"end":{"line":100,"column":30}},"loc":{"start":{"line":100,"column":44},"end":{"line":129,"column":5}},"line":100},"20":{"name":"(anonymous_20)","decl":{"start":{"line":135,"column":25},"end":{"line":135,"column":26}},"loc":{"start":{"line":135,"column":42},"end":{"line":139,"column":1}},"line":135},"21":{"name":"(anonymous_21)","decl":{"start":{"line":137,"column":14},"end":{"line":137,"column":15}},"loc":{"start":{"line":137,"column":66},"end":{"line":137,"column":111}},"line":137}},"branchMap":{"0":{"loc":{"start":{"line":10,"column":7},"end":{"line":10,"column":30}},"type":"if","locations":[{"start":{"line":10,"column":7},"end":{"line":10,"column":30}},{"start":{"line":10,"column":7},"end":{"line":10,"column":30}}],"line":10},"1":{"loc":{"start":{"line":17,"column":4},"end":{"line":17,"column":27}},"type":"if","locations":[{"start":{"line":17,"column":4},"end":{"line":17,"column":27}},{"start":{"line":17,"column":4},"end":{"line":17,"column":27}}],"line":17},"2":{"loc":{"start":{"line":24,"column":8},"end":{"line":24,"column":40}},"type":"if","locations":[{"start":{"line":24,"column":8},"end":{"line":24,"column":40}},{"start":{"line":24,"column":8},"end":{"line":24,"column":40}}],"line":24},"3":{"loc":{"start":{"line":25,"column":8},"end":{"line":30,"column":9}},"type":"if","locations":[{"start":{"line":25,"column":8},"end":{"line":30,"column":9}},{"start":{"line":25,"column":8},"end":{"line":30,"column":9}}],"line":25},"4":{"loc":{"start":{"line":27,"column":16},"end":{"line":27,"column":57}},"type":"if","locations":[{"start":{"line":27,"column":16},"end":{"line":27,"column":57}},{"start":{"line":27,"column":16},"end":{"line":27,"column":57}}],"line":27},"5":{"loc":{"start":{"line":28,"column":16},"end":{"line":28,"column":49}},"type":"if","locations":[{"start":{"line":28,"column":16},"end":{"line":28,"column":49}},{"start":{"line":28,"column":16},"end":{"line":28,"column":49}}],"line":28},"6":{"loc":{"start":{"line":64,"column":8},"end":{"line":64,"column":60}},"type":"if","locations":[{"start":{"line":64,"column":8},"end":{"line":64,"column":60}},{"start":{"line":64,"column":8},"end":{"line":64,"column":60}}],"line":64}},"s":{"0":1,"1":1,"2":1,"3":1,"4":1,"5":0,"6":0,"7":0,"8":0,"9":0,"10":1,"11":0,"12":0,"13":0,"14":0,"15":0,"16":0,"17":1,"18":0,"19":0,"20":0,"21":0,"22":0,"23":0,"24":0,"25":0,"26":0,"27":0,"28":1,"29":0,"30":0,"31":1,"32":0,"33":0,"34":0,"35":0,"36":0,"37":0,"38":0,"39":0,"40":0,"41":0,"42":0,"43":1,"44":0,"45":0,"46":0,"47":0,"48":0,"49":0,"50":0,"51":0,"52":0,"53":1,"54":0,"55":0,"56":0,"57":1},"f":{"0":0,"1":0,"2":0,"3":0,"4":0,"5":0,"6":0,"7":0,"8":0,"9":0,"10":0,"11":0,"12":0,"13":0,"14":0,"15":0,"16":0,"17":0,"18":0,"19":0,"20":0,"21":0},"b":{"0":[0,0],"1":[0,0],"2":[0,0],"3":[0,0],"4":[0,0],"5":[0,0],"6":[0,0]},"_coverageSchema":"1a1c01bbd47fc00a2c39e90264f33305004495a9","hash":"3b4998a9f3881f4e035a7103667821ae35f66ba3","contentHash":"c0e1099828841d701ce9e429ff7fa13bc1cfcc2e625ce132df9e692e59f6cb8e"},"C:\\Users\\Dell\\Desktop\\Ranime\\models\\album.js":{"path":"C:\\Users\\Dell\\Desktop\\Ranime\\models\\album.js","statementMap":{"0":{"start":{"line":1,"column":17},"end":{"line":1,"column":36}},"1":{"start":{"line":2,"column":13},"end":{"line":2,"column":28}},"2":{"start":{"line":3,"column":15},"end":{"line":3,"column":42}},"3":{"start":{"line":4,"column":31},"end":{"line":4,"column":53}},"4":{"start":{"line":6,"column":22},"end":{"line":6,"column":50}},"5":{"start":{"line":9,"column":18},"end":{"line":32,"column":2}},"6":{"start":{"line":34,"column":0},"end":{"line":68,"column":1}},"7":{"start":{"line":35,"column":4},"end":{"line":35,"column":17}},"8":{"start":{"line":38,"column":4},"end":{"line":67,"column":9}},"9":{"start":{"line":40,"column":8},"end":{"line":44,"column":9}},"10":{"start":{"line":41,"column":12},"end":{"line":41,"column":36}},"11":{"start":{"line":42,"column":12},"end":{"line":42,"column":47}},"12":{"start":{"line":45,"column":8},"end":{"line":60,"column":9}},"13":{"start":{"line":46,"column":12},"end":{"line":46,"column":32}},"14":{"start":{"line":47,"column":12},"end":{"line":53,"column":15}},"15":{"start":{"line":48,"column":16},"end":{"line":48,"column":36}},"16":{"start":{"line":49,"column":16},"end":{"line":49,"column":50}},"17":{"start":{"line":51,"column":16},"end":{"line":51,"column":37}},"18":{"start":{"line":52,"column":16},"end":{"line":52,"column":41}},"19":{"start":{"line":56,"column":12},"end":{"line":56,"column":34}},"20":{"start":{"line":57,"column":12},"end":{"line":57,"column":44}},"21":{"start":{"line":58,"column":12},"end":{"line":58,"column":52}},"22":{"start":{"line":61,"column":8},"end":{"line":61,"column":30}},"23":{"start":{"line":62,"column":8},"end":{"line":62,"column":17}},"24":{"start":{"line":64,"column":8},"end":{"line":64,"column":25}},"25":{"start":{"line":65,"column":8},"end":{"line":65,"column":35}},"26":{"start":{"line":75,"column":12},"end":{"line":75,"column":49}},"27":{"start":{"line":78,"column":0},"end":{"line":78,"column":25}}},"fnMap":{"0":{"name":"(anonymous_0)","decl":{"start":{"line":34,"column":37},"end":{"line":34,"column":38}},"loc":{"start":{"line":34,"column":66},"end":{"line":68,"column":1}},"line":34},"1":{"name":"(anonymous_1)","decl":{"start":{"line":38,"column":48},"end":{"line":38,"column":49}},"loc":{"start":{"line":38,"column":59},"end":{"line":63,"column":5}},"line":38},"2":{"name":"(anonymous_2)","decl":{"start":{"line":47,"column":57},"end":{"line":47,"column":58}},"loc":{"start":{"line":47,"column":66},"end":{"line":50,"column":13}},"line":47},"3":{"name":"(anonymous_3)","decl":{"start":{"line":50,"column":21},"end":{"line":50,"column":22}},"loc":{"start":{"line":50,"column":28},"end":{"line":53,"column":13}},"line":50},"4":{"name":"(anonymous_4)","decl":{"start":{"line":63,"column":13},"end":{"line":63,"column":14}},"loc":{"start":{"line":63,"column":22},"end":{"line":66,"column":5}},"line":63}},"branchMap":{"0":{"loc":{"start":{"line":40,"column":8},"end":{"line":44,"column":9}},"type":"if","locations":[{"start":{"line":40,"column":8},"end":{"line":44,"column":9}},{"start":{"line":40,"column":8},"end":{"line":44,"column":9}}],"line":40},"1":{"loc":{"start":{"line":45,"column":8},"end":{"line":60,"column":9}},"type":"if","locations":[{"start":{"line":45,"column":8},"end":{"line":60,"column":9}},{"start":{"line":45,"column":8},"end":{"line":60,"column":9}}],"line":45}},"s":{"0":1,"1":1,"2":1,"3":1,"4":1,"5":1,"6":1,"7":0,"8":0,"9":0,"10":0,"11":0,"12":0,"13":0,"14":0,"15":0,"16":0,"17":0,"18":0,"19":0,"20":0,"21":0,"22":0,"23":0,"24":0,"25":0,"26":1,"27":1},"f":{"0":0,"1":0,"2":0,"3":0,"4":0},"b":{"0":[0,0],"1":[0,0]},"_coverageSchema":"1a1c01bbd47fc00a2c39e90264f33305004495a9","hash":"e9e9d1f064a5d7d55860700de16e735f4e01bca7","contentHash":"21a189b6d1a567d8fd42383cacbe9a2131875436368a95023fea78bb1376bd77"},"C:\\Users\\Dell\\Desktop\\Ranime\\defaultimage.js":{"path":"C:\\Users\\Dell\\Desktop\\Ranime\\defaultimage.js","statementMap":{"0":{"start":{"line":1,"column":9},"end":{"line":1,"column":22}},"1":{"start":{"line":2,"column":17},"end":{"line":2,"column":35}},"2":{"start":{"line":3,"column":19},"end":{"line":3,"column":46}},"3":{"start":{"line":5,"column":13},"end":{"line":5,"column":42}},"4":{"start":{"line":9,"column":23},"end":{"line":9,"column":47}},"5":{"start":{"line":10,"column":19},"end":{"line":10,"column":29}},"6":{"start":{"line":11,"column":0},"end":{"line":11,"column":54}},"7":{"start":{"line":12,"column":0},"end":{"line":12,"column":34}}},"fnMap":{},"branchMap":{},"s":{"0":1,"1":1,"2":1,"3":1,"4":1,"5":1,"6":1,"7":1},"f":{},"b":{},"_coverageSchema":"1a1c01bbd47fc00a2c39e90264f33305004495a9","hash":"0f311f29b77b25b047478f624793a646f08fda22","contentHash":"692cc061fcf4c1d322d1f989d89574186eafcc77b1d6c493193d68cf0c9910b6"},"C:\\Users\\Dell\\Desktop\\Ranime\\Services\\ArtistServices.js":{"path":"C:\\Users\\Dell\\Desktop\\Ranime\\Services\\ArtistServices.js","statementMap":{"0":{"start":{"line":2,"column":19},"end":{"line":2,"column":49}},"1":{"start":{"line":3,"column":17},"end":{"line":3,"column":50}},"2":{"start":{"line":5,"column":16},"end":{"line":5,"column":47}},"3":{"start":{"line":6,"column":16},"end":{"line":6,"column":47}},"4":{"start":{"line":7,"column":25},"end":{"line":9,"column":1}},"5":{"start":{"line":8,"column":4},"end":{"line":8,"column":40}},"6":{"start":{"line":10,"column":25},"end":{"line":12,"column":1}},"7":{"start":{"line":11,"column":4},"end":{"line":11,"column":40}},"8":{"start":{"line":15,"column":16},"end":{"line":30,"column":1}},"9":{"start":{"line":16,"column":18},"end":{"line":22,"column":6}},"10":{"start":{"line":23,"column":4},"end":{"line":23,"column":25}},"11":{"start":{"line":25,"column":4},"end":{"line":29,"column":7}},"12":{"start":{"line":26,"column":8},"end":{"line":26,"column":29}},"13":{"start":{"line":28,"column":8},"end":{"line":28,"column":25}},"14":{"start":{"line":33,"column":27},"end":{"line":38,"column":1}},"15":{"start":{"line":35,"column":4},"end":{"line":35,"column":84}},"16":{"start":{"line":39,"column":22},"end":{"line":48,"column":1}},"17":{"start":{"line":40,"column":4},"end":{"line":40,"column":24}},"18":{"start":{"line":41,"column":4},"end":{"line":47,"column":6}},"19":{"start":{"line":42,"column":8},"end":{"line":42,"column":85}},"20":{"start":{"line":42,"column":64},"end":{"line":42,"column":80}},"21":{"start":{"line":43,"column":8},"end":{"line":43,"column":83}},"22":{"start":{"line":43,"column":62},"end":{"line":43,"column":78}},"23":{"start":{"line":46,"column":8},"end":{"line":46,"column":35}},"24":{"start":{"line":49,"column":20},"end":{"line":59,"column":1}},"25":{"start":{"line":50,"column":4},"end":{"line":50,"column":20}},"26":{"start":{"line":51,"column":4},"end":{"line":51,"column":48}},"27":{"start":{"line":52,"column":4},"end":{"line":56,"column":6}},"28":{"start":{"line":53,"column":8},"end":{"line":53,"column":36}},"29":{"start":{"line":54,"column":8},"end":{"line":54,"column":30}},"30":{"start":{"line":61,"column":22},"end":{"line":84,"column":1}},"31":{"start":{"line":62,"column":4},"end":{"line":62,"column":51}},"32":{"start":{"line":63,"column":4},"end":{"line":82,"column":10}},"33":{"start":{"line":64,"column":8},"end":{"line":64,"column":23}},"34":{"start":{"line":65,"column":8},"end":{"line":65,"column":61}},"35":{"start":{"line":65,"column":34},"end":{"line":65,"column":61}},"36":{"start":{"line":66,"column":8},"end":{"line":66,"column":23}},"37":{"start":{"line":73,"column":8},"end":{"line":73,"column":83}},"38":{"start":{"line":73,"column":53},"end":{"line":73,"column":80}},"39":{"start":{"line":81,"column":12},"end":{"line":81,"column":39}},"40":{"start":{"line":85,"column":16},"end":{"line":98,"column":1}},"41":{"start":{"line":87,"column":21},"end":{"line":95,"column":6}},"42":{"start":{"line":89,"column":23},"end":{"line":89,"column":59}},"43":{"start":{"line":90,"column":22},"end":{"line":90,"column":116}},"44":{"start":{"line":90,"column":49},"end":{"line":90,"column":114}},"45":{"start":{"line":90,"column":81},"end":{"line":90,"column":105}},"46":{"start":{"line":92,"column":8},"end":{"line":92,"column":55}},"47":{"start":{"line":96,"column":4},"end":{"line":96,"column":56}},"48":{"start":{"line":99,"column":16},"end":{"line":111,"column":1}},"49":{"start":{"line":101,"column":21},"end":{"line":108,"column":6}},"50":{"start":{"line":103,"column":23},"end":{"line":103,"column":59}},"51":{"start":{"line":104,"column":22},"end":{"line":104,"column":116}},"52":{"start":{"line":104,"column":49},"end":{"line":104,"column":114}},"53":{"start":{"line":104,"column":81},"end":{"line":104,"column":105}},"54":{"start":{"line":105,"column":8},"end":{"line":105,"column":56}},"55":{"start":{"line":109,"column":4},"end":{"line":109,"column":56}},"56":{"start":{"line":112,"column":26},"end":{"line":117,"column":1}},"57":{"start":{"line":113,"column":4},"end":{"line":113,"column":37}},"58":{"start":{"line":114,"column":4},"end":{"line":114,"column":30}},"59":{"start":{"line":115,"column":4},"end":{"line":115,"column":109}},"60":{"start":{"line":115,"column":58},"end":{"line":115,"column":97}},"61":{"start":{"line":118,"column":0},"end":{"line":125,"column":1}}},"fnMap":{"0":{"name":"(anonymous_0)","decl":{"start":{"line":7,"column":25},"end":{"line":7,"column":26}},"loc":{"start":{"line":7,"column":39},"end":{"line":9,"column":1}},"line":7},"1":{"name":"(anonymous_1)","decl":{"start":{"line":10,"column":25},"end":{"line":10,"column":26}},"loc":{"start":{"line":10,"column":39},"end":{"line":12,"column":1}},"line":10},"2":{"name":"(anonymous_2)","decl":{"start":{"line":15,"column":16},"end":{"line":15,"column":17}},"loc":{"start":{"line":15,"column":64},"end":{"line":30,"column":1}},"line":15},"3":{"name":"(anonymous_3)","decl":{"start":{"line":25,"column":24},"end":{"line":25,"column":25}},"loc":{"start":{"line":25,"column":33},"end":{"line":27,"column":5}},"line":25},"4":{"name":"(anonymous_4)","decl":{"start":{"line":27,"column":7},"end":{"line":27,"column":8}},"loc":{"start":{"line":27,"column":16},"end":{"line":29,"column":5}},"line":27},"5":{"name":"(anonymous_5)","decl":{"start":{"line":33,"column":27},"end":{"line":33,"column":28}},"loc":{"start":{"line":33,"column":51},"end":{"line":38,"column":1}},"line":33},"6":{"name":"(anonymous_6)","decl":{"start":{"line":39,"column":22},"end":{"line":39,"column":23}},"loc":{"start":{"line":39,"column":46},"end":{"line":48,"column":1}},"line":39},"7":{"name":"(anonymous_7)","decl":{"start":{"line":41,"column":51},"end":{"line":41,"column":52}},"loc":{"start":{"line":41,"column":64},"end":{"line":44,"column":5}},"line":41},"8":{"name":"(anonymous_8)","decl":{"start":{"line":42,"column":45},"end":{"line":42,"column":46}},"loc":{"start":{"line":42,"column":62},"end":{"line":42,"column":82}},"line":42},"9":{"name":"(anonymous_9)","decl":{"start":{"line":43,"column":43},"end":{"line":43,"column":44}},"loc":{"start":{"line":43,"column":60},"end":{"line":43,"column":80}},"line":43},"10":{"name":"(anonymous_10)","decl":{"start":{"line":45,"column":12},"end":{"line":45,"column":13}},"loc":{"start":{"line":45,"column":21},"end":{"line":47,"column":5}},"line":45},"11":{"name":"(anonymous_11)","decl":{"start":{"line":49,"column":20},"end":{"line":49,"column":21}},"loc":{"start":{"line":49,"column":34},"end":{"line":59,"column":1}},"line":49},"12":{"name":"(anonymous_12)","decl":{"start":{"line":52,"column":36},"end":{"line":52,"column":37}},"loc":{"start":{"line":52,"column":45},"end":{"line":56,"column":5}},"line":52},"13":{"name":"(anonymous_13)","decl":{"start":{"line":61,"column":22},"end":{"line":61,"column":23}},"loc":{"start":{"line":61,"column":46},"end":{"line":84,"column":1}},"line":61},"14":{"name":"(anonymous_14)","decl":{"start":{"line":63,"column":51},"end":{"line":63,"column":52}},"loc":{"start":{"line":63,"column":70},"end":{"line":78,"column":5}},"line":63},"15":{"name":"(anonymous_15)","decl":{"start":{"line":73,"column":43},"end":{"line":73,"column":44}},"loc":{"start":{"line":73,"column":53},"end":{"line":73,"column":80}},"line":73},"16":{"name":"(anonymous_16)","decl":{"start":{"line":80,"column":15},"end":{"line":80,"column":16}},"loc":{"start":{"line":80,"column":24},"end":{"line":82,"column":9}},"line":80},"17":{"name":"(anonymous_17)","decl":{"start":{"line":85,"column":16},"end":{"line":85,"column":17}},"loc":{"start":{"line":85,"column":41},"end":{"line":98,"column":1}},"line":85},"18":{"name":"(anonymous_18)","decl":{"start":{"line":87,"column":33},"end":{"line":87,"column":34}},"loc":{"start":{"line":87,"column":49},"end":{"line":95,"column":5}},"line":87},"19":{"name":"(anonymous_19)","decl":{"start":{"line":90,"column":39},"end":{"line":90,"column":40}},"loc":{"start":{"line":90,"column":49},"end":{"line":90,"column":114}},"line":90},"20":{"name":"(anonymous_20)","decl":{"start":{"line":90,"column":50},"end":{"line":90,"column":51}},"loc":{"start":{"line":90,"column":81},"end":{"line":90,"column":105}},"line":90},"21":{"name":"(anonymous_21)","decl":{"start":{"line":99,"column":16},"end":{"line":99,"column":17}},"loc":{"start":{"line":99,"column":41},"end":{"line":111,"column":1}},"line":99},"22":{"name":"(anonymous_22)","decl":{"start":{"line":101,"column":33},"end":{"line":101,"column":34}},"loc":{"start":{"line":101,"column":49},"end":{"line":108,"column":5}},"line":101},"23":{"name":"(anonymous_23)","decl":{"start":{"line":104,"column":39},"end":{"line":104,"column":40}},"loc":{"start":{"line":104,"column":49},"end":{"line":104,"column":114}},"line":104},"24":{"name":"(anonymous_24)","decl":{"start":{"line":104,"column":50},"end":{"line":104,"column":51}},"loc":{"start":{"line":104,"column":81},"end":{"line":104,"column":105}},"line":104},"25":{"name":"(anonymous_25)","decl":{"start":{"line":112,"column":26},"end":{"line":112,"column":27}},"loc":{"start":{"line":112,"column":44},"end":{"line":117,"column":1}},"line":112},"26":{"name":"(anonymous_26)","decl":{"start":{"line":115,"column":13},"end":{"line":115,"column":14}},"loc":{"start":{"line":115,"column":58},"end":{"line":115,"column":97}},"line":115}},"branchMap":{"0":{"loc":{"start":{"line":65,"column":8},"end":{"line":65,"column":61}},"type":"if","locations":[{"start":{"line":65,"column":8},"end":{"line":65,"column":61}},{"start":{"line":65,"column":8},"end":{"line":65,"column":61}}],"line":65}},"s":{"0":1,"1":1,"2":1,"3":1,"4":1,"5":0,"6":1,"7":0,"8":1,"9":0,"10":0,"11":0,"12":0,"13":0,"14":1,"15":0,"16":1,"17":0,"18":0,"19":0,"20":0,"21":0,"22":0,"23":0,"24":1,"25":0,"26":0,"27":0,"28":0,"29":0,"30":1,"31":0,"32":0,"33":0,"34":0,"35":0,"36":0,"37":0,"38":0,"39":0,"40":1,"41":0,"42":0,"43":0,"44":0,"45":0,"46":0,"47":0,"48":1,"49":0,"50":0,"51":0,"52":0,"53":0,"54":0,"55":0,"56":1,"57":0,"58":0,"59":0,"60":0,"61":1},"f":{"0":0,"1":0,"2":0,"3":0,"4":0,"5":0,"6":0,"7":0,"8":0,"9":0,"10":0,"11":0,"12":0,"13":0,"14":0,"15":0,"16":0,"17":0,"18":0,"19":0,"20":0,"21":0,"22":0,"23":0,"24":0,"25":0,"26":0},"b":{"0":[0,0]},"_coverageSchema":"1a1c01bbd47fc00a2c39e90264f33305004495a9","hash":"156c7b2fde0e599ec6fe071037e174790786478e","contentHash":"4ffcde1d09dba27dca761647b43aed468a06a22d670310181a28b5b35f7bc629"},"C:\\Users\\Dell\\Desktop\\Ranime\\Services\\artistRelatedArtists.js":{"path":"C:\\Users\\Dell\\Desktop\\Ranime\\Services\\artistRelatedArtists.js","statementMap":{"0":{"start":{"line":1,"column":15},"end":{"line":1,"column":45}},"1":{"start":{"line":2,"column":13},"end":{"line":2,"column":46}},"2":{"start":{"line":7,"column":15},"end":{"line":7,"column":33}},"3":{"start":{"line":8,"column":17},"end":{"line":8,"column":35}},"4":{"start":{"line":9,"column":16},"end":{"line":9,"column":38}},"5":{"start":{"line":10,"column":11},"end":{"line":10,"column":42}},"6":{"start":{"line":12,"column":8},"end":{"line":12,"column":17}},"7":{"start":{"line":14,"column":0},"end":{"line":14,"column":27}},"8":{"start":{"line":20,"column":0},"end":{"line":62,"column":3}},"9":{"start":{"line":21,"column":16},"end":{"line":21,"column":36}},"10":{"start":{"line":22,"column":4},"end":{"line":61,"column":4}},"11":{"start":{"line":23,"column":8},"end":{"line":25,"column":9}},"12":{"start":{"line":24,"column":12},"end":{"line":24,"column":36}},"13":{"start":{"line":27,"column":15},"end":{"line":27,"column":32}},"14":{"start":{"line":28,"column":4},"end":{"line":30,"column":5}},"15":{"start":{"line":29,"column":8},"end":{"line":29,"column":58}},"16":{"start":{"line":31,"column":4},"end":{"line":33,"column":5}},"17":{"start":{"line":32,"column":8},"end":{"line":32,"column":50}},"18":{"start":{"line":34,"column":4},"end":{"line":58,"column":6}},"19":{"start":{"line":35,"column":8},"end":{"line":37,"column":9}},"20":{"start":{"line":36,"column":12},"end":{"line":36,"column":56}},"21":{"start":{"line":39,"column":8},"end":{"line":53,"column":10}},"22":{"start":{"line":40,"column":8},"end":{"line":49,"column":9}},"23":{"start":{"line":40,"column":22},"end":{"line":40,"column":23}},"24":{"start":{"line":42,"column":12},"end":{"line":48,"column":13}},"25":{"start":{"line":43,"column":30},"end":{"line":43,"column":53}},"26":{"start":{"line":44,"column":16},"end":{"line":44,"column":86}},"27":{"start":{"line":45,"column":16},"end":{"line":45,"column":72}},"28":{"start":{"line":46,"column":16},"end":{"line":46,"column":39}},"29":{"start":{"line":47,"column":16},"end":{"line":47,"column":22}},"30":{"start":{"line":50,"column":8},"end":{"line":50,"column":47}},"31":{"start":{"line":52,"column":12},"end":{"line":52,"column":58}},"32":{"start":{"line":57,"column":8},"end":{"line":57,"column":54}},"33":{"start":{"line":60,"column":4},"end":{"line":60,"column":48}},"34":{"start":{"line":64,"column":0},"end":{"line":68,"column":1}},"35":{"start":{"line":65,"column":4},"end":{"line":67,"column":7}},"36":{"start":{"line":66,"column":8},"end":{"line":66,"column":44}},"37":{"start":{"line":69,"column":0},"end":{"line":69,"column":21}}},"fnMap":{"0":{"name":"(anonymous_0)","decl":{"start":{"line":20,"column":33},"end":{"line":20,"column":34}},"loc":{"start":{"line":20,"column":44},"end":{"line":62,"column":1}},"line":20},"1":{"name":"(anonymous_1)","decl":{"start":{"line":22,"column":33},"end":{"line":22,"column":34}},"loc":{"start":{"line":22,"column":41},"end":{"line":59,"column":3}},"line":22},"2":{"name":"(anonymous_2)","decl":{"start":{"line":34,"column":33},"end":{"line":34,"column":34}},"loc":{"start":{"line":34,"column":46},"end":{"line":55,"column":5}},"line":34},"3":{"name":"(anonymous_3)","decl":{"start":{"line":39,"column":58},"end":{"line":39,"column":59}},"loc":{"start":{"line":39,"column":78},"end":{"line":51,"column":9}},"line":39},"4":{"name":"(anonymous_4)","decl":{"start":{"line":51,"column":10},"end":{"line":51,"column":11}},"loc":{"start":{"line":51,"column":15},"end":{"line":53,"column":9}},"line":51},"5":{"name":"(anonymous_5)","decl":{"start":{"line":55,"column":6},"end":{"line":55,"column":7}},"loc":{"start":{"line":55,"column":11},"end":{"line":58,"column":5}},"line":55},"6":{"name":"(anonymous_6)","decl":{"start":{"line":59,"column":11},"end":{"line":59,"column":12}},"loc":{"start":{"line":59,"column":16},"end":{"line":61,"column":3}},"line":59},"7":{"name":"(anonymous_7)","decl":{"start":{"line":65,"column":20},"end":{"line":65,"column":21}},"loc":{"start":{"line":65,"column":24},"end":{"line":67,"column":5}},"line":65}},"branchMap":{"0":{"loc":{"start":{"line":23,"column":8},"end":{"line":25,"column":9}},"type":"if","locations":[{"start":{"line":23,"column":8},"end":{"line":25,"column":9}},{"start":{"line":23,"column":8},"end":{"line":25,"column":9}}],"line":23},"1":{"loc":{"start":{"line":28,"column":4},"end":{"line":30,"column":5}},"type":"if","locations":[{"start":{"line":28,"column":4},"end":{"line":30,"column":5}},{"start":{"line":28,"column":4},"end":{"line":30,"column":5}}],"line":28},"2":{"loc":{"start":{"line":31,"column":4},"end":{"line":33,"column":5}},"type":"if","locations":[{"start":{"line":31,"column":4},"end":{"line":33,"column":5}},{"start":{"line":31,"column":4},"end":{"line":33,"column":5}}],"line":31},"3":{"loc":{"start":{"line":35,"column":8},"end":{"line":37,"column":9}},"type":"if","locations":[{"start":{"line":35,"column":8},"end":{"line":37,"column":9}},{"start":{"line":35,"column":8},"end":{"line":37,"column":9}}],"line":35},"4":{"loc":{"start":{"line":42,"column":12},"end":{"line":48,"column":13}},"type":"if","locations":[{"start":{"line":42,"column":12},"end":{"line":48,"column":13}},{"start":{"line":42,"column":12},"end":{"line":48,"column":13}}],"line":42},"5":{"loc":{"start":{"line":64,"column":0},"end":{"line":68,"column":1}},"type":"if","locations":[{"start":{"line":64,"column":0},"end":{"line":68,"column":1}},{"start":{"line":64,"column":0},"end":{"line":68,"column":1}}],"line":64}},"s":{"0":1,"1":1,"2":1,"3":1,"4":1,"5":1,"6":1,"7":1,"8":1,"9":0,"10":0,"11":0,"12":0,"13":0,"14":0,"15":0,"16":0,"17":0,"18":0,"19":0,"20":0,"21":0,"22":0,"23":0,"24":0,"25":0,"26":0,"27":0,"28":0,"29":0,"30":0,"31":0,"32":0,"33":0,"34":1,"35":0,"36":0,"37":1},"f":{"0":0,"1":0,"2":0,"3":0,"4":0,"5":0,"6":0,"7":0},"b":{"0":[0,0],"1":[0,0],"2":[0,0],"3":[0,0],"4":[0,0],"5":[0,1]},"_coverageSchema":"1a1c01bbd47fc00a2c39e90264f33305004495a9","hash":"a66ea675f0be402121dd4717910150825fee9f03","contentHash":"d1a082cb9d93c7aaf9cc393ae2e1f0b5daa468cc6af9e2e518bdd7c166874e50"},"C:\\Users\\Dell\\Desktop\\Ranime\\models\\users.js":{"path":"C:\\Users\\Dell\\Desktop\\Ranime\\models\\users.js","statementMap":{"0":{"start":{"line":1,"column":17},"end":{"line":1,"column":36}},"1":{"start":{"line":2,"column":12},"end":{"line":2,"column":35}},"2":{"start":{"line":3,"column":15},"end":{"line":3,"column":34}},"3":{"start":{"line":4,"column":15},"end":{"line":4,"column":20}},"4":{"start":{"line":5,"column":18},"end":{"line":5,"column":38}},"5":{"start":{"line":6,"column":31},"end":{"line":6,"column":53}},"6":{"start":{"line":8,"column":22},"end":{"line":8,"column":50}},"7":{"start":{"line":11,"column":17},"end":{"line":72,"column":2}},"8":{"start":{"line":75,"column":0},"end":{"line":99,"column":2}},"9":{"start":{"line":76,"column":4},"end":{"line":76,"column":29}},"10":{"start":{"line":77,"column":15},"end":{"line":77,"column":19}},"11":{"start":{"line":78,"column":4},"end":{"line":78,"column":30}},"12":{"start":{"line":79,"column":4},"end":{"line":97,"column":7}},"13":{"start":{"line":80,"column":8},"end":{"line":80,"column":34}},"14":{"start":{"line":81,"column":8},"end":{"line":85,"column":9}},"15":{"start":{"line":82,"column":12},"end":{"line":82,"column":36}},"16":{"start":{"line":83,"column":12},"end":{"line":83,"column":36}},"17":{"start":{"line":86,"column":8},"end":{"line":96,"column":10}},"18":{"start":{"line":87,"column":12},"end":{"line":95,"column":15}},"19":{"start":{"line":88,"column":16},"end":{"line":94,"column":17}},"20":{"start":{"line":89,"column":20},"end":{"line":89,"column":43}},"21":{"start":{"line":90,"column":20},"end":{"line":90,"column":34}},"22":{"start":{"line":92,"column":20},"end":{"line":92,"column":53}},"23":{"start":{"line":93,"column":20},"end":{"line":93,"column":29}},"24":{"start":{"line":101,"column":0},"end":{"line":112,"column":1}},"25":{"start":{"line":102,"column":15},"end":{"line":102,"column":19}},"26":{"start":{"line":103,"column":17},"end":{"line":103,"column":23}},"27":{"start":{"line":105,"column":16},"end":{"line":105,"column":96}},"28":{"start":{"line":107,"column":4},"end":{"line":111,"column":7}},"29":{"start":{"line":109,"column":8},"end":{"line":109,"column":23}},"30":{"start":{"line":114,"column":0},"end":{"line":127,"column":2}},"31":{"start":{"line":115,"column":15},"end":{"line":115,"column":19}},"32":{"start":{"line":118,"column":4},"end":{"line":122,"column":5}},"33":{"start":{"line":119,"column":8},"end":{"line":119,"column":57}},"34":{"start":{"line":121,"column":7},"end":{"line":121,"column":31}},"35":{"start":{"line":123,"column":4},"end":{"line":125,"column":7}},"36":{"start":{"line":129,"column":0},"end":{"line":150,"column":2}},"37":{"start":{"line":130,"column":15},"end":{"line":130,"column":19}},"38":{"start":{"line":133,"column":4},"end":{"line":137,"column":5}},"39":{"start":{"line":134,"column":8},"end":{"line":134,"column":57}},"40":{"start":{"line":136,"column":7},"end":{"line":136,"column":31}},"41":{"start":{"line":140,"column":4},"end":{"line":147,"column":3}},"42":{"start":{"line":171,"column":0},"end":{"line":184,"column":5}},"43":{"start":{"line":172,"column":13},"end":{"line":172,"column":17}},"44":{"start":{"line":173,"column":15},"end":{"line":173,"column":22}},"45":{"start":{"line":174,"column":14},"end":{"line":174,"column":78}},"46":{"start":{"line":175,"column":4},"end":{"line":175,"column":26}},"47":{"start":{"line":176,"column":4},"end":{"line":176,"column":22}},"48":{"start":{"line":177,"column":4},"end":{"line":182,"column":6}},"49":{"start":{"line":178,"column":8},"end":{"line":181,"column":11}},"50":{"start":{"line":179,"column":12},"end":{"line":179,"column":27}},"51":{"start":{"line":188,"column":4},"end":{"line":204,"column":6}},"52":{"start":{"line":189,"column":19},"end":{"line":189,"column":23}},"53":{"start":{"line":191,"column":14},"end":{"line":191,"column":19}},"54":{"start":{"line":192,"column":8},"end":{"line":196,"column":9}},"55":{"start":{"line":193,"column":12},"end":{"line":193,"column":61}},"56":{"start":{"line":195,"column":11},"end":{"line":195,"column":35}},"57":{"start":{"line":197,"column":8},"end":{"line":202,"column":11}},"58":{"start":{"line":207,"column":4},"end":{"line":210,"column":6}},"59":{"start":{"line":208,"column":19},"end":{"line":208,"column":23}},"60":{"start":{"line":209,"column":8},"end":{"line":209,"column":46}},"61":{"start":{"line":218,"column":15},"end":{"line":218,"column":50}},"62":{"start":{"line":222,"column":0},"end":{"line":224,"column":2}}},"fnMap":{"0":{"name":"(anonymous_0)","decl":{"start":{"line":75,"column":39},"end":{"line":75,"column":40}},"loc":{"start":{"line":75,"column":66},"end":{"line":99,"column":1}},"line":75},"1":{"name":"(anonymous_1)","decl":{"start":{"line":79,"column":40},"end":{"line":79,"column":41}},"loc":{"start":{"line":79,"column":50},"end":{"line":97,"column":5}},"line":79},"2":{"name":"(anonymous_2)","decl":{"start":{"line":86,"column":27},"end":{"line":86,"column":28}},"loc":{"start":{"line":86,"column":48},"end":{"line":96,"column":9}},"line":86},"3":{"name":"(anonymous_3)","decl":{"start":{"line":87,"column":52},"end":{"line":87,"column":53}},"loc":{"start":{"line":87,"column":66},"end":{"line":95,"column":13}},"line":87},"4":{"name":"(anonymous_4)","decl":{"start":{"line":101,"column":39},"end":{"line":101,"column":40}},"loc":{"start":{"line":101,"column":51},"end":{"line":112,"column":1}},"line":101},"5":{"name":"(anonymous_5)","decl":{"start":{"line":107,"column":23},"end":{"line":107,"column":24}},"loc":{"start":{"line":107,"column":44},"end":{"line":111,"column":5}},"line":107},"6":{"name":"(anonymous_6)","decl":{"start":{"line":114,"column":33},"end":{"line":114,"column":34}},"loc":{"start":{"line":114,"column":50},"end":{"line":127,"column":1}},"line":114},"7":{"name":"(anonymous_7)","decl":{"start":{"line":129,"column":37},"end":{"line":129,"column":38}},"loc":{"start":{"line":129,"column":54},"end":{"line":150,"column":1}},"line":129},"8":{"name":"(anonymous_8)","decl":{"start":{"line":171,"column":38},"end":{"line":171,"column":39}},"loc":{"start":{"line":171,"column":48},"end":{"line":184,"column":5}},"line":171},"9":{"name":"(anonymous_9)","decl":{"start":{"line":177,"column":28},"end":{"line":177,"column":29}},"loc":{"start":{"line":177,"column":32},"end":{"line":182,"column":5}},"line":177},"10":{"name":"(anonymous_10)","decl":{"start":{"line":178,"column":27},"end":{"line":178,"column":28}},"loc":{"start":{"line":178,"column":48},"end":{"line":181,"column":9}},"line":178},"11":{"name":"(anonymous_11)","decl":{"start":{"line":188,"column":42},"end":{"line":188,"column":43}},"loc":{"start":{"line":188,"column":59},"end":{"line":204,"column":5}},"line":188},"12":{"name":"(anonymous_12)","decl":{"start":{"line":207,"column":37},"end":{"line":207,"column":38}},"loc":{"start":{"line":207,"column":57},"end":{"line":210,"column":5}},"line":207}},"branchMap":{"0":{"loc":{"start":{"line":81,"column":8},"end":{"line":85,"column":9}},"type":"if","locations":[{"start":{"line":81,"column":8},"end":{"line":85,"column":9}},{"start":{"line":81,"column":8},"end":{"line":85,"column":9}}],"line":81},"1":{"loc":{"start":{"line":88,"column":16},"end":{"line":94,"column":17}},"type":"if","locations":[{"start":{"line":88,"column":16},"end":{"line":94,"column":17}},{"start":{"line":88,"column":16},"end":{"line":94,"column":17}}],"line":88}},"s":{"0":1,"1":1,"2":1,"3":1,"4":1,"5":1,"6":1,"7":1,"8":1,"9":0,"10":0,"11":0,"12":0,"13":0,"14":0,"15":0,"16":0,"17":0,"18":0,"19":0,"20":0,"21":0,"22":0,"23":0,"24":1,"25":7,"26":7,"27":7,"28":7,"29":7,"30":1,"31":8,"32":8,"33":8,"34":1,"35":7,"36":1,"37":0,"38":0,"39":0,"40":0,"41":0,"42":1,"43":0,"44":0,"45":0,"46":0,"47":0,"48":0,"49":0,"50":0,"51":1,"52":0,"53":0,"54":0,"55":0,"56":0,"57":0,"58":1,"59":0,"60":0,"61":1,"62":1},"f":{"0":0,"1":0,"2":0,"3":0,"4":7,"5":7,"6":8,"7":0,"8":0,"9":0,"10":0,"11":0,"12":0},"b":{"0":[0,0],"1":[0,0]},"_coverageSchema":"1a1c01bbd47fc00a2c39e90264f33305004495a9","hash":"0c58973bebc2b665dc31d6862ce0bbcc7d36345b","contentHash":"a6eae5fa15e69c832c96470616a39de40a01776a85e2bb61d80169c6693f7457"},"C:\\Users\\Dell\\Desktop\\Ranime\\Services\\AuthenticationService.js":{"path":"C:\\Users\\Dell\\Desktop\\Ranime\\Services\\AuthenticationService.js","statementMap":{"0":{"start":{"line":2,"column":16},"end":{"line":2,"column":34}},"1":{"start":{"line":3,"column":12},"end":{"line":3,"column":35}},"2":{"start":{"line":4,"column":27},"end":{"line":26,"column":1}},"3":{"start":{"line":5,"column":16},"end":{"line":5,"column":36}},"4":{"start":{"line":6,"column":4},"end":{"line":6,"column":30}},"5":{"start":{"line":7,"column":4},"end":{"line":25,"column":5}},"6":{"start":{"line":8,"column":8},"end":{"line":8,"column":59}},"7":{"start":{"line":9,"column":8},"end":{"line":9,"column":33}},"8":{"start":{"line":10,"column":8},"end":{"line":10,"column":34}},"9":{"start":{"line":11,"column":8},"end":{"line":11,"column":15}},"10":{"start":{"line":14,"column":8},"end":{"line":14,"column":41}},"11":{"start":{"line":15,"column":8},"end":{"line":24,"column":9}},"12":{"start":{"line":16,"column":12},"end":{"line":16,"column":39}},"13":{"start":{"line":17,"column":12},"end":{"line":17,"column":64}},"14":{"start":{"line":18,"column":12},"end":{"line":18,"column":37}},"15":{"start":{"line":19,"column":12},"end":{"line":19,"column":35}},"16":{"start":{"line":20,"column":12},"end":{"line":20,"column":19}},"17":{"start":{"line":23,"column":12},"end":{"line":23,"column":55}},"18":{"start":{"line":27,"column":26},"end":{"line":39,"column":1}},"19":{"start":{"line":28,"column":16},"end":{"line":28,"column":36}},"20":{"start":{"line":29,"column":8},"end":{"line":38,"column":9}},"21":{"start":{"line":30,"column":12},"end":{"line":30,"column":39}},"22":{"start":{"line":31,"column":29},"end":{"line":31,"column":68}},"23":{"start":{"line":32,"column":12},"end":{"line":32,"column":37}},"24":{"start":{"line":33,"column":12},"end":{"line":33,"column":35}},"25":{"start":{"line":34,"column":12},"end":{"line":34,"column":19}},"26":{"start":{"line":37,"column":12},"end":{"line":37,"column":55}},"27":{"start":{"line":40,"column":0},"end":{"line":43,"column":1}}},"fnMap":{"0":{"name":"(anonymous_0)","decl":{"start":{"line":4,"column":27},"end":{"line":4,"column":28}},"loc":{"start":{"line":4,"column":47},"end":{"line":26,"column":1}},"line":4},"1":{"name":"(anonymous_1)","decl":{"start":{"line":27,"column":26},"end":{"line":27,"column":27}},"loc":{"start":{"line":27,"column":46},"end":{"line":39,"column":1}},"line":27}},"branchMap":{},"s":{"0":1,"1":1,"2":1,"3":0,"4":0,"5":0,"6":0,"7":0,"8":0,"9":0,"10":0,"11":0,"12":0,"13":0,"14":0,"15":0,"16":0,"17":0,"18":1,"19":0,"20":0,"21":0,"22":0,"23":0,"24":0,"25":0,"26":0,"27":1},"f":{"0":0,"1":0},"b":{},"_coverageSchema":"1a1c01bbd47fc00a2c39e90264f33305004495a9","hash":"32d9cf15b762fb7b0e547f8fb87be970969f03ef","contentHash":"670392ebb105f38733ee4c032d2e97bcf8b9a677551729c8d3e9baad2f633929"},"C:\\Users\\Dell\\Desktop\\Ranime\\Services\\Authorization.js":{"path":"C:\\Users\\Dell\\Desktop\\Ranime\\Services\\Authorization.js","statementMap":{"0":{"start":{"line":2,"column":12},"end":{"line":2,"column":35}},"1":{"start":{"line":3,"column":17},"end":{"line":5,"column":1}}},"fnMap":{"0":{"name":"(anonymous_0)","decl":{"start":{"line":3,"column":17},"end":{"line":3,"column":18}},"loc":{"start":{"line":3,"column":39},"end":{"line":5,"column":1}},"line":3}},"branchMap":{},"s":{"0":1,"1":1},"f":{"0":0},"b":{},"_coverageSchema":"1a1c01bbd47fc00a2c39e90264f33305004495a9","hash":"592c94e6053742d1e3d75f9690c9dd7c079b93a7","contentHash":"e44850f873d98fad19b77918dc96ce333ccc159298d1f4ffb341e8b3e9758f4d"},"C:\\Users\\Dell\\Desktop\\Ranime\\Services\\createplaylist.js":{"path":"C:\\Users\\Dell\\Desktop\\Ranime\\Services\\createplaylist.js","statementMap":{"0":{"start":{"line":2,"column":15},"end":{"line":2,"column":33}},"1":{"start":{"line":3,"column":16},"end":{"line":3,"column":38}},"2":{"start":{"line":4,"column":17},"end":{"line":4,"column":35}},"3":{"start":{"line":5,"column":9},"end":{"line":5,"column":22}},"4":{"start":{"line":7,"column":15},"end":{"line":7,"column":45}},"5":{"start":{"line":8,"column":15},"end":{"line":8,"column":50}},"6":{"start":{"line":9,"column":11},"end":{"line":9,"column":42}},"7":{"start":{"line":16,"column":8},"end":{"line":16,"column":17}},"8":{"start":{"line":18,"column":0},"end":{"line":18,"column":27}},"9":{"start":{"line":22,"column":0},"end":{"line":69,"column":3}},"10":{"start":{"line":24,"column":16},"end":{"line":24,"column":36}},"11":{"start":{"line":25,"column":4},"end":{"line":68,"column":6}},"12":{"start":{"line":26,"column":8},"end":{"line":28,"column":9}},"13":{"start":{"line":27,"column":12},"end":{"line":27,"column":36}},"14":{"start":{"line":29,"column":8},"end":{"line":31,"column":9}},"15":{"start":{"line":30,"column":12},"end":{"line":30,"column":69}},"16":{"start":{"line":37,"column":20},"end":{"line":37,"column":28}},"17":{"start":{"line":38,"column":8},"end":{"line":63,"column":11}},"18":{"start":{"line":39,"column":12},"end":{"line":62,"column":13}},"19":{"start":{"line":40,"column":39},"end":{"line":49,"column":18}},"20":{"start":{"line":48,"column":20},"end":{"line":48,"column":77}},"21":{"start":{"line":51,"column":16},"end":{"line":57,"column":19}},"22":{"start":{"line":52,"column":20},"end":{"line":52,"column":35}},"23":{"start":{"line":53,"column":20},"end":{"line":53,"column":46}},"24":{"start":{"line":55,"column":20},"end":{"line":55,"column":35}},"25":{"start":{"line":56,"column":20},"end":{"line":56,"column":72}},"26":{"start":{"line":60,"column":17},"end":{"line":62,"column":13}},"27":{"start":{"line":61,"column":16},"end":{"line":61,"column":92}},"28":{"start":{"line":67,"column":8},"end":{"line":67,"column":52}},"29":{"start":{"line":74,"column":0},"end":{"line":78,"column":1}},"30":{"start":{"line":75,"column":4},"end":{"line":77,"column":7}},"31":{"start":{"line":76,"column":8},"end":{"line":76,"column":44}},"32":{"start":{"line":79,"column":0},"end":{"line":79,"column":21}}},"fnMap":{"0":{"name":"(anonymous_0)","decl":{"start":{"line":22,"column":22},"end":{"line":22,"column":23}},"loc":{"start":{"line":22,"column":33},"end":{"line":69,"column":1}},"line":22},"1":{"name":"(anonymous_1)","decl":{"start":{"line":25,"column":33},"end":{"line":25,"column":34}},"loc":{"start":{"line":25,"column":41},"end":{"line":66,"column":5}},"line":25},"2":{"name":"(anonymous_2)","decl":{"start":{"line":38,"column":92},"end":{"line":38,"column":93}},"loc":{"start":{"line":38,"column":107},"end":{"line":63,"column":9}},"line":38},"3":{"name":"(anonymous_3)","decl":{"start":{"line":47,"column":18},"end":{"line":47,"column":19}},"loc":{"start":{"line":47,"column":23},"end":{"line":49,"column":17}},"line":47},"4":{"name":"(anonymous_4)","decl":{"start":{"line":51,"column":45},"end":{"line":51,"column":46}},"loc":{"start":{"line":51,"column":52},"end":{"line":54,"column":17}},"line":51},"5":{"name":"(anonymous_5)","decl":{"start":{"line":54,"column":25},"end":{"line":54,"column":26}},"loc":{"start":{"line":54,"column":30},"end":{"line":57,"column":17}},"line":54},"6":{"name":"(anonymous_6)","decl":{"start":{"line":66,"column":13},"end":{"line":66,"column":14}},"loc":{"start":{"line":66,"column":18},"end":{"line":68,"column":5}},"line":66},"7":{"name":"(anonymous_7)","decl":{"start":{"line":75,"column":20},"end":{"line":75,"column":21}},"loc":{"start":{"line":75,"column":24},"end":{"line":77,"column":5}},"line":75}},"branchMap":{"0":{"loc":{"start":{"line":26,"column":8},"end":{"line":28,"column":9}},"type":"if","locations":[{"start":{"line":26,"column":8},"end":{"line":28,"column":9}},{"start":{"line":26,"column":8},"end":{"line":28,"column":9}}],"line":26},"1":{"loc":{"start":{"line":29,"column":8},"end":{"line":31,"column":9}},"type":"if","locations":[{"start":{"line":29,"column":8},"end":{"line":31,"column":9}},{"start":{"line":29,"column":8},"end":{"line":31,"column":9}}],"line":29},"2":{"loc":{"start":{"line":39,"column":12},"end":{"line":62,"column":13}},"type":"if","locations":[{"start":{"line":39,"column":12},"end":{"line":62,"column":13}},{"start":{"line":39,"column":12},"end":{"line":62,"column":13}}],"line":39},"3":{"loc":{"start":{"line":60,"column":17},"end":{"line":62,"column":13}},"type":"if","locations":[{"start":{"line":60,"column":17},"end":{"line":62,"column":13}},{"start":{"line":60,"column":17},"end":{"line":62,"column":13}}],"line":60},"4":{"loc":{"start":{"line":74,"column":0},"end":{"line":78,"column":1}},"type":"if","locations":[{"start":{"line":74,"column":0},"end":{"line":78,"column":1}},{"start":{"line":74,"column":0},"end":{"line":78,"column":1}}],"line":74}},"s":{"0":1,"1":1,"2":1,"3":1,"4":1,"5":1,"6":1,"7":1,"8":1,"9":1,"10":0,"11":0,"12":0,"13":0,"14":0,"15":0,"16":0,"17":0,"18":0,"19":0,"20":0,"21":0,"22":0,"23":0,"24":0,"25":0,"26":0,"27":0,"28":0,"29":1,"30":0,"31":0,"32":1},"f":{"0":0,"1":0,"2":0,"3":0,"4":0,"5":0,"6":0,"7":0},"b":{"0":[0,0],"1":[0,0],"2":[0,0],"3":[0,0],"4":[0,1]},"_coverageSchema":"1a1c01bbd47fc00a2c39e90264f33305004495a9","hash":"aa5ee06cd812777aea957c27b7c670064c93a5a1","contentHash":"49f13822751a543b09f9c32b774f58b97d65279a2471d9e9685662ccd029028e"},"C:\\Users\\Dell\\Desktop\\Ranime\\models\\playlists.js":{"path":"C:\\Users\\Dell\\Desktop\\Ranime\\models\\playlists.js","statementMap":{"0":{"start":{"line":1,"column":14},"end":{"line":1,"column":33}},"1":{"start":{"line":2,"column":26},"end":{"line":2,"column":48}},"2":{"start":{"line":3,"column":20},"end":{"line":3,"column":48}},"3":{"start":{"line":5,"column":13},"end":{"line":41,"column":2}},"4":{"start":{"line":43,"column":0},"end":{"line":43,"column":26}}},"fnMap":{},"branchMap":{},"s":{"0":1,"1":1,"2":1,"3":1,"4":1},"f":{},"b":{},"_coverageSchema":"1a1c01bbd47fc00a2c39e90264f33305004495a9","hash":"0d4645482399f7cfc71e61789664ec637e48687d","contentHash":"8bcdc8d2291453d1412e079fe91ef6d2987fdf8dcb56c5a7a8b306dc1d95136a"},"C:\\Users\\Dell\\Desktop\\Ranime\\Services\\deleteplaylist.js":{"path":"C:\\Users\\Dell\\Desktop\\Ranime\\Services\\deleteplaylist.js","statementMap":{"0":{"start":{"line":2,"column":15},"end":{"line":2,"column":33}},"1":{"start":{"line":3,"column":17},"end":{"line":3,"column":35}},"2":{"start":{"line":4,"column":16},"end":{"line":4,"column":38}},"3":{"start":{"line":7,"column":11},"end":{"line":7,"column":42}},"4":{"start":{"line":8,"column":15},"end":{"line":8,"column":45}},"5":{"start":{"line":9,"column":15},"end":{"line":9,"column":50}},"6":{"start":{"line":12,"column":8},"end":{"line":12,"column":17}},"7":{"start":{"line":14,"column":0},"end":{"line":14,"column":27}},"8":{"start":{"line":17,"column":0},"end":{"line":42,"column":3}},"9":{"start":{"line":18,"column":16},"end":{"line":18,"column":36}},"10":{"start":{"line":19,"column":4},"end":{"line":41,"column":6}},"11":{"start":{"line":20,"column":8},"end":{"line":22,"column":9}},"12":{"start":{"line":21,"column":12},"end":{"line":21,"column":36}},"13":{"start":{"line":23,"column":16},"end":{"line":23,"column":24}},"14":{"start":{"line":24,"column":4},"end":{"line":26,"column":5}},"15":{"start":{"line":25,"column":8},"end":{"line":25,"column":71}},"16":{"start":{"line":27,"column":21},"end":{"line":27,"column":42}},"17":{"start":{"line":28,"column":4},"end":{"line":38,"column":6}},"18":{"start":{"line":29,"column":8},"end":{"line":32,"column":9}},"19":{"start":{"line":31,"column":12},"end":{"line":31,"column":71}},"20":{"start":{"line":34,"column":8},"end":{"line":34,"column":62}},"21":{"start":{"line":37,"column":8},"end":{"line":37,"column":58}},"22":{"start":{"line":40,"column":8},"end":{"line":40,"column":52}},"23":{"start":{"line":44,"column":0},"end":{"line":48,"column":1}},"24":{"start":{"line":45,"column":4},"end":{"line":47,"column":7}},"25":{"start":{"line":46,"column":8},"end":{"line":46,"column":44}},"26":{"start":{"line":49,"column":0},"end":{"line":49,"column":21}}},"fnMap":{"0":{"name":"(anonymous_0)","decl":{"start":{"line":17,"column":24},"end":{"line":17,"column":25}},"loc":{"start":{"line":17,"column":35},"end":{"line":42,"column":1}},"line":17},"1":{"name":"(anonymous_1)","decl":{"start":{"line":19,"column":33},"end":{"line":19,"column":34}},"loc":{"start":{"line":19,"column":41},"end":{"line":39,"column":5}},"line":19},"2":{"name":"(anonymous_2)","decl":{"start":{"line":28,"column":91},"end":{"line":28,"column":92}},"loc":{"start":{"line":28,"column":106},"end":{"line":36,"column":5}},"line":28},"3":{"name":"(anonymous_3)","decl":{"start":{"line":36,"column":13},"end":{"line":36,"column":14}},"loc":{"start":{"line":36,"column":18},"end":{"line":38,"column":5}},"line":36},"4":{"name":"(anonymous_4)","decl":{"start":{"line":39,"column":13},"end":{"line":39,"column":14}},"loc":{"start":{"line":39,"column":18},"end":{"line":41,"column":5}},"line":39},"5":{"name":"(anonymous_5)","decl":{"start":{"line":45,"column":20},"end":{"line":45,"column":21}},"loc":{"start":{"line":45,"column":24},"end":{"line":47,"column":5}},"line":45}},"branchMap":{"0":{"loc":{"start":{"line":20,"column":8},"end":{"line":22,"column":9}},"type":"if","locations":[{"start":{"line":20,"column":8},"end":{"line":22,"column":9}},{"start":{"line":20,"column":8},"end":{"line":22,"column":9}}],"line":20},"1":{"loc":{"start":{"line":24,"column":4},"end":{"line":26,"column":5}},"type":"if","locations":[{"start":{"line":24,"column":4},"end":{"line":26,"column":5}},{"start":{"line":24,"column":4},"end":{"line":26,"column":5}}],"line":24},"2":{"loc":{"start":{"line":29,"column":8},"end":{"line":32,"column":9}},"type":"if","locations":[{"start":{"line":29,"column":8},"end":{"line":32,"column":9}},{"start":{"line":29,"column":8},"end":{"line":32,"column":9}}],"line":29},"3":{"loc":{"start":{"line":44,"column":0},"end":{"line":48,"column":1}},"type":"if","locations":[{"start":{"line":44,"column":0},"end":{"line":48,"column":1}},{"start":{"line":44,"column":0},"end":{"line":48,"column":1}}],"line":44}},"s":{"0":1,"1":1,"2":1,"3":1,"4":1,"5":1,"6":1,"7":1,"8":1,"9":0,"10":0,"11":0,"12":0,"13":0,"14":0,"15":0,"16":0,"17":0,"18":0,"19":0,"20":0,"21":0,"22":0,"23":1,"24":0,"25":0,"26":1},"f":{"0":0,"1":0,"2":0,"3":0,"4":0,"5":0},"b":{"0":[0,0],"1":[0,0],"2":[0,0],"3":[0,1]},"_coverageSchema":"1a1c01bbd47fc00a2c39e90264f33305004495a9","hash":"f32ba6c98065596f0ccdc121b8d93ff373f24f7a","contentHash":"6e74036053f09fa7dc8d586abf6df3b61e0f9b0ce8e2fcda20c5f87e61ae8538"},"C:\\Users\\Dell\\Desktop\\Ranime\\Services\\deletetrack.js":{"path":"C:\\Users\\Dell\\Desktop\\Ranime\\Services\\deletetrack.js","statementMap":{"0":{"start":{"line":2,"column":15},"end":{"line":2,"column":33}},"1":{"start":{"line":3,"column":17},"end":{"line":3,"column":35}},"2":{"start":{"line":4,"column":16},"end":{"line":4,"column":38}},"3":{"start":{"line":7,"column":15},"end":{"line":7,"column":45}},"4":{"start":{"line":8,"column":11},"end":{"line":8,"column":42}},"5":{"start":{"line":9,"column":13},"end":{"line":9,"column":46}},"6":{"start":{"line":12,"column":8},"end":{"line":12,"column":17}},"7":{"start":{"line":14,"column":0},"end":{"line":14,"column":27}},"8":{"start":{"line":16,"column":0},"end":{"line":43,"column":3}},"9":{"start":{"line":17,"column":16},"end":{"line":17,"column":36}},"10":{"start":{"line":18,"column":4},"end":{"line":42,"column":6}},"11":{"start":{"line":19,"column":8},"end":{"line":21,"column":9}},"12":{"start":{"line":20,"column":12},"end":{"line":20,"column":36}},"13":{"start":{"line":22,"column":19},"end":{"line":22,"column":31}},"14":{"start":{"line":23,"column":4},"end":{"line":25,"column":5}},"15":{"start":{"line":24,"column":8},"end":{"line":24,"column":69}},"16":{"start":{"line":26,"column":19},"end":{"line":26,"column":37}},"17":{"start":{"line":29,"column":4},"end":{"line":39,"column":6}},"18":{"start":{"line":30,"column":8},"end":{"line":33,"column":9}},"19":{"start":{"line":32,"column":12},"end":{"line":32,"column":73}},"20":{"start":{"line":35,"column":8},"end":{"line":35,"column":78}},"21":{"start":{"line":38,"column":8},"end":{"line":38,"column":55}},"22":{"start":{"line":41,"column":8},"end":{"line":41,"column":52}},"23":{"start":{"line":48,"column":0},"end":{"line":52,"column":1}},"24":{"start":{"line":49,"column":4},"end":{"line":51,"column":7}},"25":{"start":{"line":50,"column":8},"end":{"line":50,"column":44}},"26":{"start":{"line":53,"column":0},"end":{"line":53,"column":21}}},"fnMap":{"0":{"name":"(anonymous_0)","decl":{"start":{"line":16,"column":21},"end":{"line":16,"column":22}},"loc":{"start":{"line":16,"column":32},"end":{"line":43,"column":1}},"line":16},"1":{"name":"(anonymous_1)","decl":{"start":{"line":18,"column":35},"end":{"line":18,"column":36}},"loc":{"start":{"line":18,"column":47},"end":{"line":40,"column":5}},"line":18},"2":{"name":"(anonymous_2)","decl":{"start":{"line":29,"column":88},"end":{"line":29,"column":89}},"loc":{"start":{"line":29,"column":101},"end":{"line":37,"column":5}},"line":29},"3":{"name":"(anonymous_3)","decl":{"start":{"line":37,"column":13},"end":{"line":37,"column":14}},"loc":{"start":{"line":37,"column":18},"end":{"line":39,"column":5}},"line":37},"4":{"name":"(anonymous_4)","decl":{"start":{"line":40,"column":13},"end":{"line":40,"column":14}},"loc":{"start":{"line":40,"column":18},"end":{"line":42,"column":5}},"line":40},"5":{"name":"(anonymous_5)","decl":{"start":{"line":49,"column":20},"end":{"line":49,"column":21}},"loc":{"start":{"line":49,"column":24},"end":{"line":51,"column":5}},"line":49}},"branchMap":{"0":{"loc":{"start":{"line":19,"column":8},"end":{"line":21,"column":9}},"type":"if","locations":[{"start":{"line":19,"column":8},"end":{"line":21,"column":9}},{"start":{"line":19,"column":8},"end":{"line":21,"column":9}}],"line":19},"1":{"loc":{"start":{"line":23,"column":4},"end":{"line":25,"column":5}},"type":"if","locations":[{"start":{"line":23,"column":4},"end":{"line":25,"column":5}},{"start":{"line":23,"column":4},"end":{"line":25,"column":5}}],"line":23},"2":{"loc":{"start":{"line":30,"column":8},"end":{"line":33,"column":9}},"type":"if","locations":[{"start":{"line":30,"column":8},"end":{"line":33,"column":9}},{"start":{"line":30,"column":8},"end":{"line":33,"column":9}}],"line":30},"3":{"loc":{"start":{"line":48,"column":0},"end":{"line":52,"column":1}},"type":"if","locations":[{"start":{"line":48,"column":0},"end":{"line":52,"column":1}},{"start":{"line":48,"column":0},"end":{"line":52,"column":1}}],"line":48}},"s":{"0":1,"1":1,"2":1,"3":1,"4":1,"5":1,"6":1,"7":1,"8":1,"9":0,"10":0,"11":0,"12":0,"13":0,"14":0,"15":0,"16":0,"17":0,"18":0,"19":0,"20":0,"21":0,"22":0,"23":1,"24":0,"25":0,"26":1},"f":{"0":0,"1":0,"2":0,"3":0,"4":0,"5":0},"b":{"0":[0,0],"1":[0,0],"2":[0,0],"3":[0,1]},"_coverageSchema":"1a1c01bbd47fc00a2c39e90264f33305004495a9","hash":"907fcba9a3d53a21213ef010cc9af8b7e6c16beb","contentHash":"3a511ca8e4042753926e67e3c20f5eadbcd14a0926a3a7200e54f8ea09559148"},"C:\\Users\\Dell\\Desktop\\Ranime\\Services\\deleteTrackFromPlaylist.js":{"path":"C:\\Users\\Dell\\Desktop\\Ranime\\Services\\deleteTrackFromPlaylist.js","statementMap":{"0":{"start":{"line":2,"column":15},"end":{"line":2,"column":33}},"1":{"start":{"line":3,"column":17},"end":{"line":3,"column":35}},"2":{"start":{"line":4,"column":16},"end":{"line":4,"column":38}},"3":{"start":{"line":6,"column":15},"end":{"line":6,"column":45}},"4":{"start":{"line":7,"column":11},"end":{"line":7,"column":42}},"5":{"start":{"line":8,"column":11},"end":{"line":8,"column":42}},"6":{"start":{"line":9,"column":15},"end":{"line":9,"column":50}},"7":{"start":{"line":12,"column":8},"end":{"line":12,"column":17}},"8":{"start":{"line":14,"column":0},"end":{"line":14,"column":27}},"9":{"start":{"line":16,"column":0},"end":{"line":72,"column":3}},"10":{"start":{"line":17,"column":16},"end":{"line":17,"column":36}},"11":{"start":{"line":18,"column":4},"end":{"line":71,"column":6}},"12":{"start":{"line":19,"column":8},"end":{"line":21,"column":9}},"13":{"start":{"line":20,"column":12},"end":{"line":20,"column":36}},"14":{"start":{"line":22,"column":16},"end":{"line":22,"column":24}},"15":{"start":{"line":23,"column":4},"end":{"line":25,"column":5}},"16":{"start":{"line":24,"column":8},"end":{"line":24,"column":98}},"17":{"start":{"line":26,"column":4},"end":{"line":28,"column":5}},"18":{"start":{"line":27,"column":8},"end":{"line":27,"column":81}},"19":{"start":{"line":29,"column":17},"end":{"line":29,"column":33}},"20":{"start":{"line":30,"column":4},"end":{"line":32,"column":5}},"21":{"start":{"line":31,"column":8},"end":{"line":31,"column":56}},"22":{"start":{"line":34,"column":21},"end":{"line":34,"column":42}},"23":{"start":{"line":35,"column":4},"end":{"line":68,"column":6}},"24":{"start":{"line":36,"column":8},"end":{"line":39,"column":9}},"25":{"start":{"line":38,"column":12},"end":{"line":38,"column":62}},"26":{"start":{"line":41,"column":8},"end":{"line":64,"column":11}},"27":{"start":{"line":42,"column":12},"end":{"line":62,"column":13}},"28":{"start":{"line":43,"column":16},"end":{"line":43,"column":76}},"29":{"start":{"line":46,"column":31},"end":{"line":46,"column":47}},"30":{"start":{"line":47,"column":16},"end":{"line":55,"column":17}},"31":{"start":{"line":47,"column":30},"end":{"line":47,"column":31}},"32":{"start":{"line":48,"column":20},"end":{"line":54,"column":21}},"33":{"start":{"line":49,"column":38},"end":{"line":49,"column":54}},"34":{"start":{"line":50,"column":24},"end":{"line":52,"column":25}},"35":{"start":{"line":50,"column":40},"end":{"line":50,"column":45}},"36":{"start":{"line":51,"column":28},"end":{"line":51,"column":65}},"37":{"start":{"line":53,"column":23},"end":{"line":53,"column":39}},"38":{"start":{"line":56,"column":16},"end":{"line":59,"column":19}},"39":{"start":{"line":60,"column":16},"end":{"line":60,"column":84}},"40":{"start":{"line":67,"column":8},"end":{"line":67,"column":77}},"41":{"start":{"line":70,"column
[...]
line":33,"column":59}},"19":{"start":{"line":35,"column":8},"end":{"line":35,"column":61}},"20":{"start":{"line":39,"column":4},"end":{"line":39,"column":56}},"21":{"start":{"line":42,"column":28},"end":{"line":46,"column":1}},"22":{"start":{"line":43,"column":4},"end":{"line":43,"column":41}},"23":{"start":{"line":44,"column":4},"end":{"line":44,"column":125}},"24":{"start":{"line":44,"column":66},"end":{"line":44,"column":111}},"25":{"start":{"line":48,"column":0},"end":{"line":51,"column":1}}},"fnMap":{"0":{"name":"(anonymous_0)","decl":{"start":{"line":6,"column":29},"end":{"line":6,"column":30}},"loc":{"start":{"line":6,"column":59},"end":{"line":12,"column":1}},"line":6},"1":{"name":"(anonymous_1)","decl":{"start":{"line":13,"column":24},"end":{"line":13,"column":25}},"loc":{"start":{"line":13,"column":48},"end":{"line":28,"column":1}},"line":13},"2":{"name":"(anonymous_2)","decl":{"start":{"line":16,"column":53},"end":{"line":16,"column":54}},"loc":{"start":{"line":16,"column":74},"end":{"line":22,"column":5}},"line":16},"3":{"name":"(anonymous_3)","decl":{"start":{"line":20,"column":45},"end":{"line":20,"column":46}},"loc":{"start":{"line":20,"column":57},"end":{"line":20,"column":88}},"line":20},"4":{"name":"(anonymous_4)","decl":{"start":{"line":23,"column":15},"end":{"line":23,"column":16}},"loc":{"start":{"line":23,"column":24},"end":{"line":26,"column":9}},"line":23},"5":{"name":"(anonymous_5)","decl":{"start":{"line":29,"column":18},"end":{"line":29,"column":19}},"loc":{"start":{"line":29,"column":45},"end":{"line":41,"column":1}},"line":29},"6":{"name":"(anonymous_6)","decl":{"start":{"line":31,"column":35},"end":{"line":31,"column":36}},"loc":{"start":{"line":31,"column":53},"end":{"line":38,"column":5}},"line":31},"7":{"name":"(anonymous_7)","decl":{"start":{"line":42,"column":28},"end":{"line":42,"column":29}},"loc":{"start":{"line":42,"column":48},"end":{"line":46,"column":1}},"line":42},"8":{"name":"(anonymous_8)","decl":{"start":{"line":44,"column":13},"end":{"line":44,"column":14}},"loc":{"start":{"line":44,"column":66},"end":{"line":44,"column":111}},"line":44}},"branchMap":{"0":{"loc":{"start":{"line":17,"column":8},"end":{"line":17,"column":63}},"type":"if","locations":[{"start":{"line":17,"column":8},"end":{"line":17,"column":63}},{"start":{"line":17,"column":8},"end":{"line":17,"column":63}}],"line":17}},"s":{"0":1,"1":1,"2":1,"3":1,"4":0,"5":0,"6":1,"7":0,"8":0,"9":0,"10":0,"11":0,"12":0,"13":0,"14":0,"15":0,"16":1,"17":0,"18":0,"19":0,"20":0,"21":1,"22":0,"23":0,"24":0,"25":1},"f":{"0":0,"1":0,"2":0,"3":0,"4":0,"5":0,"6":0,"7":0,"8":0},"b":{"0":[0,0]},"_coverageSchema":"1a1c01bbd47fc00a2c39e90264f33305004495a9","hash":"078c41c5877f9a61be846e0865ed04bbd364791d","contentHash":"1ba1e213c161a7dd16439d0c93e551c630966e3da9491d5257db8d92878b6306"},"C:\\Users\\Dell\\Desktop\\Ranime\\Services\\UserServices.js":{"path":"C:\\Users\\Dell\\Desktop\\Ranime\\Services\\UserServices.js","statementMap":{"0":{"start":{"line":3,"column":19},"end":{"line":3,"column":49}},"1":{"start":{"line":4,"column":15},"end":{"line":4,"column":46}},"2":{"start":{"line":5,"column":25},"end":{"line":26,"column":1}},"3":{"start":{"line":11,"column":4},"end":{"line":11,"column":80}},"4":{"start":{"line":28,"column":20},"end":{"line":43,"column":1}},"5":{"start":{"line":29,"column":4},"end":{"line":41,"column":10}},"6":{"start":{"line":30,"column":8},"end":{"line":30,"column":59}},"7":{"start":{"line":30,"column":32},"end":{"line":30,"column":59}},"8":{"start":{"line":32,"column":8},"end":{"line":32,"column":75}},"9":{"start":{"line":32,"column":49},"end":{"line":32,"column":72}},"10":{"start":{"line":39,"column":12},"end":{"line":39,"column":29}},"11":{"start":{"line":40,"column":12},"end":{"line":40,"column":39}},"12":{"start":{"line":45,"column":24},"end":{"line":48,"column":1}},"13":{"start":{"line":46,"column":4},"end":{"line":46,"column":76}},"14":{"start":{"line":46,"column":43},"end":{"line":46,"column":66}},"15":{"start":{"line":49,"column":18},"end":{"line":59,"column":1}},"16":{"start":{"line":50,"column":4},"end":{"line":50,"column":20}},"17":{"start":{"line":52,"column":4},"end":{"line":56,"column":6}},"18":{"start":{"line":54,"column":8},"end":{"line":54,"column":29}},"19":{"start":{"line":62,"column":0},"end":{"line":66,"column":1}}},"fnMap":{"0":{"name":"(anonymous_0)","decl":{"start":{"line":5,"column":25},"end":{"line":5,"column":26}},"loc":{"start":{"line":5,"column":55},"end":{"line":26,"column":1}},"line":5},"1":{"name":"(anonymous_1)","decl":{"start":{"line":28,"column":20},"end":{"line":28,"column":21}},"loc":{"start":{"line":28,"column":44},"end":{"line":43,"column":1}},"line":28},"2":{"name":"(anonymous_2)","decl":{"start":{"line":29,"column":49},"end":{"line":29,"column":50}},"loc":{"start":{"line":29,"column":66},"end":{"line":36,"column":5}},"line":29},"3":{"name":"(anonymous_3)","decl":{"start":{"line":32,"column":41},"end":{"line":32,"column":42}},"loc":{"start":{"line":32,"column":49},"end":{"line":32,"column":72}},"line":32},"4":{"name":"(anonymous_4)","decl":{"start":{"line":38,"column":15},"end":{"line":38,"column":16}},"loc":{"start":{"line":38,"column":24},"end":{"line":41,"column":9}},"line":38},"5":{"name":"(anonymous_5)","decl":{"start":{"line":45,"column":24},"end":{"line":45,"column":25}},"loc":{"start":{"line":45,"column":40},"end":{"line":48,"column":1}},"line":45},"6":{"name":"(anonymous_6)","decl":{"start":{"line":46,"column":13},"end":{"line":46,"column":14}},"loc":{"start":{"line":46,"column":43},"end":{"line":46,"column":66}},"line":46},"7":{"name":"(anonymous_7)","decl":{"start":{"line":49,"column":18},"end":{"line":49,"column":19}},"loc":{"start":{"line":49,"column":32},"end":{"line":59,"column":1}},"line":49},"8":{"name":"(anonymous_8)","decl":{"start":{"line":52,"column":34},"end":{"line":52,"column":35}},"loc":{"start":{"line":52,"column":44},"end":{"line":56,"column":5}},"line":52}},"branchMap":{"0":{"loc":{"start":{"line":30,"column":8},"end":{"line":30,"column":59}},"type":"if","locations":[{"start":{"line":30,"column":8},"end":{"line":30,"column":59}},{"start":{"line":30,"column":8},"end":{"line":30,"column":59}}],"line":30}},"s":{"0":1,"1":1,"2":1,"3":0,"4":1,"5":0,"6":0,"7":0,"8":0,"9":0,"10":0,"11":0,"12":1,"13":0,"14":0,"15":1,"16":0,"17":0,"18":0,"19":1},"f":{"0":0,"1":0,"2":0,"3":0,"4":0,"5":0,"6":0,"7":0,"8":0},"b":{"0":[0,0]},"_coverageSchema":"1a1c01bbd47fc00a2c39e90264f33305004495a9","hash":"9112d58546e455fa6db61fb440d9b3c5198e4566","contentHash":"fd5f3f1e4329ea011a85446ba502a1e40cc2c3015df6b1b1e03030a91e22c77f"},"C:\\Users\\Dell\\Desktop\\Ranime\\Services\\Script3.js":{"path":"C:\\Users\\Dell\\Desktop\\Ranime\\Services\\Script3.js","statementMap":{},"fnMap":{},"branchMap":{},"s":{},"f":{},"b":{},"_coverageSchema":"1a1c01bbd47fc00a2c39e90264f33305004495a9","hash":"274d32d7228bb856bd9b308e05372212889e244a","contentHash":"6a064fe4e4286484327ee734d667a717f432385b2900ab9577f4b283fc1122d7"},"C:\\Users\\Dell\\Desktop\\Ranime\\Services\\TrackServices.js":{"path":"C:\\Users\\Dell\\Desktop\\Ranime\\Services\\TrackServices.js","statementMap":{"0":{"start":{"line":2,"column":19},"end":{"line":2,"column":49}},"1":{"start":{"line":3,"column":15},"end":{"line":3,"column":42}},"2":{"start":{"line":4,"column":8},"end":{"line":4,"column":25}},"3":{"start":{"line":5,"column":16},"end":{"line":5,"column":47}},"4":{"start":{"line":7,"column":24},"end":{"line":7,"column":63}},"5":{"start":{"line":8,"column":25},"end":{"line":29,"column":1}},"6":{"start":{"line":14,"column":3},"end":{"line":14,"column":180}},"7":{"start":{"line":14,"column":141},"end":{"line":14,"column":168}},"8":{"start":{"line":31,"column":21},"end":{"line":56,"column":1}},"9":{"start":{"line":32,"column":4},"end":{"line":32,"column":47}},"10":{"start":{"line":34,"column":4},"end":{"line":54,"column":10}},"11":{"start":{"line":35,"column":8},"end":{"line":35,"column":28}},"12":{"start":{"line":36,"column":8},"end":{"line":36,"column":43}},"13":{"start":{"line":37,"column":8},"end":{"line":37,"column":60}},"14":{"start":{"line":37,"column":33},"end":{"line":37,"column":60}},"15":{"start":{"line":38,"column":23},"end":{"line":38,"column":50}},"16":{"start":{"line":39,"column":8},"end":{"line":39,"column":28}},"17":{"start":{"line":40,"column":8},"end":{"line":40,"column":23}},"18":{"start":{"line":42,"column":8},"end":{"line":42,"column":68}},"19":{"start":{"line":42,"column":40},"end":{"line":42,"column":65}},"20":{"start":{"line":43,"column":8},"end":{"line":43,"column":23}},"21":{"start":{"line":45,"column":8},"end":{"line":45,"column":78}},"22":{"start":{"line":45,"column":50},"end":{"line":45,"column":75}},"23":{"start":{"line":52,"column":12},"end":{"line":52,"column":29}},"24":{"start":{"line":53,"column":12},"end":{"line":53,"column":39}},"25":{"start":{"line":57,"column":20},"end":{"line":73,"column":1}},"26":{"start":{"line":58,"column":4},"end":{"line":58,"column":59}},"27":{"start":{"line":59,"column":4},"end":{"line":59,"column":60}},"28":{"start":{"line":60,"column":12},"end":{"line":60,"column":13}},"29":{"start":{"line":61,"column":17},"end":{"line":61,"column":30}},"30":{"start":{"line":62,"column":4},"end":{"line":62,"column":24}},"31":{"start":{"line":63,"column":21},"end":{"line":70,"column":6}},"32":{"start":{"line":65,"column":27},"end":{"line":65,"column":73}},"33":{"start":{"line":67,"column":8},"end":{"line":67,"column":63}},"34":{"start":{"line":71,"column":4},"end":{"line":71,"column":56}},"35":{"start":{"line":74,"column":25},"end":{"line":79,"column":1}},"36":{"start":{"line":75,"column":4},"end":{"line":75,"column":23}},"37":{"start":{"line":76,"column":4},"end":{"line":76,"column":37}},"38":{"start":{"line":77,"column":4},"end":{"line":77,"column":125}},"39":{"start":{"line":77,"column":67},"end":{"line":77,"column":114}},"40":{"start":{"line":82,"column":0},"end":{"line":85,"column":1}}},"fnMap":{"0":{"name":"(anonymous_0)","decl":{"start":{"line":8,"column":25},"end":{"line":8,"column":26}},"loc":{"start":{"line":8,"column":63},"end":{"line":29,"column":1}},"line":8},"1":{"name":"(anonymous_1)","decl":{"start":{"line":14,"column":122},"end":{"line":14,"column":123}},"loc":{"start":{"line":14,"column":139},"end":{"line":14,"column":170}},"line":14},"2":{"name":"(anonymous_2)","decl":{"start":{"line":31,"column":21},"end":{"line":31,"column":22}},"loc":{"start":{"line":31,"column":53},"end":{"line":56,"column":1}},"line":31},"3":{"name":"(anonymous_3)","decl":{"start":{"line":34,"column":59},"end":{"line":34,"column":60}},"loc":{"start":{"line":34,"column":77},"end":{"line":49,"column":5}},"line":34},"4":{"name":"(anonymous_4)","decl":{"start":{"line":42,"column":31},"end":{"line":42,"column":32}},"loc":{"start":{"line":42,"column":40},"end":{"line":42,"column":65}},"line":42},"5":{"name":"(anonymous_5)","decl":{"start":{"line":45,"column":42},"end":{"line":45,"column":43}},"loc":{"start":{"line":45,"column":50},"end":{"line":45,"column":75}},"line":45},"6":{"name":"(anonymous_6)","decl":{"start":{"line":51,"column":15},"end":{"line":51,"column":16}},"loc":{"start":{"line":51,"column":24},"end":{"line":54,"column":9}},"line":51},"7":{"name":"(anonymous_7)","decl":{"start":{"line":57,"column":20},"end":{"line":57,"column":21}},"loc":{"start":{"line":57,"column":44},"end":{"line":73,"column":1}},"line":57},"8":{"name":"(anonymous_8)","decl":{"start":{"line":63,"column":32},"end":{"line":63,"column":33}},"loc":{"start":{"line":63,"column":47},"end":{"line":70,"column":5}},"line":63},"9":{"name":"(anonymous_9)","decl":{"start":{"line":74,"column":25},"end":{"line":74,"column":26}},"loc":{"start":{"line":74,"column":42},"end":{"line":79,"column":1}},"line":74},"10":{"name":"(anonymous_10)","decl":{"start":{"line":77,"column":13},"end":{"line":77,"column":14}},"loc":{"start":{"line":77,"column":67},"end":{"line":77,"column":114}},"line":77}},"branchMap":{"0":{"loc":{"start":{"line":37,"column":8},"end":{"line":37,"column":60}},"type":"if","locations":[{"start":{"line":37,"column":8},"end":{"line":37,"column":60}},{"start":{"line":37,"column":8},"end":{"line":37,"column":60}}],"line":37}},"s":{"0":1,"1":1,"2":1,"3":1,"4":1,"5":1,"6":0,"7":0,"8":1,"9":0,"10":0,"11":0,"12":0,"13":0,"14":0,"15":0,"16":0,"17":0,"18":0,"19":0,"20":0,"21":0,"22":0,"23":0,"24":0,"25":1,"26":0,"27":0,"28":0,"29":0,"30":0,"31":0,"32":0,"33":0,"34":0,"35":1,"36":0,"37":0,"38":0,"39":0,"40":1},"f":{"0":0,"1":0,"2":0,"3":0,"4":0,"5":0,"6":0,"7":0,"8":0,"9":0,"10":0},"b":{"0":[0,0]},"_coverageSchema":"1a1c01bbd47fc00a2c39e90264f33305004495a9","hash":"1b55552875eea13e629a4594d0daff1e6de0cf4c","contentHash":"1b0100ae9a4e51fad9b535614999b0f67f860a6f9999672e3bcca0b2c12b1c21"},"C:\\Users\\Dell\\Desktop\\Ranime\\Services\\deletetrackfromplaylist.js":{"path":"C:\\Users\\Dell\\Desktop\\Ranime\\Services\\deletetrackfromplaylist.js","statementMap":{"0":{"start":{"line":2,"column":15},"end":{"line":2,"column":33}},"1":{"start":{"line":3,"column":17},"end":{"line":3,"column":35}},"2":{"start":{"line":4,"column":16},"end":{"line":4,"column":38}},"3":{"start":{"line":6,"column":15},"end":{"line":6,"column":45}},"4":{"start":{"line":7,"column":11},"end":{"line":7,"column":42}},"5":{"start":{"line":8,"column":11},"end":{"line":8,"column":42}},"6":{"start":{"line":9,"column":15},"end":{"line":9,"column":50}},"7":{"start":{"line":12,"column":8},"end":{"line":12,"column":17}},"8":{"start":{"line":14,"column":0},"end":{"line":14,"column":27}},"9":{"start":{"line":16,"column":0},"end":{"line":72,"column":3}},"10":{"start":{"line":17,"column":16},"end":{"line":17,"column":36}},"11":{"start":{"line":18,"column":4},"end":{"line":71,"column":6}},"12":{"start":{"line":19,"column":8},"end":{"line":21,"column":9}},"13":{"start":{"line":20,"column":12},"end":{"line":20,"column":36}},"14":{"start":{"line":22,"column":16},"end":{"line":22,"column":24}},"15":{"start":{"line":23,"column":4},"end":{"line":25,"column":5}},"16":{"start":{"line":24,"column":8},"end":{"line":24,"column":98}},"17":{"start":{"line":26,"column":4},"end":{"line":28,"column":5}},"18":{"start":{"line":27,"column":8},"end":{"line":27,"column":81}},"19":{"start":{"line":29,"column":17},"end":{"line":29,"column":33}},"20":{"start":{"line":30,"column":4},"end":{"line":32,"column":5}},"21":{"start":{"line":31,"column":8},"end":{"line":31,"column":56}},"22":{"start":{"line":34,"column":21},"end":{"line":34,"column":42}},"23":{"start":{"line":35,"column":4},"end":{"line":68,"column":6}},"24":{"start":{"line":36,"column":8},"end":{"line":39,"column":9}},"25":{"start":{"line":38,"column":12},"end":{"line":38,"column":62}},"26":{"start":{"line":41,"column":8},"end":{"line":64,"column":11}},"27":{"start":{"line":42,"column":12},"end":{"line":62,"column":13}},"28":{"start":{"line":43,"column":16},"end":{"line":43,"column":76}},"29":{"start":{"line":46,"column":31},"end":{"line":46,"column":47}},"30":{"start":{"line":47,"column":16},"end":{"line":55,"column":17}},"31":{"start":{"line":47,"column":30},"end":{"line":47,"column":31}},"32":{"start":{"line":48,"column":20},"end":{"line":54,"column":21}},"33":{"start":{"line":49,"column":38},"end":{"line":49,"column":54}},"34":{"start":{"line":50,"column":24},"end":{"line":52,"column":25}},"35":{"start":{"line":50,"column":40},"end":{"line":50,"column":45}},"36":{"start":{"line":51,"column":28},"end":{"line":51,"column":65}},"37":{"start":{"line":53,"column":23},"end":{"line":53,"column":39}},"38":{"start":{"line":56,"column":16},"end":{"line":59,"column":19}},"39":{"start":{"line":60,"column":16},"end":{"line":60,"column":84}},"40":{"start":{"line":67,"column":8},"end":{"line":67,"column":77}},"41":{"start":{"line":70,"column":8},"end":{"line":70,"column":52}},"42":{"start":{"line":84,"column":0},"end":{"line":88,"column":1}},"43":{"start":{"line":85,"column":4},"end":{"line":87,"column":7}},"44":{"start":{"line":86,"column":8},"end":{"line":86,"column":44}},"45":{"start":{"line":89,"column":0},"end":{"line":89,"column":21}}},"fnMap":{"0":{"name":"(anonymous_0)","decl":{"start":{"line":16,"column":31},"end":{"line":16,"column":32}},"loc":{"start":{"line":16,"column":42},"end":{"line":72,"column":1}},"line":16},"1":{"name":"(anonymous_1)","decl":{"start":{"line":18,"column":33},"end":{"line":18,"column":34}},"loc":{"start":{"line":18,"column":41},"end":{"line":69,"column":5}},"line":18},"2":{"name":"(anonymous_2)","decl":{"start":{"line":35,"column":82},"end":{"line":35,"column":83}},"loc":{"start":{"line":35,"column":97},"end":{"line":66,"column":5}},"line":35},"3":{"name":"(anonymous_3)","decl":{"start":{"line":41,"column":92},"end":{"line":41,"column":93}},"loc":{"start":{"line":41,"column":105},"end":{"line":64,"column":9}},"line":41},"4":{"name":"(anonymous_4)","decl":{"start":{"line":56,"column":135},"end":{"line":56,"column":136}},"loc":{"start":{"line":56,"column":142},"end":{"line":59,"column":17}},"line":56},"5":{"name":"(anonymous_5)","decl":{"start":{"line":66,"column":13},"end":{"line":66,"column":14}},"loc":{"start":{"line":66,"column":18},"end":{"line":68,"column":5}},"line":66},"6":{"name":"(anonymous_6)","decl":{"start":{"line":69,"column":13},"end":{"line":69,"column":14}},"loc":{"start":{"line":69,"column":18},"end":{"line":71,"column":5}},"line":69},"7":{"name":"(anonymous_7)","decl":{"start":{"line":85,"column":20},"end":{"line":85,"column":21}},"loc":{"start":{"line":85,"column":24},"end":{"line":87,"column":5}},"line":85}},"branchMap":{"0":{"loc":{"start":{"line":19,"column":8},"end":{"line":21,"column":9}},"type":"if","locations":[{"start":{"line":19,"column":8},"end":{"line":21,"column":9}},{"start":{"line":19,"column":8},"end":{"line":21,"column":9}}],"line":19},"1":{"loc":{"start":{"line":23,"column":4},"end":{"line":25,"column":5}},"type":"if","locations":[{"start":{"line":23,"column":4},"end":{"line":25,"column":5}},{"start":{"line":23,"column":4},"end":{"line":25,"column":5}}],"line":23},"2":{"loc":{"start":{"line":26,"column":4},"end":{"line":28,"column":5}},"type":"if","locations":[{"start":{"line":26,"column":4},"end":{"line":28,"column":5}},{"start":{"line":26,"column":4},"end":{"line":28,"column":5}}],"line":26},"3":{"loc":{"start":{"line":30,"column":4},"end":{"line":32,"column":5}},"type":"if","locations":[{"start":{"line":30,"column":4},"end":{"line":32,"column":5}},{"start":{"line":30,"column":4},"end":{"line":32,"column":5}}],"line":30},"4":{"loc":{"start":{"line":36,"column":8},"end":{"line":39,"column":9}},"type":"if","locations":[{"start":{"line":36,"column":8},"end":{"line":39,"column":9}},{"start":{"line":36,"column":8},"end":{"line":39,"column":9}}],"line":36},"5":{"loc":{"start":{"line":42,"column":12},"end":{"line":62,"column":13}},"type":"if","locations":[{"start":{"line":42,"column":12},"end":{"line":62,"column":13}},{"start":{"line":42,"column":12},"end":{"line":62,"column":13}}],"line":42},"6":{"loc":{"start":{"line":48,"column":20},"end":{"line":54,"column":21}},"type":"if","locations":[{"start":{"line":48,"column":20},"end":{"line":54,"column":21}},{"start":{"line":48,"column":20},"end":{"line":54,"column":21}}],"line":48},"7":{"loc":{"start":{"line":84,"column":0},"end":{"line":88,"column":1}},"type":"if","locations":[{"start":{"line":84,"column":0},"end":{"line":88,"column":1}},{"start":{"line":84,"column":0},"end":{"line":88,"column":1}}],"line":84}},"s":{"0":1,"1":1,"2":1,"3":1,"4":1,"5":1,"6":1,"7":1,"8":1,"9":1,"10":8,"11":8,"12":7,"13":0,"14":7,"15":7,"16":1,"17":6,"18":1,"19":5,"20":5,"21":1,"22":4,"23":4,"24":4,"25":1,"26":3,"27":3,"28":1,"29":2,"30":2,"31":2,"32":8,"33":2,"34":2,"35":2,"36":4,"37":2,"38":2,"39":2,"40":0,"41":1,"42":1,"43":0,"44":0,"45":1},"f":{"0":8,"1":7,"2":4,"3":3,"4":2,"5":0,"6":1,"7":0},"b":{"0":[0,7],"1":[1,6],"2":[1,5],"3":[1,4],"4":[1,3],"5":[1,2],"6":[2,6],"7":[0,1]},"_coverageSchema":"1a1c01bbd47fc00a2c39e90264f33305004495a9","hash":"10b84e1ab9af1508191b31a7fb0fc4299cb422a4","contentHash":"c00279298b2aa9c60d9e2812ae4f536f05504e89ece07dc51b579bc63f5e2509"}}