{"G:\\SWbackend\\New folder\\Backend-team\\Services\\addtrack.js":{"path":"G:\\SWbackend\\New folder\\Backend-team\\Services\\addtrack.js","statementMap":{"0":{"start":{"line":2,"column":15},"end":{"line":2,"column":33}},"1":{"start":{"line":3,"column":16},"end":{"line":3,"column":38}},"2":{"start":{"line":4,"column":17},"end":{"line":4,"column":35}},"3":{"start":{"line":7,"column":15},"end":{"line":7,"column":45}},"4":{"start":{"line":8,"column":11},"end":{"line":8,"column":42}},"5":{"start":{"line":9,"column":13},"end":{"line":9,"column":46}},"6":{"start":{"line":10,"column":13},"end":{"line":10,"column":45}},"7":{"start":{"line":14,"column":8},"end":{"line":14,"column":17}},"8":{"start":{"line":16,"column":0},"end":{"line":16,"column":27}},"9":{"start":{"line":20,"column":0},"end":{"line":103,"column":3}},"10":{"start":{"line":21,"column":16},"end":{"line":21,"column":36}},"11":{"start":{"line":22,"column":4},"end":{"line":102,"column":6}},"12":{"start":{"line":23,"column":8},"end":{"line":25,"column":9}},"13":{"start":{"line":24,"column":12},"end":{"line":24,"column":36}},"14":{"start":{"line":26,"column":23},"end":{"line":26,"column":35}},"15":{"start":{"line":27,"column":8},"end":{"line":29,"column":9}},"16":{"start":{"line":28,"column":12},"end":{"line":28,"column":66}},"17":{"start":{"line":30,"column":8},"end":{"line":32,"column":9}},"18":{"start":{"line":31,"column":12},"end":{"line":31,"column":67}},"19":{"start":{"line":33,"column":8},"end":{"line":35,"column":9}},"20":{"start":{"line":34,"column":11},"end":{"line":34,"column":67}},"21":{"start":{"line":36,"column":8},"end":{"line":38,"column":9}},"22":{"start":{"line":37,"column":12},"end":{"line":37,"column":65}},"23":{"start":{"line":39,"column":8},"end":{"line":41,"column":9}},"24":{"start":{"line":40,"column":12},"end":{"line":40,"column":70}},"25":{"start":{"line":43,"column":8},"end":{"line":45,"column":9}},"26":{"start":{"line":44,"column":12},"end":{"line":44,"column":82}},"27":{"start":{"line":47,"column":8},"end":{"line":95,"column":11}},"28":{"start":{"line":48,"column":12},"end":{"line":51,"column":13}},"29":{"start":{"line":49,"column":16},"end":{"line":49,"column":77}},"30":{"start":{"line":53,"column":12},"end":{"line":64,"column":15}},"31":{"start":{"line":54,"column":16},"end":{"line":63,"column":21}},"32":{"start":{"line":55,"column":24},"end":{"line":58,"column":54}},"33":{"start":{"line":59,"column":24},"end":{"line":59,"column":42}},"34":{"start":{"line":61,"column":25},"end":{"line":63,"column":21}},"35":{"start":{"line":62,"column":24},"end":{"line":62,"column":42}},"36":{"start":{"line":68,"column":12},"end":{"line":92,"column":15}},"37":{"start":{"line":69,"column":16},"end":{"line":91,"column":17}},"38":{"start":{"line":70,"column":44},"end":{"line":80,"column":22}},"39":{"start":{"line":79,"column":24},"end":{"line":79,"column":93}},"40":{"start":{"line":82,"column":20},"end":{"line":86,"column":23}},"41":{"start":{"line":83,"column":24},"end":{"line":83,"column":50}},"42":{"start":{"line":85,"column":24},"end":{"line":85,"column":93}},"43":{"start":{"line":89,"column":21},"end":{"line":91,"column":17}},"44":{"start":{"line":90,"column":20},"end":{"line":90,"column":138}},"45":{"start":{"line":101,"column":8},"end":{"line":101,"column":52}},"46":{"start":{"line":107,"column":0},"end":{"line":111,"column":1}},"47":{"start":{"line":108,"column":4},"end":{"line":110,"column":7}},"48":{"start":{"line":109,"column":8},"end":{"line":109,"column":44}},"49":{"start":{"line":113,"column":0},"end":{"line":113,"column":21}}},"fnMap":{"0":{"name":"(anonymous_0)","decl":{"start":{"line":20,"column":19},"end":{"line":20,"column":20}},"loc":{"start":{"line":20,"column":30},"end":{"line":103,"column":1}},"line":20},"1":{"name":"(anonymous_1)","decl":{"start":{"line":22,"column":35},"end":{"line":22,"column":36}},"loc":{"start":{"line":22,"column":47},"end":{"line":100,"column":5}},"line":22},"2":{"name":"(anonymous_2)","decl":{"start":{"line":47,"column":47},"end":{"line":47,"column":48}},"loc":{"start":{"line":47,"column":62},"end":{"line":95,"column":9}},"line":47},"3":{"name":"(anonymous_3)","decl":{"start":{"line":53,"column":58},"end":{"line":53,"column":59}},"loc":{"start":{"line":53,"column":69},"end":{"line":64,"column":13}},"line":53},"4":{"name":"(anonymous_4)","decl":{"start":{"line":68,"column":91},"end":{"line":68,"column":92}},"loc":{"start":{"line":68,"column":109},"end":{"line":92,"column":13}},"line":68},"5":{"name":"(anonymous_5)","decl":{"start":{"line":78,"column":22},"end":{"line":78,"column":23}},"loc":{"start":{"line":78,"column":27},"end":{"line":80,"column":21}},"line":78},"6":{"name":"(anonymous_6)","decl":{"start":{"line":82,"column":46},"end":{"line":82,"column":47}},"loc":{"start":{"line":82,"column":53},"end":{"line":84,"column":21}},"line":82},"7":{"name":"(anonymous_7)","decl":{"start":{"line":84,"column":29},"end":{"line":84,"column":30}},"loc":{"start":{"line":84,"column":34},"end":{"line":86,"column":21}},"line":84},"8":{"name":"(anonymous_8)","decl":{"start":{"line":100,"column":13},"end":{"line":100,"column":14}},"loc":{"start":{"line":100,"column":18},"end":{"line":102,"column":5}},"line":100},"9":{"name":"(anonymous_9)","decl":{"start":{"line":108,"column":20},"end":{"line":108,"column":21}},"loc":{"start":{"line":108,"column":24},"end":{"line":110,"column":5}},"line":108}},"branchMap":{"0":{"loc":{"start":{"line":23,"column":8},"end":{"line":25,"column":9}},"type":"if","locations":[{"start":{"line":23,"column":8},"end":{"line":25,"column":9}},{"start":{"line":23,"column":8},"end":{"line":25,"column":9}}],"line":23},"1":{"loc":{"start":{"line":27,"column":8},"end":{"line":29,"column":9}},"type":"if","locations":[{"start":{"line":27,"column":8},"end":{"line":29,"column":9}},{"start":{"line":27,"column":8},"end":{"line":29,"column":9}}],"line":27},"2":{"loc":{"start":{"line":30,"column":8},"end":{"line":32,"column":9}},"type":"if","locations":[{"start":{"line":30,"column":8},"end":{"line":32,"column":9}},{"start":{"line":30,"column":8},"end":{"line":32,"column":9}}],"line":30},"3":{"loc":{"start":{"line":33,"column":8},"end":{"line":35,"column":9}},"type":"if","locations":[{"start":{"line":33,"column":8},"end":{"line":35,"column":9}},{"start":{"line":33,"column":8},"end":{"line":35,"column":9}}],"line":33},"4":{"loc":{"start":{"line":36,"column":8},"end":{"line":38,"column":9}},"type":"if","locations":[{"start":{"line":36,"column":8},"end":{"line":38,"column":9}},{"start":{"line":36,"column":8},"end":{"line":38,"column":9}}],"line":36},"5":{"loc":{"start":{"line":39,"column":8},"end":{"line":41,"column":9}},"type":"if","locations":[{"start":{"line":39,"column":8},"end":{"line":41,"column":9}},{"start":{"line":39,"column":8},"end":{"line":41,"column":9}}],"line":39},"6":{"loc":{"start":{"line":43,"column":8},"end":{"line":45,"column":9}},"type":"if","locations":[{"start":{"line":43,"column":8},"end":{"line":45,"column":9}},{"start":{"line":43,"column":8},"end":{"line":45,"column":9}}],"line":43},"7":{"loc":{"start":{"line":43,"column":11},"end":{"line":43,"column":81}},"type":"binary-expr","locations":[{"start":{"line":43,"column":11},"end":{"line":43,"column":33}},{"start":{"line":43,"column":37},"end":{"line":43,"column":58}},{"start":{"line":43,"column":62},"end":{"line":43,"column":81}}],"line":43},"8":{"loc":{"start":{"line":48,"column":12},"end":{"line":51,"column":13}},"type":"if","locations":[{"start":{"line":48,"column":12},"end":{"line":51,"column":13}},{"start":{"line":48,"column":12},"end":{"line":51,"column":13}}],"line":48},"9":{"loc":{"start":{"line":54,"column":16},"end":{"line":63,"column":21}},"type":"if","locations":[{"start":{"line":54,"column":16},"end":{"line":63,"column":21}},{"start":{"line":54,"column":16},"end":{"line":63,"column":21}}],"line":54},"10":{"loc":{"start":{"line":61,"column":25},"end":{"line":63,"column":21}},"type":"if","locations":[{"start":{"line":61,"column":25},"end":{"line":63,"column":21}},{"start":{"line":61,"column":25},"end":{"line":63,"column":21}}],"line":61},"11":{"loc":{"start":{"line":69,"column":16},"end":{"line":91,"column":17}},"type":"if","locations":[{"start":{"line":69,"column":16},"end":{"line":91,"column":17}},{"start":{"line":69,"column":16},"end":{"line":91,"column":17}}],"line":69},"12":{"loc":{"start":{"line":89,"column":21},"end":{"line":91,"column":17}},"type":"if","locations":[{"start":{"line":89,"column":21},"end":{"line":91,"column":17}},{"start":{"line":89,"column":21},"end":{"line":91,"column":17}}],"line":89},"13":{"loc":{"start":{"line":107,"column":0},"end":{"line":111,"column":1}},"type":"if","locations":[{"start":{"line":107,"column":0},"end":{"line":111,"column":1}},{"start":{"line":107,"column":0},"end":{"line":111,"column":1}}],"line":107}},"s":{"0":1,"1":1,"2":1,"3":1,"4":1,"5":1,"6":1,"7":1,"8":1,"9":1,"10":0,"11":0,"12":0,"13":0,"14":0,"15":0,"16":0,"17":0,"18":0,"19":0,"20":0,"21":0,"22":0,"23":0,"24":0,"25":0,"26":0,"27":0,"28":0,"29":0,"30":0,"31":0,"32":0,"33":0,"34":0,"35":0,"36":0,"37":0,"38":0,"39":0,"40":0,"41":0,"42":0,"43":0,"44":0,"45":0,"46":1,"47":0,"48":0,"49":1},"f":{"0":0,"1":0,"2":0,"3":0,"4":0,"5":0,"6":0,"7":0,"8":0,"9":0},"b":{"0":[0,0],"1":[0,0],"2":[0,0],"3":[0,0],"4":[0,0],"5":[0,0],"6":[0,0],"7":[0,0,0],"8":[0,0],"9":[0,0],"10":[0,0],"11":[0,0],"12":[0,0],"13":[0,1]},"_coverageSchema":"1a1c01bbd47fc00a2c39e90264f33305004495a9","hash":"2538be535a3ba0e87afb1ff46427a1124ea91453","contentHash":"08cd17dcbdca87ac5a8dd72a9455d2381df467a89ca383a24da3e8515e34efc4"},"G:\\SWbackend\\New folder\\Backend-team\\db\\mongoose.js":{"path":"G:\\SWbackend\\New folder\\Backend-team\\db\\mongoose.js","statementMap":{"0":{"start":{"line":1,"column":17},"end":{"line":1,"column":36}},"1":{"start":{"line":3,"column":0},"end":{"line":3,"column":34}},"2":{"start":{"line":6,"column":0},"end":{"line":6,"column":81}},"3":{"start":{"line":8,"column":0},"end":{"line":8,"column":37}},"4":{"start":{"line":9,"column":0},"end":{"line":9,"column":30}}},"fnMap":{},"branchMap":{"0":{"loc":{"start":{"line":6,"column":17},"end":{"line":6,"column":79}},"type":"binary-expr","locations":[{"start":{"line":6,"column":17},"end":{"line":6,"column":40}},{"start":{"line":6,"column":44},"end":{"line":6,"column":79}}],"line":6}},"s":{"0":1,"1":1,"2":1,"3":1,"4":1},"f":{},"b":{"0":[1,1]},"_coverageSchema":"1a1c01bbd47fc00a2c39e90264f33305004495a9","hash":"6c7ee5deb01e01876a00562b15d2887094292f5e","contentHash":"fd818582b0556abbe43ef3d5856229ee47eb6f2b6cc87e7e044fc211856e496b"},"G:\\SWbackend\\New folder\\Backend-team\\models\\track.js":{"path":"G:\\SWbackend\\New folder\\Backend-team\\models\\track.js","statementMap":{"0":{"start":{"line":1,"column":14},"end":{"line":1,"column":33}},"1":{"start":{"line":2,"column":26},"end":{"line":2,"column":48}},"2":{"start":{"line":4,"column":10},"end":{"line":49,"column":2}},"3":{"start":{"line":51,"column":0},"end":{"line":51,"column":23}}},"fnMap":{},"branchMap":{},"s":{"0":1,"1":1,"2":1,"3":1},"f":{},"b":{},"_coverageSchema":"1a1c01bbd47fc00a2c39e90264f33305004495a9","hash":"5f4ad1d063a11b4fd7db76b0e764620865a6be98","contentHash":"90372a18feaeba4142e0fa845e895d84f11c4de35894d9bb9972244b1ae96697"},"G:\\SWbackend\\New folder\\Backend-team\\models\\images.js":{"path":"G:\\SWbackend\\New folder\\Backend-team\\models\\images.js","statementMap":{"0":{"start":{"line":1,"column":17},"end":{"line":1,"column":36}},"1":{"start":{"line":2,"column":13},"end":{"line":2,"column":28}},"2":{"start":{"line":4,"column":19},"end":{"line":21,"column":2}},"3":{"start":{"line":23,"column":12},"end":{"line":23,"column":50}},"4":{"start":{"line":24,"column":0},"end":{"line":24,"column":37}}},"fnMap":{},"branchMap":{},"s":{"0":1,"1":1,"2":1,"3":1,"4":1},"f":{},"b":{},"_coverageSchema":"1a1c01bbd47fc00a2c39e90264f33305004495a9","hash":"7ef57afacd9b16ab7902ab0b0c87853891f223be","contentHash":"d7f327f5bde8200301f02ac4af7e8c00302c342b3b08c79edcb83c4b8cfb6ca7"},"G:\\SWbackend\\New folder\\Backend-team\\models\\Artists.js":{"path":"G:\\SWbackend\\New folder\\Backend-team\\models\\Artists.js","statementMap":{"0":{"start":{"line":1,"column":15},"end":{"line":1,"column":34}},"1":{"start":{"line":2,"column":15},"end":{"line":2,"column":34}},"2":{"start":{"line":3,"column":17},"end":{"line":3,"column":23}},"3":{"start":{"line":4,"column":12},"end":{"line":4,"column":35}},"4":{"start":{"line":5,"column":31},"end":{"line":5,"column":53}},"5":{"start":{"line":7,"column":0},"end":{"line":11,"column":2}},"6":{"start":{"line":8,"column":4},"end":{"line":10,"column":6}},"7":{"start":{"line":9,"column":8},"end":{"line":9,"column":26}},"8":{"start":{"line":12,"column":19},"end":{"line":53,"column":2}},"9":{"start":{"line":55,"column":0},"end":{"line":81,"column":2}},"10":{"start":{"line":56,"column":4},"end":{"line":56,"column":29}},"11":{"start":{"line":57,"column":17},"end":{"line":57,"column":21}},"12":{"start":{"line":58,"column":4},"end":{"line":58,"column":30}},"13":{"start":{"line":59,"column":4},"end":{"line":59,"column":23}},"14":{"start":{"line":60,"column":4},"end":{"line":79,"column":7}},"15":{"start":{"line":61,"column":8},"end":{"line":61,"column":34}},"16":{"start":{"line":62,"column":8},"end":{"line":66,"column":9}},"17":{"start":{"line":63,"column":12},"end":{"line":63,"column":36}},"18":{"start":{"line":64,"column":12},"end":{"line":64,"column":36}},"19":{"start":{"line":67,"column":8},"end":{"line":78,"column":10}},"20":{"start":{"line":68,"column":12},"end":{"line":77,"column":15}},"21":{"start":{"line":69,"column":16},"end":{"line":76,"column":17}},"22":{"start":{"line":70,"column":20},"end":{"line":70,"column":43}},"23":{"start":{"line":71,"column":20},"end":{"line":71,"column":36}},"24":{"start":{"line":73,"column":20},"end":{"line":73,"column":49}},"25":{"start":{"line":74,"column":20},"end":{"line":74,"column":53}},"26":{"start":{"line":75,"column":20},"end":{"line":75,"column":29}},"27":{"start":{"line":82,"column":0},"end":{"line":93,"column":1}},"28":{"start":{"line":83,"column":17},"end":{"line":83,"column":21}},"29":{"start":{"line":84,"column":17},"end":{"line":84,"column":23}},"30":{"start":{"line":86,"column":16},"end":{"line":86,"column":100}},"31":{"start":{"line":88,"column":4},"end":{"line":92,"column":7}},"32":{"start":{"line":90,"column":8},"end":{"line":90,"column":23}},"33":{"start":{"line":97,"column":0},"end":{"line":110,"column":2}},"34":{"start":{"line":98,"column":17},"end":{"line":98,"column":21}},"35":{"start":{"line":101,"column":4},"end":{"line":105,"column":5}},"36":{"start":{"line":102,"column":8},"end":{"line":102,"column":59}},"37":{"start":{"line":104,"column":7},"end":{"line":104,"column":31}},"38":{"start":{"line":106,"column":4},"end":{"line":108,"column":7}},"39":{"start":{"line":112,"column":0},"end":{"line":137,"column":2}},"40":{"start":{"line":113,"column":20},"end":{"line":113,"column":24}},"41":{"start":{"line":116,"column":4},"end":{"line":124,"column":5}},"42":{"start":{"line":118,"column":8},"end":{"line":118,"column":59}},"43":{"start":{"line":123,"column":7},"end":{"line":123,"column":31}},"44":{"start":{"line":127,"column":4},"end":{"line":134,"column":3}},"45":{"start":{"line":140,"column":13},"end":{"line":140,"column":52}},"46":{"start":{"line":141,"column":0},"end":{"line":141,"column":24}}},"fnMap":{"0":{"name":"(anonymous_0)","decl":{"start":{"line":7,"column":19},"end":{"line":7,"column":20}},"loc":{"start":{"line":7,"column":34},"end":{"line":11,"column":1}},"line":7},"1":{"name":"(anonymous_1)","decl":{"start":{"line":8,"column":32},"end":{"line":8,"column":33}},"loc":{"start":{"line":8,"column":47},"end":{"line":10,"column":5}},"line":8},"2":{"name":"(anonymous_2)","decl":{"start":{"line":55,"column":41},"end":{"line":55,"column":42}},"loc":{"start":{"line":55,"column":68},"end":{"line":81,"column":1}},"line":55},"3":{"name":"(anonymous_3)","decl":{"start":{"line":60,"column":42},"end":{"line":60,"column":43}},"loc":{"start":{"line":60,"column":54},"end":{"line":79,"column":5}},"line":60},"4":{"name":"(anonymous_4)","decl":{"start":{"line":67,"column":27},"end":{"line":67,"column":28}},"loc":{"start":{"line":67,"column":48},"end":{"line":78,"column":9}},"line":67},"5":{"name":"(anonymous_5)","decl":{"start":{"line":68,"column":54},"end":{"line":68,"column":55}},"loc":{"start":{"line":68,"column":68},"end":{"line":77,"column":13}},"line":68},"6":{"name":"(anonymous_6)","decl":{"start":{"line":82,"column":41},"end":{"line":82,"column":42}},"loc":{"start":{"line":82,"column":53},"end":{"line":93,"column":1}},"line":82},"7":{"name":"(anonymous_7)","decl":{"start":{"line":88,"column":23},"end":{"line":88,"column":24}},"loc":{"start":{"line":88,"column":44},"end":{"line":92,"column":5}},"line":88},"8":{"name":"(anonymous_8)","decl":{"start":{"line":97,"column":35},"end":{"line":97,"column":36}},"loc":{"start":{"line":97,"column":52},"end":{"line":110,"column":1}},"line":97},"9":{"name":"(anonymous_9)","decl":{"start":{"line":112,"column":39},"end":{"line":112,"column":40}},"loc":{"start":{"line":112,"column":56},"end":{"line":137,"column":1}},"line":112}},"branchMap":{"0":{"loc":{"start":{"line":62,"column":8},"end":{"line":66,"column":9}},"type":"if","locations":[{"start":{"line":62,"column":8},"end":{"line":66,"column":9}},{"start":{"line":62,"column":8},"end":{"line":66,"column":9}}],"line":62},"1":{"loc":{"start":{"line":69,"column":16},"end":{"line":76,"column":17}},"type":"if","locations":[{"start":{"line":69,"column":16},"end":{"line":76,"column":17}},{"start":{"line":69,"column":16},"end":{"line":76,"column":17}}],"line":69}},"s":{"0":1,"1":1,"2":1,"3":1,"4":1,"5":1,"6":1,"7":1,"8":1,"9":1,"10":0,"11":0,"12":0,"13":0,"14":0,"15":0,"16":0,"17":0,"18":0,"19":0,"20":0,"21":0,"22":0,"23":0,"24":0,"25":0,"26":0,"27":1,"28":0,"29":0,"30":0,"31":0,"32":0,"33":1,"34":0,"35":0,"36":0,"37":0,"38":0,"39":1,"40":0,"41":0,"42":0,"43":0,"44":0,"45":1,"46":1},"f":{"0":1,"1":1,"2":0,"3":0,"4":0,"5":0,"6":0,"7":0,"8":0,"9":0},"b":{"0":[0,0],"1":[0,0]},"_coverageSchema":"1a1c01bbd47fc00a2c39e90264f33305004495a9","hash":"eb235029d584c060288237298ffa5d69b53771b1","contentHash":"e7f73d45d4e153d805aba509c95fc72f6ac867a1d29c5bf11ed262c0a8e45947"},"G:\\SWbackend\\New folder\\Backend-team\\Services\\AlbumServices.js":{"path":"G:\\SWbackend\\New folder\\Backend-team\\Services\\AlbumServices.js","statementMap":{"0":{"start":{"line":2,"column":19},"end":{"line":2,"column":49}},"1":{"start":{"line":3,"column":15},"end":{"line":3,"column":42}},"2":{"start":{"line":4,"column":16},"end":{"line":4,"column":47}},"3":{"start":{"line":5,"column":24},"end":{"line":5,"column":63}},"4":{"start":{"line":6,"column":19},"end":{"line":14,"column":1}},"5":{"start":{"line":9,"column":3},"end":{"line":12,"column":34}},"6":{"start":{"line":10,"column":7},"end":{"line":10,"column":30}},"7":{"start":{"line":10,"column":17},"end":{"line":10,"column":30}},"8":{"start":{"line":11,"column":8},"end":{"line":11,"column":20}},"9":{"start":{"line":12,"column":22},"end":{"line":12,"column":30}},"10":{"start":{"line":15,"column":25},"end":{"line":21,"column":1}},"11":{"start":{"line":16,"column":0},"end":{"line":20,"column":30}},"12":{"start":{"line":17,"column":4},"end":{"line":17,"column":27}},"13":{"start":{"line":17,"column":14},"end":{"line":17,"column":27}},"14":{"start":{"line":18,"column":4},"end":{"line":18,"column":19}},"15":{"start":{"line":19,"column":4},"end":{"line":19,"column":16}},"16":{"start":{"line":20,"column":18},"end":{"line":20,"column":26}},"17":{"start":{"line":22,"column":21},"end":{"line":34,"column":5}},"18":{"start":{"line":23,"column":3},"end":{"line":33,"column":5}},"19":{"start":{"line":24,"column":8},"end":{"line":24,"column":40}},"20":{"start":{"line":24,"column":22},"end":{"line":24,"column":40}},"21":{"start":{"line":25,"column":8},"end":{"line":30,"column":9}},"22":{"start":{"line":26,"column":12},"end":{"line":29,"column":42}},"23":{"start":{"line":27,"column":16},"end":{"line":27,"column":57}},"24":{"start":{"line":27,"column":35},"end":{"line":27,"column":57}},"25":{"start":{"line":28,"column":16},"end":{"line":28,"column":49}},"26":{"start":{"line":28,"column":33},"end":{"line":28,"column":49}},"27":{"start":{"line":29,"column":30},"end":{"line":29,"column":38}},"28":{"start":{"line":36,"column":25},"end":{"line":41,"column":1}},"29":{"start":{"line":38,"column":4},"end":{"line":38,"column":82}},"30":{"start":{"line":49,"column":20},"end":{"line":88,"column":1}},"31":{"start":{"line":50,"column":4},"end":{"line":50,"column":51}},"32":{"start":{"line":51,"column":4},"end":{"line":86,"column":6}},"33":{"start":{"line":58,"column":8},"end":{"line":58,"column":60}},"34":{"start":{"line":58,"column":33},"end":{"line":58,"column":60}},"35":{"start":{"line":67,"column":22},"end":{"line":67,"column":49}},"36":{"start":{"line":68,"column":8},"end":{"line":68,"column":28}},"37":{"start":{"line":73,"column":8},"end":{"line":73,"column":68}},"38":{"start":{"line":73,"column":40},"end":{"line":73,"column":65}},"39":{"start":{"line":74,"column":12},"end":{"line":74,"column":83}},"40":{"start":{"line":74,"column":55},"end":{"line":74,"column":80}},"41":{"start":{"line":85,"column":8},"end":{"line":85,"column":35}},"42":{"start":{"line":90,"column":20},"end":{"line":128,"column":1}},"43":{"start":{"line":91,"column":12},"end":{"line":91,"column":13}},"44":{"start":{"line":92,"column":17},"end":{"line":92,"column":30}},"45":{"start":{"line":93,"column":4},"end":{"line":93,"column":24}},"46":{"start":{"line":94,"column":18},"end":{"line":123,"column":6}},"47":{"start":{"line":95,"column":7},"end":{"line":95,"column":22}},"48":{"start":{"line":97,"column":30},"end":{"line":97,"column":76}},"49":{"start":{"line":112,"column":7},"end":{"line":112,"column":22}},"50":{"start":{"line":114,"column":7},"end":{"line":114,"column":59}},"51":{"start":{"line":126,"column":4},"end":{"line":126,"column":56}},"52":{"start":{"line":129,"column":25},"end":{"line":133,"column":1}},"53":{"start":{"line":130,"column":5},"end":{"line":130,"column":32}},"54":{"start":{"line":131,"column":5},"end":{"line":131,"column":104}},"55":{"start":{"line":131,"column":57},"end":{"line":131,"column":93}},"56":{"start":{"line":138,"column":0},"end":{"line":138,"column":49}}},"fnMap":{"0":{"name":"(anonymous_0)","decl":{"start":{"line":6,"column":19},"end":{"line":6,"column":20}},"loc":{"start":{"line":6,"column":39},"end":{"line":14,"column":1}},"line":6},"1":{"name":"(anonymous_1)","decl":{"start":{"line":9,"column":47},"end":{"line":9,"column":48}},"loc":{"start":{"line":9,"column":56},"end":{"line":12,"column":5}},"line":9},"2":{"name":"(anonymous_2)","decl":{"start":{"line":12,"column":13},"end":{"line":12,"column":14}},"loc":{"start":{"line":12,"column":20},"end":{"line":12,"column":32}},"line":12},"3":{"name":"(anonymous_3)","decl":{"start":{"line":15,"column":25},"end":{"line":15,"column":26}},"loc":{"start":{"line":15,"column":53},"end":{"line":21,"column":1}},"line":15},"4":{"name":"(anonymous_4)","decl":{"start":{"line":16,"column":64},"end":{"line":16,"column":65}},"loc":{"start":{"line":16,"column":73},"end":{"line":20,"column":1}},"line":16},"5":{"name":"(anonymous_5)","decl":{"start":{"line":20,"column":9},"end":{"line":20,"column":10}},"loc":{"start":{"line":20,"column":16},"end":{"line":20,"column":28}},"line":20},"6":{"name":"(anonymous_6)","decl":{"start":{"line":22,"column":21},"end":{"line":22,"column":22}},"loc":{"start":{"line":22,"column":50},"end":{"line":34,"column":5}},"line":22},"7":{"name":"(anonymous_7)","decl":{"start":{"line":23,"column":37},"end":{"line":23,"column":38}},"loc":{"start":{"line":23,"column":50},"end":{"line":31,"column":9}},"line":23},"8":{"name":"(anonymous_8)","decl":{"start":{"line":26,"column":62},"end":{"line":26,"column":63}},"loc":{"start":{"line":26,"column":80},"end":{"line":29,"column":13}},"line":26},"9":{"name":"(anonymous_9)","decl":{"start":{"line":29,"column":21},"end":{"line":29,"column":22}},"loc":{"start":{"line":29,"column":28},"end":{"line":29,"column":40}},"line":29},"10":{"name":"(anonymous_10)","decl":{"start":{"line":32,"column":11},"end":{"line":32,"column":12}},"loc":{"start":{"line":32,"column":17},"end":{"line":33,"column":4}},"line":32},"11":{"name":"(anonymous_11)","decl":{"start":{"line":36,"column":25},"end":{"line":36,"column":26}},"loc":{"start":{"line":36,"column":49},"end":{"line":41,"column":1}},"line":36},"12":{"name":"(anonymous_12)","decl":{"start":{"line":49,"column":20},"end":{"line":49,"column":21}},"loc":{"start":{"line":49,"column":44},"end":{"line":88,"column":1}},"line":49},"13":{"name":"(anonymous_13)","decl":{"start":{"line":51,"column":50},"end":{"line":51,"column":51}},"loc":{"start":{"line":51,"column":67},"end":{"line":82,"column":5}},"line":51},"14":{"name":"(anonymous_14)","decl":{"start":{"line":73,"column":31},"end":{"line":73,"column":32}},"loc":{"start":{"line":73,"column":40},"end":{"line":73,"column":65}},"line":73},"15":{"name":"(anonymous_15)","decl":{"start":{"line":74,"column":46},"end":{"line":74,"column":47}},"loc":{"start":{"line":74,"column":55},"end":{"line":74,"column":80}},"line":74},"16":{"name":"(anonymous_16)","decl":{"start":{"line":84,"column":11},"end":{"line":84,"column":12}},"loc":{"start":{"line":84,"column":20},"end":{"line":86,"column":5}},"line":84},"17":{"name":"(anonymous_17)","decl":{"start":{"line":90,"column":20},"end":{"line":90,"column":21}},"loc":{"start":{"line":90,"column":44},"end":{"line":128,"column":1}},"line":90},"18":{"name":"(anonymous_18)","decl":{"start":{"line":94,"column":29},"end":{"line":94,"column":30}},"loc":{"start":{"line":94,"column":44},"end":{"line":123,"column":5}},"line":94},"19":{"name":"(anonymous_19)","decl":{"start":{"line":129,"column":25},"end":{"line":129,"column":26}},"loc":{"start":{"line":129,"column":42},"end":{"line":133,"column":1}},"line":129},"20":{"name":"(anonymous_20)","decl":{"start":{"line":131,"column":14},"end":{"line":131,"column":15}},"loc":{"start":{"line":131,"column":57},"end":{"line":131,"column":93}},"line":131}},"branchMap":{"0":{"loc":{"start":{"line":10,"column":7},"end":{"line":10,"column":30}},"type":"if","locations":[{"start":{"line":10,"column":7},"end":{"line":10,"column":30}},{"start":{"line":10,"column":7},"end":{"line":10,"column":30}}],"line":10},"1":{"loc":{"start":{"line":17,"column":4},"end":{"line":17,"column":27}},"type":"if","locations":[{"start":{"line":17,"column":4},"end":{"line":17,"column":27}},{"start":{"line":17,"column":4},"end":{"line":17,"column":27}}],"line":17},"2":{"loc":{"start":{"line":24,"column":8},"end":{"line":24,"column":40}},"type":"if","locations":[{"start":{"line":24,"column":8},"end":{"line":24,"column":40}},{"start":{"line":24,"column":8},"end":{"line":24,"column":40}}],"line":24},"3":{"loc":{"start":{"line":25,"column":8},"end":{"line":30,"column":9}},"type":"if","locations":[{"start":{"line":25,"column":8},"end":{"line":30,"column":9}},{"start":{"line":25,"column":8},"end":{"line":30,"column":9}}],"line":25},"4":{"loc":{"start":{"line":27,"column":16},"end":{"line":27,"column":57}},"type":"if","locations":[{"start":{"line":27,"column":16},"end":{"line":27,"column":57}},{"start":{"line":27,"column":16},"end":{"line":27,"column":57}}],"line":27},"5":{"loc":{"start":{"line":28,"column":16},"end":{"line":28,"column":49}},"type":"if","locations":[{"start":{"line":28,"column":16},"end":{"line":28,"column":49}},{"start":{"line":28,"column":16},"end":{"line":28,"column":49}}],"line":28},"6":{"loc":{"start":{"line":58,"column":8},"end":{"line":58,"column":60}},"type":"if","locations":[{"start":{"line":58,"column":8},"end":{"line":58,"column":60}},{"start":{"line":58,"column":8},"end":{"line":58,"column":60}}],"line":58}},"s":{"0":1,"1":1,"2":1,"3":1,"4":1,"5":0,"6":0,"7":0,"8":0,"9":0,"10":1,"11":0,"12":0,"13":0,"14":0,"15":0,"16":0,"17":1,"18":0,"19":0,"20":0,"21":0,"22":0,"23":0,"24":0,"25":0,"26":0,"27":0,"28":1,"29":0,"30":1,"31":0,"32":0,"33":0,"34":0,"35":0,"36":0,"37":0,"38":0,"39":0,"40":0,"41":0,"42":1,"43":0,"44":0,"45":0,"46":0,"47":0,"48":0,"49":0,"50":0,"51":0,"52":1,"53":0,"54":0,"55":0,"56":1},"f":{"0":0,"1":0,"2":0,"3":0,"4":0,"5":0,"6":0,"7":0,"8":0,"9":0,"10":0,"11":0,"12":0,"13":0,"14":0,"15":0,"16":0,"17":0,"18":0,"19":0,"20":0},"b":{"0":[0,0],"1":[0,0],"2":[0,0],"3":[0,0],"4":[0,0],"5":[0,0],"6":[0,0]},"_coverageSchema":"1a1c01bbd47fc00a2c39e90264f33305004495a9","hash":"9c77888ed2a56bc9e42fbba971a45ffcf5934095","contentHash":"cf021ac473aa9f96b7f58976b8b7090ea4321783bd7971fb5ec5feb71e4f12a1"},"G:\\SWbackend\\New folder\\Backend-team\\models\\album.js":{"path":"G:\\SWbackend\\New folder\\Backend-team\\models\\album.js","statementMap":{"0":{"start":{"line":1,"column":17},"end":{"line":1,"column":36}},"1":{"start":{"line":2,"column":13},"end":{"line":2,"column":28}},"2":{"start":{"line":3,"column":15},"end":{"line":3,"column":42}},"3":{"start":{"line":4,"column":31},"end":{"line":4,"column":53}},"4":{"start":{"line":7,"column":18},"end":{"line":29,"column":2}},"5":{"start":{"line":31,"column":0},"end":{"line":65,"column":1}},"6":{"start":{"line":32,"column":4},"end":{"line":32,"column":17}},"7":{"start":{"line":35,"column":4},"end":{"line":64,"column":9}},"8":{"start":{"line":37,"column":8},"end":{"line":41,"column":9}},"9":{"start":{"line":38,"column":12},"end":{"line":38,"column":36}},"10":{"start":{"line":39,"column":12},"end":{"line":39,"column":47}},"11":{"start":{"line":42,"column":8},"end":{"line":57,"column":9}},"12":{"start":{"line":43,"column":12},"end":{"line":43,"column":32}},"13":{"start":{"line":44,"column":12},"end":{"line":50,"column":15}},"14":{"start":{"line":45,"column":16},"end":{"line":45,"column":36}},"15":{"start":{"line":46,"column":16},"end":{"line":46,"column":50}},"16":{"start":{"line":48,"column":16},"end":{"line":48,"column":37}},"17":{"start":{"line":49,"column":16},"end":{"line":49,"column":41}},"18":{"start":{"line":53,"column":12},"end":{"line":53,"column":34}},"19":{"start":{"line":54,"column":12},"end":{"line":54,"column":44}},"20":{"start":{"line":55,"column":12},"end":{"line":55,"column":52}},"21":{"start":{"line":58,"column":8},"end":{"line":58,"column":30}},"22":{"start":{"line":59,"column":8},"end":{"line":59,"column":17}},"23":{"start":{"line":61,"column":8},"end":{"line":61,"column":25}},"24":{"start":{"line":62,"column":8},"end":{"line":62,"column":35}},"25":{"start":{"line":72,"column":12},"end":{"line":72,"column":49}},"26":{"start":{"line":75,"column":0},"end":{"line":75,"column":25}}},"fnMap":{"0":{"name":"(anonymous_0)","decl":{"start":{"line":31,"column":37},"end":{"line":31,"column":38}},"loc":{"start":{"line":31,"column":66},"end":{"line":65,"column":1}},"line":31},"1":{"name":"(anonymous_1)","decl":{"start":{"line":35,"column":48},"end":{"line":35,"column":49}},"loc":{"start":{"line":35,"column":59},"end":{"line":60,"column":5}},"line":35},"2":{"name":"(anonymous_2)","decl":{"start":{"line":44,"column":57},"end":{"line":44,"column":58}},"loc":{"start":{"line":44,"column":66},"end":{"line":47,"column":13}},"line":44},"3":{"name":"(anonymous_3)","decl":{"start":{"line":47,"column":21},"end":{"line":47,"column":22}},"loc":{"start":{"line":47,"column":28},"end":{"line":50,"column":13}},"line":47},"4":{"name":"(anonymous_4)","decl":{"start":{"line":60,"column":13},"end":{"line":60,"column":14}},"loc":{"start":{"line":60,"column":22},"end":{"line":63,"column":5}},"line":60}},"branchMap":{"0":{"loc":{"start":{"line":37,"column":8},"end":{"line":41,"column":9}},"type":"if","locations":[{"start":{"line":37,"column":8},"end":{"line":41,"column":9}},{"start":{"line":37,"column":8},"end":{"line":41,"column":9}}],"line":37},"1":{"loc":{"start":{"line":42,"column":8},"end":{"line":57,"column":9}},"type":"if","locations":[{"start":{"line":42,"column":8},"end":{"line":57,"column":9}},{"start":{"line":42,"column":8},"end":{"line":57,"column":9}}],"line":42}},"s":{"0":1,"1":1,"2":1,"3":1,"4":1,"5":1,"6":0,"7":0,"8":0,"9":0,"10":0,"11":0,"12":0,"13":0,"14":0,"15":0,"16":0,"17":0,"18":0,"19":0,"20":0,"21":0,"22":0,"23":0,"24":0,"25":1,"26":1},"f":{"0":0,"1":0,"2":0,"3":0,"4":0},"b":{"0":[0,0],"1":[0,0]},"_coverageSchema":"1a1c01bbd47fc00a2c39e90264f33305004495a9","hash":"dd6fc11b92e10d836998ac8b091871c659efaaaa","contentHash":"e89e763bed3ea61f55f090a572ca86102ff9b60c5116fa64ee06e04d5cbc686a"},"G:\\SWbackend\\New folder\\Backend-team\\Services\\ArtistServices.js":{"path":"G:\\SWbackend\\New folder\\Backend-team\\Services\\ArtistServices.js","statementMap":{"0":{"start":{"line":2,"column":19},"end":{"line":2,"column":49}},"1":{"start":{"line":3,"column":17},"end":{"line":3,"column":50}},"2":{"start":{"line":5,"column":16},"end":{"line":5,"column":47}},"3":{"start":{"line":6,"column":16},"end":{"line":6,"column":47}},"4":{"start":{"line":7,"column":25},"end":{"line":9,"column":1}},"5":{"start":{"line":8,"column":4},"end":{"line":8,"column":40}},"6":{"start":{"line":10,"column":25},"end":{"line":12,"column":1}},"7":{"start":{"line":11,"column":4},"end":{"line":11,"column":40}},"8":{"start":{"line":15,"column":16},"end":{"line":30,"column":1}},"9":{"start":{"line":16,"column":18},"end":{"line":22,"column":6}},"10":{"start":{"line":23,"column":4},"end":{"line":23,"column":25}},"11":{"start":{"line":25,"column":4},"end":{"line":29,"column":7}},"12":{"start":{"line":26,"column":8},"end":{"line":26,"column":29}},"13":{"start":{"line":28,"column":8},"end":{"line":28,"column":25}},"14":{"start":{"line":33,"column":27},"end":{"line":38,"column":1}},"15":{"start":{"line":35,"column":4},"end":{"line":35,"column":84}},"16":{"start":{"line":39,"column":22},"end":{"line":48,"column":1}},"17":{"start":{"line":40,"column":4},"end":{"line":40,"column":24}},"18":{"start":{"line":41,"column":4},"end":{"line":47,"column":6}},"19":{"start":{"line":42,"column":8},"end":{"line":42,"column":85}},"20":{"start":{"line":42,"column":64},"end":{"line":42,"column":80}},"21":{"start":{"line":43,"column":8},"end":{"line":43,"column":83}},"22":{"start":{"line":43,"column":62},"end":{"line":43,"column":78}},"23":{"start":{"line":46,"column":8},"end":{"line":46,"column":35}},"24":{"start":{"line":49,"column":20},"end":{"line":59,"column":1}},"25":{"start":{"line":50,"column":4},"end":{"line":50,"column":20}},"26":{"start":{"line":51,"column":4},"end":{"line":51,"column":48}},"27":{"start":{"line":52,"column":4},"end":{"line":56,"column":6}},"28":{"start":{"line":53,"column":8},"end":{"line":53,"column":36}},"29":{"start":{"line":54,"column":8},"end":{"line":54,"column":30}},"30":{"start":{"line":61,"column":22},"end":{"line":84,"column":1}},"31":{"start":{"line":62,"column":4},"end":{"line":62,"column":51}},"32":{"start":{"line":63,"column":4},"end":{"line":82,"column":10}},"33":{"start":{"line":64,"column":8},"end":{"line":64,"column":23}},"34":{"start":{"line":65,"column":8},"end":{"line":65,"column":61}},"35":{"start":{"line":65,"column":34},"end":{"line":65,"column":61}},"36":{"start":{"line":66,"column":8},"end":{"line":66,"column":23}},"37":{"start":{"line":68,"column":34},"end":{"line":68,"column":58}},"38":{"start":{"line":70,"column":24},"end":{"line":70,"column":58}},"39":{"start":{"line":73,"column":8},"end":{"line":73,"column":83}},"40":{"start":{"line":73,"column":53},"end":{"line":73,"column":80}},"41":{"start":{"line":81,"column":12},"end":{"line":81,"column":39}},"42":{"start":{"line":85,"column":16},"end":{"line":98,"column":1}},"43":{"start":{"line":87,"column":21},"end":{"line":95,"column":6}},"44":{"start":{"line":89,"column":23},"end":{"line":89,"column":59}},"45":{"start":{"line":90,"column":22},"end":{"line":90,"column":116}},"46":{"start":{"line":90,"column":49},"end":{"line":90,"column":114}},"47":{"start":{"line":90,"column":81},"end":{"line":90,"column":105}},"48":{"start":{"line":92,"column":8},"end":{"line":92,"column":55}},"49":{"start":{"line":96,"column":4},"end":{"line":96,"column":56}},"50":{"start":{"line":99,"column":16},"end":{"line":111,"column":1}},"51":{"start":{"line":101,"column":21},"end":{"line":108,"column":6}},"52":{"start":{"line":103,"column":23},"end":{"line":103,"column":59}},"53":{"start":{"line":104,"column":22},"end":{"line":104,"column":116}},"54":{"start":{"line":104,"column":49},"end":{"line":104,"column":114}},"55":{"start":{"line":104,"column":81},"end":{"line":104,"column":105}},"56":{"start":{"line":105,"column":8},"end":{"line":105,"column":56}},"57":{"start":{"line":109,"column":4},"end":{"line":109,"column":56}},"58":{"start":{"line":112,"column":26},"end":{"line":117,"column":1}},"59":{"start":{"line":113,"column":4},"end":{"line":113,"column":31}},"60":{"start":{"line":114,"column":4},"end":{"line":114,"column":30}},"61":{"start":{"line":115,"column":4},"end":{"line":115,"column":109}},"62":{"start":{"line":115,"column":58},"end":{"line":115,"column":97}},"63":{"start":{"line":118,"column":0},"end":{"line":124,"column":1}}},"fnMap":{"0":{"name":"(anonymous_0)","decl":{"start":{"line":7,"column":25},"end":{"line":7,"column":26}},"loc":{"start":{"line":7,"column":39},"end":{"line":9,"column":1}},"line":7},"1":{"name":"(anonymous_1)","decl":{"start":{"line":10,"column":25},"end":{"line":10,"column":26}},"loc":{"start":{"line":10,"column":39},"end":{"line":12,"column":1}},"line":10},"2":{"name":"(anonymous_2)","decl":{"start":{"line":15,"column":16},"end":{"line":15,"column":17}},"loc":{"start":{"line":15,"column":64},"end":{"line":30,"column":1}},"line":15},"3":{"name":"(anonymous_3)","decl":{"start":{"line":25,"column":24},"end":{"line":25,"column":25}},"loc":{"start":{"line":25,"column":33},"end":{"line":27,"column":5}},"line":25},"4":{"name":"(anonymous_4)","decl":{"start":{"line":27,"column":7},"end":{"line":27,"column":8}},"loc":{"start":{"line":27,"column":16},"end":{"line":29,"column":5}},"line":27},"5":{"name":"(anonymous_5)","decl":{"start":{"line":33,"column":27},"end":{"line":33,"column":28}},"loc":{"start":{"line":33,"column":51},"end":{"line":38,"column":1}},"line":33},"6":{"name":"(anonymous_6)","decl":{"start":{"line":39,"column":22},"end":{"line":39,"column":23}},"loc":{"start":{"line":39,"column":46},"end":{"line":48,"column":1}},"line":39},"7":{"name":"(anonymous_7)","decl":{"start":{"line":41,"column":51},"end":{"line":41,"column":52}},"loc":{"start":{"line":41,"column":64},"end":{"line":44,"column":5}},"line":41},"8":{"name":"(anonymous_8)","decl":{"start":{"line":42,"column":45},"end":{"line":42,"column":46}},"loc":{"start":{"line":42,"column":62},"end":{"line":42,"column":82}},"line":42},"9":{"name":"(anonymous_9)","decl":{"start":{"line":43,"column":43},"end":{"line":43,"column":44}},"loc":{"start":{"line":43,"column":60},"end":{"line":43,"column":80}},"line":43},"10":{"name":"(anonymous_10)","decl":{"start":{"line":45,"column":12},"end":{"line":45,"column":13}},"loc":{"start":{"line":45,"column":21},"end":{"line":47,"column":5}},"line":45},"11":{"name":"(anonymous_11)","decl":{"start":{"line":49,"column":20},"end":{"line":49,"column":21}},"loc":{"start":{"line":49,"column":34},"end":{"line":59,"column":1}},"line":49},"12":{"name":"(anonymous_12)","decl":{"start":{"line":52,"column":36},"end":{"line":52,"column":37}},"loc":{"start":{"line":52,"column":45},"end":{"line":56,"column":5}},"line":52},"13":{"name":"(anonymous_13)","decl":{"start":{"line":61,"column":22},"end":{"line":61,"column":23}},"loc":{"start":{"line":61,"column":46},"end":{"line":84,"column":1}},"line":61},"14":{"name":"(anonymous_14)","decl":{"start":{"line":63,"column":51},"end":{"line":63,"column":52}},"loc":{"start":{"line":63,"column":70},"end":{"line":78,"column":5}},"line":63},"15":{"name":"(anonymous_15)","decl":{"start":{"line":73,"column":43},"end":{"line":73,"column":44}},"loc":{"start":{"line":73,"column":53},"end":{"line":73,"column":80}},"line":73},"16":{"name":"(anonymous_16)","decl":{"start":{"line":80,"column":15},"end":{"line":80,"column":16}},"loc":{"start":{"line":80,"column":24},"end":{"line":82,"column":9}},"line":80},"17":{"name":"(anonymous_17)","decl":{"start":{"line":85,"column":16},"end":{"line":85,"column":17}},"loc":{"start":{"line":85,"column":41},"end":{"line":98,"column":1}},"line":85},"18":{"name":"(anonymous_18)","decl":{"start":{"line":87,"column":33},"end":{"line":87,"column":34}},"loc":{"start":{"line":87,"column":49},"end":{"line":95,"column":5}},"line":87},"19":{"name":"(anonymous_19)","decl":{"start":{"line":90,"column":39},"end":{"line":90,"column":40}},"loc":{"start":{"line":90,"column":49},"end":{"line":90,"column":114}},"line":90},"20":{"name":"(anonymous_20)","decl":{"start":{"line":90,"column":50},"end":{"line":90,"column":51}},"loc":{"start":{"line":90,"column":81},"end":{"line":90,"column":105}},"line":90},"21":{"name":"(anonymous_21)","decl":{"start":{"line":99,"column":16},"end":{"line":99,"column":17}},"loc":{"start":{"line":99,"column":41},"end":{"line":111,"column":1}},"line":99},"22":{"name":"(anonymous_22)","decl":{"start":{"line":101,"column":33},"end":{"line":101,"column":34}},"loc":{"start":{"line":101,"column":49},"end":{"line":108,"column":5}},"line":101},"23":{"name":"(anonymous_23)","decl":{"start":{"line":104,"column":39},"end":{"line":104,"column":40}},"loc":{"start":{"line":104,"column":49},"end":{"line":104,"column":114}},"line":104},"24":{"name":"(anonymous_24)","decl":{"start":{"line":104,"column":50},"end":{"line":104,"column":51}},"loc":{"start":{"line":104,"column":81},"end":{"line":104,"column":105}},"line":104},"25":{"name":"(anonymous_25)","decl":{"start":{"line":112,"column":26},"end":{"line":112,"column":27}},"loc":{"start":{"line":112,"column":44},"end":{"line":117,"column":1}},"line":112},"26":{"name":"(anonymous_26)","decl":{"start":{"line":115,"column":13},"end":{"line":115,"column":14}},"loc":{"start":{"line":115,"column":58},"end":{"line":115,"column":97}},"line":115}},"branchMap":{"0":{"loc":{"start":{"line":65,"column":8},"end":{"line":65,"column":61}},"type":"if","locations":[{"start":{"line":65,"column":8},"end":{"line":65,"column":61}},{"start":{"line":65,"column":8},"end":{"line":65,"column":61}}],"line":65}},"s":{"0":1,"1":1,"2":1,"3":1,"4":1,"5":0,"6":1,"7":0,"8":1,"9":0,"10":0,"11":0,"12":0,"13":0,"14":1,"15":0,"16":1,"17":0,"18":0,"19":0,"20":0,"21":0,"22":0,"23":0,"24":1,"25":0,"26":0,"27":0,"28":0,"29":0,"30":1,"31":0,"32":0,"33":0,"34":0,"35":0,"36":0,"37":0,"38":0,"39":0,"40":0,"41":0,"42":1,"43":0,"44":0,"45":0,"46":0,"47":0,"48":0,"49":0,"50":1,"51":0,"52":0,"53":0,"54":0,"55":0,"56":0,"57":0,"58":1,"59":0,"60":0,"61":0,"62":0,"63":1},"f":{"0":0,"1":0,"2":0,"3":0,"4":0,"5":0,"6":0,"7":0,"8":0,"9":0,"10":0,"11":0,"12":0,"13":0,"14":0,"15":0,"16":0,"17":0,"18":0,"19":0,"20":0,"21":0,"22":0,"23":0,"24":0,"25":0,"26":0},"b":{"0":[0,0]},"_coverageSchema":"1a1c01bbd47fc00a2c39e90264f33305004495a9","hash":"276e3cd7504bce1805750aeac2f33043c8b013b9","contentHash":"0416c9e5961b5410de7c42fee0a589d5f6d695dea01ff635d68b84b0f24d6a3e"},"G:\\SWbackend\\New folder\\Backend-team\\Services\\artistRelatedArtists.js":{"path":"G:\\SWbackend\\New folder\\Backend-team\\Services\\artistRelatedArtists.js","statementMap":{"0":{"start":{"line":1,"column":15},"end":{"line":1,"column":45}},"1":{"start":{"line":2,"column":13},"end":{"line":2,"column":46}},"2":{"start":{"line":7,"column":15},"end":{"line":7,"column":33}},"3":{"start":{"line":8,"column":17},"end":{"line":8,"column":35}},"4":{"start":{"line":9,"column":16},"end":{"line":9,"column":38}},"5":{"start":{"line":10,"column":11},"end":{"line":10,"column":42}},"6":{"start":{"line":12,"column":8},"end":{"line":12,"column":17}},"7":{"start":{"line":14,"column":0},"end":{"line":14,"column":27}},"8":{"start":{"line":20,"column":0},"end":{"line":62,"column":3}},"9":{"start":{"line":21,"column":16},"end":{"line":21,"column":36}},"10":{"start":{"line":22,"column":4},"end":{"line":61,"column":4}},"11":{"start":{"line":23,"column":8},"end":{"line":25,"column":9}},"12":{"start":{"line":24,"column":12},"end":{"line":24,"column":36}},"13":{"start":{"line":27,"column":15},"end":{"line":27,"column":32}},"14":{"start":{"line":28,"column":4},"end":{"line":30,"column":5}},"15":{"start":{"line":29,"column":8},"end":{"line":29,"column":58}},"16":{"start":{"line":31,"column":4},"end":{"line":33,"column":5}},"17":{"start":{"line":32,"column":8},"end":{"line":32,"column":50}},"18":{"start":{"line":34,"column":4},"end":{"line":58,"column":6}},"19":{"start":{"line":35,"column":8},"end":{"line":37,"column":9}},"20":{"start":{"line":36,"column":12},"end":{"line":36,"column":56}},"21":{"start":{"line":39,"column":8},"end":{"line":53,"column":10}},"22":{"start":{"line":40,"column":8},"end":{"line":49,"column":9}},"23":{"start":{"line":40,"column":22},"end":{"line":40,"column":23}},"24":{"start":{"line":42,"column":12},"end":{"line":48,"column":13}},"25":{"start":{"line":43,"column":30},"end":{"line":43,"column":53}},"26":{"start":{"line":44,"column":16},"end":{"line":44,"column":86}},"27":{"start":{"line":45,"column":16},"end":{"line":45,"column":72}},"28":{"start":{"line":46,"column":16},"end":{"line":46,"column":39}},"29":{"start":{"line":47,"column":16},"end":{"line":47,"column":22}},"30":{"start":{"line":50,"column":8},"end":{"line":50,"column":47}},"31":{"start":{"line":52,"column":12},"end":{"line":52,"column":58}},"32":{"start":{"line":57,"column":8},"end":{"line":57,"column":54}},"33":{"start":{"line":60,"column":4},"end":{"line":60,"column":48}},"34":{"start":{"line":64,"column":0},"end":{"line":68,"column":1}},"35":{"start":{"line":65,"column":4},"end":{"line":67,"column":7}},"36":{"start":{"line":66,"column":8},"end":{"line":66,"column":44}},"37":{"start":{"line":69,"column":0},"end":{"line":69,"column":21}}},"fnMap":{"0":{"name":"(anonymous_0)","decl":{"start":{"line":20,"column":27},"end":{"line":20,"column":28}},"loc":{"start":{"line":20,"column":38},"end":{"line":62,"column":1}},"line":20},"1":{"name":"(anonymous_1)","decl":{"start":{"line":22,"column":33},"end":{"line":22,"column":34}},"loc":{"start":{"line":22,"column":41},"end":{"line":59,"column":3}},"line":22},"2":{"name":"(anonymous_2)","decl":{"start":{"line":34,"column":33},"end":{"line":34,"column":34}},"loc":{"start":{"line":34,"column":46},"end":{"line":55,"column":5}},"line":34},"3":{"name":"(anonymous_3)","decl":{"start":{"line":39,"column":58},"end":{"line":39,"column":59}},"loc":{"start":{"line":39,"column":78},"end":{"line":51,"column":9}},"line":39},"4":{"name":"(anonymous_4)","decl":{"start":{"line":51,"column":10},"end":{"line":51,"column":11}},"loc":{"start":{"line":51,"column":15},"end":{"line":53,"column":9}},"line":51},"5":{"name":"(anonymous_5)","decl":{"start":{"line":55,"column":6},"end":{"line":55,"column":7}},"loc":{"start":{"line":55,"column":11},"end":{"line":58,"column":5}},"line":55},"6":{"name":"(anonymous_6)","decl":{"start":{"line":59,"column":11},"end":{"line":59,"column":12}},"loc":{"start":{"line":59,"column":16},"end":{"line":61,"column":3}},"line":59},"7":{"name":"(anonymous_7)","decl":{"start":{"line":65,"column":20},"end":{"line":65,"column":21}},"loc":{"start":{"line":65,"column":24},"end":{"line":67,"column":5}},"line":65}},"branchMap":{"0":{"loc":{"start":{"line":23,"column":8},"end":{"line":25,"column":9}},"type":"if","locations":[{"start":{"line":23,"column":8},"end":{"line":25,"column":9}},{"start":{"line":23,"column":8},"end":{"line":25,"column":9}}],"line":23},"1":{"loc":{"start":{"line":28,"column":4},"end":{"line":30,"column":5}},"type":"if","locations":[{"start":{"line":28,"column":4},"end":{"line":30,"column":5}},{"start":{"line":28,"column":4},"end":{"line":30,"column":5}}],"line":28},"2":{"loc":{"start":{"line":31,"column":4},"end":{"line":33,"column":5}},"type":"if","locations":[{"start":{"line":31,"column":4},"end":{"line":33,"column":5}},{"start":{"line":31,"column":4},"end":{"line":33,"column":5}}],"line":31},"3":{"loc":{"start":{"line":35,"column":8},"end":{"line":37,"column":9}},"type":"if","locations":[{"start":{"line":35,"column":8},"end":{"line":37,"column":9}},{"start":{"line":35,"column":8},"end":{"line":37,"column":9}}],"line":35},"4":{"loc":{"start":{"line":42,"column":12},"end":{"line":48,"column":13}},"type":"if","locations":[{"start":{"line":42,"column":12},"end":{"line":48,"column":13}},{"start":{"line":42,"column":12},"end":{"line":48,"column":13}}],"line":42},"5":{"loc":{"start":{"line":64,"column":0},"end":{"line":68,"column":1}},"type":"if","locations":[{"start":{"line":64,"column":0},"end":{"line":68,"column":1}},{"start":{"line":64,"column":0},"end":{"line":68,"column":1}}],"line":64}},"s":{"0":1,"1":1,"2":1,"3":1,"4":1,"5":1,"6":1,"7":1,"8":1,"9":0,"10":0,"11":0,"12":0,"13":0,"14":0,"15":0,"16":0,"17":0,"18":0,"19":0,"20":0,"21":0,"22":0,"23":0,"24":0,"25":0,"26":0,"27":0,"28":0,"29":0,"30":0,"31":0,"32":0,"33":0,"34":1,"35":0,"36":0,"37":1},"f":{"0":0,"1":0,"2":0,"3":0,"4":0,"5":0,"6":0,"7":0},"b":{"0":[0,0],"1":[0,0],"2":[0,0],"3":[0,0],"4":[0,0],"5":[0,1]},"_coverageSchema":"1a1c01bbd47fc00a2c39e90264f33305004495a9","hash":"45b597379fa7174a162cfe70dca29b6e88d628f5","contentHash":"483388d655b35c9d5c57a6344bd4d22f4e7f9e9cdbfa3f57fb7decbfd1c7fb04"},"G:\\SWbackend\\New folder\\Backend-team\\models\\users.js":{"path":"G:\\SWbackend\\New folder\\Backend-team\\models\\users.js","statementMap":{"0":{"start":{"line":1,"column":17},"end":{"line":1,"column":36}},"1":{"start":{"line":2,"column":12},"end":{"line":2,"column":35}},"2":{"start":{"line":3,"column":15},"end":{"line":3,"column":34}},"3":{"start":{"line":4,"column":15},"end":{"line":4,"column":20}},"4":{"start":{"line":5,"column":17},"end":{"line":5,"column":38}},"5":{"start":{"line":7,"column":17},"end":{"line":63,"column":2}},"6":{"start":{"line":66,"column":0},"end":{"line":90,"column":2}},"7":{"start":{"line":67,"column":4},"end":{"line":67,"column":29}},"8":{"start":{"line":68,"column":15},"end":{"line":68,"column":19}},"9":{"start":{"line":69,"column":4},"end":{"line":69,"column":30}},"10":{"start":{"line":70,"column":4},"end":{"line":88,"column":7}},"11":{"start":{"line":71,"column":8},"end":{"line":71,"column":34}},"12":{"start":{"line":72,"column":8},"end":{"line":76,"column":9}},"13":{"start":{"line":73,"column":12},"end":{"line":73,"column":36}},"14":{"start":{"line":74,"column":12},"end":{"line":74,"column":36}},"15":{"start":{"line":77,"column":8},"end":{"line":87,"column":10}},"16":{"start":{"line":78,"column":12},"end":{"line":86,"column":15}},"17":{"start":{"line":79,"column":16},"end":{"line":85,"column":17}},"18":{"start":{"line":80,"column":20},"end":{"line":80,"column":43}},"19":{"start":{"line":81,"column":20},"end":{"line":81,"column":34}},"20":{"start":{"line":83,"column":20},"end":{"line":83,"column":53}},"21":{"start":{"line":84,"column":20},"end":{"line":84,"column":29}},"22":{"start":{"line":92,"column":0},"end":{"line":103,"column":1}},"23":{"start":{"line":93,"column":15},"end":{"line":93,"column":19}},"24":{"start":{"line":94,"column":17},"end":{"line":94,"column":23}},"25":{"start":{"line":96,"column":16},"end":{"line":96,"column":96}},"26":{"start":{"line":98,"column":4},"end":{"line":102,"column":7}},"27":{"start":{"line":100,"column":8},"end":{"line":100,"column":23}},"28":{"start":{"line":105,"column":0},"end":{"line":118,"column":2}},"29":{"start":{"line":106,"column":15},"end":{"line":106,"column":19}},"30":{"start":{"line":109,"column":4},"end":{"line":113,"column":5}},"31":{"start":{"line":110,"column":8},"end":{"line":110,"column":57}},"32":{"start":{"line":112,"column":7},"end":{"line":112,"column":31}},"33":{"start":{"line":114,"column":4},"end":{"line":116,"column":7}},"34":{"start":{"line":120,"column":0},"end":{"line":141,"column":2}},"35":{"start":{"line":121,"column":15},"end":{"line":121,"column":19}},"36":{"start":{"line":124,"column":4},"end":{"line":128,"column":5}},"37":{"start":{"line":125,"column":8},"end":{"line":125,"column":57}},"38":{"start":{"line":127,"column":7},"end":{"line":127,"column":31}},"39":{"start":{"line":131,"column":4},"end":{"line":138,"column":3}},"40":{"start":{"line":162,"column":0},"end":{"line":175,"column":5}},"41":{"start":{"line":163,"column":13},"end":{"line":163,"column":17}},"42":{"start":{"line":164,"column":15},"end":{"line":164,"column":22}},"43":{"start":{"line":165,"column":14},"end":{"line":165,"column":78}},"44":{"start":{"line":166,"column":4},"end":{"line":166,"column":26}},"45":{"start":{"line":167,"column":4},"end":{"line":167,"column":22}},"46":{"start":{"line":168,"column":4},"end":{"line":173,"column":6}},"47":{"start":{"line":169,"column":8},"end":{"line":172,"column":11}},"48":{"start":{"line":170,"column":12},"end":{"line":170,"column":27}},"49":{"start":{"line":179,"column":4},"end":{"line":195,"column":6}},"50":{"start":{"line":180,"column":19},"end":{"line":180,"column":23}},"51":{"start":{"line":182,"column":14},"end":{"line":182,"column":19}},"52":{"start":{"line":183,"column":8},"end":{"line":187,"column":9}},"53":{"start":{"line":184,"column":12},"end":{"line":184,"column":61}},"54":{"start":{"line":186,"column":11},"end":{"line":186,"column":35}},"55":{"start":{"line":188,"column":8},"end":{"line":193,"column":11}},"56":{"start":{"line":198,"column":4},"end":{"line":201,"column":6}},"57":{"start":{"line":199,"column":19},"end":{"line":199,"column":23}},"58":{"start":{"line":200,"column":8},"end":{"line":200,"column":46}},"59":{"start":{"line":209,"column":15},"end":{"line":209,"column":50}},"60":{"start":{"line":213,"column":0},"end":{"line":215,"column":2}}},"fnMap":{"0":{"name":"(anonymous_0)","decl":{"start":{"line":66,"column":39},"end":{"line":66,"column":40}},"loc":{"start":{"line":66,"column":66},"end":{"line":90,"column":1}},"line":66},"1":{"name":"(anonymous_1)","decl":{"start":{"line":70,"column":40},"end":{"line":70,"column":41}},"loc":{"start":{"line":70,"column":50},"end":{"line":88,"column":5}},"line":70},"2":{"name":"(anonymous_2)","decl":{"start":{"line":77,"column":27},"end":{"line":77,"column":28}},"loc":{"start":{"line":77,"column":48},"end":{"line":87,"column":9}},"line":77},"3":{"name":"(anonymous_3)","decl":{"start":{"line":78,"column":52},"end":{"line":78,"column":53}},"loc":{"start":{"line":78,"column":66},"end":{"line":86,"column":13}},"line":78},"4":{"name":"(anonymous_4)","decl":{"start":{"line":92,"column":39},"end":{"line":92,"column":40}},"loc":{"start":{"line":92,"column":51},"end":{"line":103,"column":1}},"line":92},"5":{"name":"(anonymous_5)","decl":{"start":{"line":98,"column":23},"end":{"line":98,"column":24}},"loc":{"start":{"line":98,"column":44},"end":{"line":102,"column":5}},"line":98},"6":{"name":"(anonymous_6)","decl":{"start":{"line":105,"column":33},"end":{"line":105,"column":34}},"loc":{"start":{"line":105,"column":50},"end":{"line":118,"column":1}},"line":105},"7":{"name":"(anonymous_7)","decl":{"start":{"line":120,"column":37},"end":{"line":120,"column":38}},"loc":{"start":{"line":120,"column":54},"end":{"line":141,"column":1}},"line":120},"8":{"name":"(anonymous_8)","decl":{"start":{"line":162,"column":38},"end":{"line":162,"column":39}},"loc":{"start":{"line":162,"column":48},"end":{"line":175,"column":5}},"line":162},"9":{"name":"(anonymous_9)","decl":{"start":{"line":168,"column":28},"end":{"line":168,"column":29}},"loc":{"start":{"line":168,"column":32},"end":{"line":173,"column":5}},"line":168},"10":{"name":"(anonymous_10)","decl":{"start":{"line":169,"column":27},"end":{"line":169,"column":28}},"loc":{"start":{"line":169,"column":48},"end":{"line":172,"column":9}},"line":169},"11":{"name":"(anonymous_11)","decl":{"start":{"line":179,"column":42},"end":{"line":179,"column":43}},"loc":{"start":{"line":179,"column":59},"end":{"line":195,"column":5}},"line":179},"12":{"name":"(anonymous_12)","decl":{"start":{"line":198,"column":37},"end":{"line":198,"column":38}},"loc":{"start":{"line":198,"column":57},"end":{"line":201,"column":5}},"line":198}},"branchMap":{"0":{"loc":{"start":{"line":72,"column":8},"end":{"line":76,"column":9}},"type":"if","locations":[{"start":{"line":72,"column":8},"end":{"line":76,"column":9}},{"start":{"line":72,"column":8},"end":{"line":76,"column":9}}],"line":72},"1":{"loc":{"start":{"line":79,"column":16},"end":{"line":85,"column":17}},"type":"if","locations":[{"start":{"line":79,"column":16},"end":{"line":85,"column":17}},{"start":{"line":79,"column":16},"end":{"line":85,"column":17}}],"line":79}},"s":{"0":1,"1":1,"2":1,"3":1,"4":1,"5":1,"6":1,"7":0,"8":0,"9":0,"10":0,"11":0,"12":0,"13":0,"14":0,"15":0,"16":0,"17":0,"18":0,"19":0,"20":0,"21":0,"22":1,"23":2,"24":2,"25":2,"26":2,"27":2,"28":1,"29":4,"30":4,"31":4,"32":2,"33":2,"34":1,"35":0,"36":0,"37":0,"38":0,"39":0,"40":1,"41":0,"42":0,"43":0,"44":0,"45":0,"46":0,"47":0,"48":0,"49":1,"50":0,"51":0,"52":0,"53":0,"54":0,"55":0,"56":1,"57":0,"58":0,"59":1,"60":1},"f":{"0":0,"1":0,"2":0,"3":0,"4":2,"5":2,"6":4,"7":0,"8":0,"9":0,"10":0,"11":0,"12":0},"b":{"0":[0,0],"1":[0,0]},"_coverageSchema":"1a1c01bbd47fc00a2c39e90264f33305004495a9","hash":"e0dce8381c54ad8a0299fbfc82812dd3a4ec7e0f","contentHash":"ebd1eb759bee3b58889b36f3c957e9d0058215e49698abc46dd052d4e76374bf"},"G:\\SWbackend\\New folder\\Backend-team\\Services\\AuthenticationService.js":{"path":"G:\\SWbackend\\New folder\\Backend-team\\Services\\AuthenticationService.js","statementMap":{"0":{"start":{"line":2,"column":16},"end":{"line":2,"column":34}},"1":{"start":{"line":3,"column":12},"end":{"line":3,"column":35}},"2":{"start":{"line":4,"column":27},"end":{"line":26,"column":1}},"3":{"start":{"line":5,"column":16},"end":{"line":5,"column":36}},"4":{"start":{"line":6,"column":4},"end":{"line":6,"column":30}},"5":{"start":{"line":7,"column":4},"end":{"line":25,"column":5}},"6":{"start":{"line":8,"column":8},"end":{"line":8,"column":59}},"7":{"start":{"line":9,"column":8},"end":{"line":9,"column":33}},"8":{"start":{"line":10,"column":8},"end":{"line":10,"column":34}},"9":{"start":{"line":11,"column":8},"end":{"line":11,"column":15}},"10":{"start":{"line":14,"column":8},"end":{"line":14,"column":41}},"11":{"start":{"line":15,"column":8},"end":{"line":24,"column":9}},"12":{"start":{"line":16,"column":12},"end":{"line":16,"column":39}},"13":{"start":{"line":17,"column":12},"end":{"line":17,"column":64}},"14":{"start":{"line":18,"column":12},"end":{"line":18,"column":37}},"15":{"start":{"line":19,"column":12},"end":{"line":19,"column":35}},"16":{"start":{"line":20,"column":12},"end":{"line":20,"column":19}},"17":{"start":{"line":23,"column":12},"end":{"line":23,"column":55}},"18":{"start":{"line":27,"column":26},"end":{"line":39,"column":1}},"19":{"start":{"line":28,"column":16},"end":{"line":28,"column":36}},"20":{"start":{"line":29,"column":8},"end":{"line":38,"column":9}},"21":{"start":{"line":30,"column":12},"end":{"line":30,"column":39}},"22":{"start":{"line":31,"column":29},"end":{"line":31,"column":68}},"23":{"start":{"line":32,"column":12},"end":{"line":32,"column":37}},"24":{"start":{"line":33,"column":12},"end":{"line":33,"column":35}},"25":{"start":{"line":34,"column":12},"end":{"line":34,"column":19}},"26":{"start":{"line":37,"column":12},"end":{"line":37,"column":55}},"27":{"start":{"line":40,"column":0},"end":{"line":43,"column":1}}},"fnMap":{"0":{"name":"(anonymous_0)","decl":{"start":{"line":4,"column":27},"end":{"line":4,"column":28}},"loc":{"start":{"line":4,"column":47},"end":{"line":26,"column":1}},"line":4},"1":{"name":"(anonymous_1)","decl":{"start":{"line":27,"column":26},"end":{"line":27,"column":27}},"loc":{"start":{"line":27,"column":46},"end":{"line":39,"column":1}},"line":27}},"branchMap":{},"s":{"0":1,"1":1,"2":1,"3":0,"4":0,"5":0,"6":0,"7":0,"8":0,"9":0,"10":0,"11":0,"12":0,"13":0,"14":0,"15":0,"16":0,"17":0,"18":1,"19":0,"20":0,"21":0,"22":0,"23":0,"24":0,"25":0,"26":0,"27":1},"f":{"0":0,"1":0},"b":{},"_coverageSchema":"1a1c01bbd47fc00a2c39e90264f33305004495a9","hash":"9fa4defb7c01726e4058c9c27d6d870c64eea5c7","contentHash":"6f5e4155d99ad03610fd84d79286af97875075ce8f8cce2ff4a015ff83e709d0"},"G:\\SWbackend\\New folder\\Backend-team\\Services\\Authorization.js":{"path":"G:\\SWbackend\\New folder\\Backend-team\\Services\\Authorization.js","statementMap":{"0":{"start":{"line":2,"column":12},"end":{"line":2,"column":35}},"1":{"start":{"line":3,"column":17},"end":{"line":5,"column":1}}},"fnMap":{"0":{"name":"(anonymous_0)","decl":{"start":{"line":3,"column":17},"end":{"line":3,"column":18}},"loc":{"start":{"line":3,"column":39},"end":{"line":5,"column":1}},"line":3}},"branchMap":{},"s":{"0":1,"1":1},"f":{"0":0},"b":{},"_coverageSchema":"1a1c01bbd47fc00a2c39e90264f33305004495a9","hash":"2d3371d17d55eb275074ea4e377753b2745dea33","contentHash":"b021849f4c2eadaec06e7bf8ea963a809d5b392b22ab091934d6918b88daab4a"},"G:\\SWbackend\\New folder\\Backend-team\\Services\\createplaylist.js":{"path":"G:\\SWbackend\\New folder\\Backend-team\\Services\\createplaylist.js","statementMap":{"0":{"start":{"line":2,"column":15},"end":{"line":2,"column":33}},"1":{"start":{"line":3,"column":16},"end":{"line":3,"column":38}},"2":{"start":{"line":4,"column":17},"end":{"line":4,"column":35}},"3":{"start":{"line":7,"column":15},"end":{"line":7,"column":45}},"4":{"start":{"line":8,"column":15},"end":{"line":8,"column":50}},"5":{"start":{"line":9,"column":11},"end":{"line":9,"column":42}},"6":{"start":{"line":10,"column":13},"end":{"line":10,"column":45}},"7":{"start":{"line":18,"column":8},"end":{"line":18,"column":17}},"8":{"start":{"line":20,"column":0},"end":{"line":20,"column":27}},"9":{"start":{"line":24,"column":0},"end":{"line":84,"column":3}},"10":{"start":{"line":26,"column":16},"end":{"line":26,"column":36}},"11":{"start":{"line":27,"column":4},"end":{"line":83,"column":6}},"12":{"start":{"line":28,"column":8},"end":{"line":30,"column":9}},"13":{"start":{"line":29,"column":12},"end":{"line":29,"column":36}},"14":{"start":{"line":31,"column":8},"end":{"line":33,"column":9}},"15":{"start":{"line":32,"column":12},"end":{"line":32,"column":69}},"16":{"start":{"line":34,"column":23},"end":{"line":34,"column":32}},"17":{"start":{"line":35,"column":8},"end":{"line":48,"column":13}},"18":{"start":{"line":36,"column":12},"end":{"line":47,"column":19}},"19":{"start":{"line":37,"column":20},"end":{"line":46,"column":25}},"20":{"start":{"line":38,"column":28},"end":{"line":41,"column":58}},"21":{"start":{"line":42,"column":28},"end":{"line":42,"column":46}},"22":{"start":{"line":44,"column":29},"end":{"line":46,"column":25}},"23":{"start":{"line":45,"column":28},"end":{"line":45,"column":46}},"24":{"start":{"line":52,"column":20},"end":{"line":52,"column":28}},"25":{"start":{"line":53,"column":8},"end":{"line":78,"column":11}},"26":{"start":{"line":54,"column":12},"end":{"line":77,"column":13}},"27":{"start":{"line":55,"column":39},"end":{"line":64,"column":18}},"28":{"start":{"line":63,"column":20},"end":{"line":63,"column":77}},"29":{"start":{"line":66,"column":16},"end":{"line":72,"column":19}},"30":{"start":{"line":67,"column":20},"end":{"line":67,"column":35}},"31":{"start":{"line":68,"column":20},"end":{"line":68,"column":46}},"32":{"start":{"line":70,"column":20},"end":{"line":70,"column":35}},"33":{"start":{"line":71,"column":20},"end":{"line":71,"column":72}},"34":{"start":{"line":75,"column":17},"end":{"line":77,"column":13}},"35":{"start":{"line":76,"column":16},"end":{"line":76,"column":92}},"36":{"start":{"line":82,"column":8},"end":{"line":82,"column":52}},"37":{"start":{"line":89,"column":0},"end":{"line":93,"column":1}},"38":{"start":{"line":90,"column":4},"end":{"line":92,"column":7}},"39":{"start":{"line":91,"column":8},"end":{"line":91,"column":44}},"40":{"start":{"line":94,"column":0},"end":{"line":94,"column":21}}},"fnMap":{"0":{"name":"(anonymous_0)","decl":{"start":{"line":24,"column":22},"end":{"line":24,"column":23}},"loc":{"start":{"line":24,"column":33},"end":{"line":84,"column":1}},"line":24},"1":{"name":"(anonymous_1)","decl":{"start":{"line":27,"column":33},"end":{"line":27,"column":34}},"loc":{"start":{"line":27,"column":41},"end":{"line":81,"column":5}},"line":27},"2":{"name":"(anonymous_2)","decl":{"start":{"line":36,"column":58},"end":{"line":36,"column":59}},"loc":{"start":{"line":36,"column":69},"end":{"line":47,"column":17}},"line":36},"3":{"name":"(anonymous_3)","decl":{"start":{"line":53,"column":92},"end":{"line":53,"column":93}},"loc":{"start":{"line":53,"column":107},"end":{"line":78,"column":9}},"line":53},"4":{"name":"(anonymous_4)","decl":{"start":{"line":62,"column":18},"end":{"line":62,"column":19}},"loc":{"start":{"line":62,"column":23},"end":{"line":64,"column":17}},"line":62},"5":{"name":"(anonymous_5)","decl":{"start":{"line":66,"column":45},"end":{"line":66,"column":46}},"loc":{"start":{"line":66,"column":52},"end":{"line":69,"column":17}},"line":66},"6":{"name":"(anonymous_6)","decl":{"start":{"line":69,"column":25},"end":{"line":69,"column":26}},"loc":{"start":{"line":69,"column":30},"end":{"line":72,"column":17}},"line":69},"7":{"name":"(anonymous_7)","decl":{"start":{"line":81,"column":13},"end":{"line":81,"column":14}},"loc":{"start":{"line":81,"column":18},"end":{"line":83,"column":5}},"line":81},"8":{"name":"(anonymous_8)","decl":{"start":{"line":90,"column":20},"end":{"line":90,"column":21}},"loc":{"start":{"line":90,"column":24},"end":{"line":92,"column":5}},"line":90}},"branchMap":{"0":{"loc":{"start":{"line":28,"column":8},"end":{"line":30,"column":9}},"type":"if","locations":[{"start":{"line":28,"column":8},"end":{"line":30,"column":9}},{"start":{"line":28,"column":8},"end":{"line":30,"column":9}}],"line":28},"1":{"loc":{"start":{"line":31,"column":8},"end":{"line":33,"column":9}},"type":"if","locations":[{"start":{"line":31,"column":8},"end":{"line":33,"column":9}},{"start":{"line":31,"column":8},"end":{"line":33,"column":9}}],"line":31},"2":{"loc":{"start":{"line":35,"column":8},"end":{"line":48,"column":13}},"type":"if","locations":[{"start":{"line":35,"column":8},"end":{"line":48,"column":13}},{"start":{"line":35,"column":8},"end":{"line":48,"column":13}}],"line":35},"3":{"loc":{"start":{"line":37,"column":20},"end":{"line":46,"column":25}},"type":"if","locations":[{"start":{"line":37,"column":20},"end":{"line":46,"column":25}},{"start":{"line":37,"column":20},"end":{"line":46,"column":25}}],"line":37},"4":{"loc":{"start":{"line":44,"column":29},"end":{"line":46,"column":25}},"type":"if","locations":[{"start":{"line":44,"column":29},"end":{"line":46,"column":25}},{"start":{"line":44,"column":29},"end":{"line":46,"column":25}}],"line":44},"5":{"loc":{"start":{"line":54,"column":12},"end":{"line":77,"column":13}},"type":"if","locations":[{"start":{"line":54,"column":12},"end":{"line":77,"column":13}},{"start":{"line":54,"column":12},"end":{"line":77,"column":13}}],"line":54},"6":{"loc":{"start":{"line":75,"column":17},"end":{"line":77,"column":13}},"type":"if","locations":[{"start":{"line":75,"column":17},"end":{"line":77,"column":13}},{"start":{"line":75,"column":17},"end":{"line":77,"column":13}}],"line":75},"7":{"loc":{"start":{"line":89,"column":0},"end":{"line":93,"column":1}},"type":"if","locations":[{"start":{"line":89,"column":0},"end":{"line":93,"column":1}},{"start":{"line":89,"column":0},"end":{"line":93,"column":1}}],"line":89}},"s":{"0":1,"1":1,"2":1,"3":1,"4":1,"5":1,"6":1,"7":1,"8":1,"9":1,"10":0,"11":0,"12":0,"13":0,"14":0,"15":0,"16":0,"17":0,"18":0,"19":0,"20":0,"21":0,"22":0,"23":0,"24":0,"25":0,"26":0,"27":0,"28":0,"29":0,"30":0,"31":0,"32":0,"33":0,"34":0,"35":0,"36":0,"37":1,"38":0,"39":0,"40":1},"f":{"0":0,"1":0,"2":0,"3":0,"4":0,"5":0,"6":0,"7":0,"8":0},"b":{"0":[0,0],"1":[0,0],"2":[0,0],"3":[0,0],"4":[0,0],"5":[0,0],"6":[0,0],"7":[0,1]},"_coverageSchema":"1a1c01bbd47fc00a2c39e90264f33305004495a9","hash":"a2831c9269ffe3fe422ee5dbe653d7bab02aa498","contentHash":"5ad7f190f38ac3c8ef38bc3d8e84aac5134df0271ede3c5aa19907611bf5004e"},"G:\\SWbackend\\New folder\\Backend-team\\models\\playlists.js":{"path":"G:\\SWbackend\\New folder\\Backend-team\\models\\playlists.js","statementMap":{"0":{"start":{"line":1,"column":14},"end":{"line":1,"column":33}},"1":{"start":{"line":2,"column":26},"end":{"line":2,"column":48}},"2":{"start":{"line":3,"column":20},"end":{"line":3,"column":48}},"3":{"start":{"line":5,"column":13},"end":{"line":41,"column":2}},"4":{"start":{"line":43,"column":0},"end":{"line":43,"column":26}}},"fnMap":{},"branchMap":{},"s":{"0":1,"1":1,"2":1,"3":1,"4":1},"f":{},"b":{},"_coverageSchema":"1a1c01bbd47fc00a2c39e90264f33305004495a9","hash":"efe961cd97ea67e9da12fbcf5e58b5e42d8b4e3f","contentHash":"e7eaf5eae75c98f3e21afa9346a844e8de5427a308d39aaadef2dad5b9529e6b"},"G:\\SWbackend\\New folder\\Backend-team\\defaultimage.js":{"path":"G:\\SWbackend\\New folder\\Backend-team\\defaultimage.js","statementMap":{"0":{"start":{"line":3,"column":13},"end":{"line":3,"column":42}},"1":{"start":{"line":4,"column":15},"end":{"line":4,"column":42}},"2":{"start":{"line":6,"column":11},"end":{"line":6,"column":49}},"3":{"start":{"line":8,"column":0},"end":{"line":20,"column":3}},"4":{"start":{"line":9,"column":4},"end":{"line":19,"column":5}},"5":{"start":{"line":10,"column":31},"end":{"line":14,"column":10}},"6":{"start":{"line":15,"column":8},"end":{"line":17,"column":11}},"7":{"start":{"line":21,"column":20},"end":{"line":26,"column":1}},"8":{"start":{"line":28,"column":0},"end":{"line":28,"column":34}}},"fnMap":{"0":{"name":"(anonymous_0)","decl":{"start":{"line":8,"column":34},"end":{"line":8,"column":35}},"loc":{"start":{"line":8,"column":42},"end":{"line":20,"column":1}},"line":8},"1":{"name":"(anonymous_1)","decl":{"start":{"line":15,"column":34},"end":{"line":15,"column":35}},"loc":{"start":{"line":15,"column":38},"end":{"line":17,"column":9}},"line":15}},"branchMap":{"0":{"loc":{"start":{"line":9,"column":4},"end":{"line":19,"column":5}},"type":"if","locations":[{"start":{"line":9,"column":4},"end":{"line":19,"column":5}},{"start":{"line":9,"column":4},"end":{"line":19,"column":5}}],"line":9}},"s":{"0":1,"1":1,"2":1,"3":1,"4":1,"5":0,"6":0,"7":1,"8":1},"f":{"0":1,"1":0},"b":{"0":[0,1]},"_coverageSchema":"1a1c01bbd47fc00a2c39e90264f33305004495a9","hash":"1619bf37741c999ca8b320044a8a412e0f9a3f66","contentHash":"044819a430f73554a1277ed55e683cbe2a4b20a7867804a3ebdc8d70567b0964"},"G:\\SWbackend\\New folder\\Backend-team\\Services\\deleteplaylist.js":{"path":"G:\\SWbackend\\New folder\\Backend-team\\Services\\deleteplaylist.js","statementMap":{"0":{"start":{"line":2,"column":15},"end":{"line":2,"column":33}},"1":{"start":{"line":3,"column":17},"end":{"line":3,"column":35}},"2":{"start":{"line":4,"column":16},"end":{"line":4,"column":38}},"3":{"start":{"line":7,"column":11},"end":{"line":7,"column":42}},"4":{"start":{"line":8,"column":15},"end":{"line":8,"column":45}},"5":{"start":{"line":9,"column":15},"end":{"line":9,"column":50}},"6":{"start":{"line":12,"column":8},"end":{"line":12,"column":17}},"7":{"start":{"line":14,"column":0},"end":{"line":14,"column":27}},"8":{"start":{"line":17,"column":0},"end":{"line":42,"column":3}},"9":{"start":{"line":18,"column":16},"end":{"line":18,"column":36}},"10":{"start":{"line":19,"column":4},"end":{"line":41,"column":6}},"11":{"start":{"line":20,"column":8},"end":{"line":22,"column":9}},"12":{"start":{"line":21,"column":12},"end":{"line":21,"column":36}},"13":{"start":{"line":23,"column":16},"end":{"line":23,"column":24}},"14":{"start":{"line":24,"column":4},"end":{"line":26,"column":5}},"15":{"start":{"line":25,"column":8},"end":{"line":25,"column":71}},"16":{"start":{"line":27,"column":21},"end":{"line":27,"column":42}},"17":{"start":{"line":28,"column":4},"end":{"line":38,"column":6}},"18":{"start":{"line":29,"column":8},"end":{"line":32,"column":9}},"19":{"start":{"line":31,"column":12},"end":{"line":31,"column":71}},"20":{"start":{"line":34,"column":8},"end":{"line":34,"column":62}},"21":{"start":{"line":37,"column":8},"end":{"line":37,"column":58}},"22":{"start":{"line":40,"column":8},"end":{"line":40,"column":52}},"23":{"start":{"line":44,"column":0},"end":{"line":48,"column":1}},"24":{"start":{"line":45,"column":4},"end":{"line":47,"column":7}},"25":{"start":{"line":46,"column":8},"end":{"line":46,"column":44}},"26":{"start":{"line":49,"column":0},"end":{"line":49,"column":21}}},"fnMap":{"0":{"name":"(anonymous_0)","decl":{"start":{"line":17,"column":24},"end":{"line":17,"column":25}},"loc":{"start":{"line":17,"column":35},"end":{"line":42,"column":1}},"line":17},"1":{"name":"(anonymous_1)","decl":{"start":{"line":19,"column":33},"end":{"line":19,"column":34}},"loc":{"start":{"line":19,"column":41},"end":{"line":39,"column":5}},"line":19},"2":{"name":"(anonymous_2)","decl":{"start":{"line":28,"column":91},"end":{"line":28,"column":92}},"loc":{"start":{"line":28,"column":106},"end":{"line":36,"column":5}},"line":28},"3":{"name":"(anonymous_3)","decl":{"start":{"line":36,"column":13},"end":{"line":36,"column":14}},"loc":{"start":{"line":36,"column":18},"end":{"line":38,"column":5}},"line":36},"4":{"name":"(anonymous_4)","decl":{"start":{"line":39,"column":13},"end":{"line":39,"column":14}},"loc":{"start":{"line":39,"column":18},"end":{"line":41,"column":5}},"line":39},"5":{"name":"(anonymous_5)","decl":{"start":{"line":45,"column":20},"end":{"line":45,"column":21}},"loc":{"start":{"line":45,"column":24},"end":{"line":47,"column":5}},"line":45}},"branchMap":{"0":{"loc":{"start":{"line":20,"column":8},"end":{"line":22,"column":9}},"type":"if","locations":[{"start":{"line":20,"column":8},"end":{"line":22,"column":9}},{"start":{"line":20,"column":8},"end":{"line":22,"column":9}}],"line":20},"1":{"loc":{"start":{"line":24,"column":4},"end":{"line":26,"column":5}},"type":"if","locations":[{"start":{"line":24,"column":4},"end":{"line":26,"column":5}},{"start":{"line":24,"column":4},"end":{"line":26,"column":5}}],"line":24},"2":{"loc":{"start":{"line":29,"column":8},"end":{"line":32,"column":9}},"type":"if","locations":[{"start":{"line":29,"column":8},"end":{"line":32,"column":9}},{"start":{"line":29,"column":8},"end":{"line":32,"column":9}}],"line":29},"3":{"loc":{"start":{"line":44,"column":0},"end":{"line":48,"column":1}},"type":"if","locations":[{"start":{"line":44,"column":0},"end":{"line":48,"column":1}},{"start":{"line":44,"column":0},"end":{"line":48,"column":1}}],"line":44}},"s":{"0":1,"1":1,"2":1,"3":1,"4":1,"5":1,"6":1,"7":1,"8":1,"9":0,"10":0,"11":0,"12":0,"13":0,"14":0,"15":0,"16":0,"17":0,"18":0,"19":0,"20":0,"21":0,"22":0,"23":1,"24":0,"25":0,"26":1},"f":{"0":0,"1":0,"2":0,"3":0,"4":0,"5":0},"b":{"0":[0,0],"1":[0,0],"2":[0,0],"3":[0,1]},"_coverageSchema":"1a1c01bbd47fc00a2c39e90264f33305004495a9","hash":"6cf30904ba464dc1f1f71fc55d1e587a1ba29d2e","contentHash":"d9c8c25507ee5d1c5eede588009445224c6a92ac145eb4fdaa337726bd7aec3b"},"G:\\SWbackend\\New folder\\Backend-team\\Services\\deletetrack.js":{"path":"G:\\SWbackend\\New folder\\Backend-team\\Services\\deletetrack.js","statementMap":{"0":{"start":{"line":2,"column":15},"end":{"line":2,"column":33}},"1":{"start":{"line":3,"column":17},"end":{"line":3,"column":35}},"2":{"start":{"line":4,"column":16},"end":{"line":4,"column":38}},"3":{"start":{"line":7,"column":15},"end":{"line":7,"column":45}},"4":{"start":{"line":8,"column":11},"end":{"line":8,"column":42}},"5":{"start":{"line":9,"column":13},"end":{"line":9,"column":46}},"6":{"start":{"line":12,"column":8},"end":{"line":12,"column":17}},"7":{"start":{"line":14,"column":0},"end":{"line":14,"column":27}},"8":{"start":{"line":16,"column":0},"end":{"line":43,"column":3}},"9":{"start":{"line":17,"column":16},"end":{"line":17,"column":36}},"10":{"start":{"line":18,"column":4},"end":{"line":42,"column":6}},"11":{"start":{"line":19,"column":8},"end":{"line":21,"column":9}},"12":{"start":{"line":20,"column":12},"end":{"line":20,"column":36}},"13":{"start":{"line":22,"column":19},"end":{"line":22,"column":31}},"14":{"start":{"line":23,"column":4},"end":{"line":25,"column":5}},"15":{"start":{"line":24,"column":8},"end":{"line":24,"column":69}},"16":{"start":{"line":26,"column":19},"end":{"line":26,"column":37}},"17":{"start":{"line":29,"column":4},"end":{"line":39,"column":6}},"18":{"start":{"line":30,"column":8},"end":{"line":33,"column":9}},"19":{"start":{"line":32,"column":12},"end":{"line":32,"column":73}},"20":{"start":{"line":35,"column":8},"end":{"line":35,"column":78}},"21":{"start":{"line":38,"column":8},"end":{"line":38,"column":55}},"22":{"start":{"line":41,"column":8},"end":{"line":41,"column":52}},"23":{"start":{"line":48,"column":0},"end":{"line":52,"column":1}},"24":{"start":{"line":49,"column":4},"end":{"line":51,"column":7}},"25":{"start":{"line":50,"column":8},"end":{"line":50,"column":44}},"26":{"start":{"line":53,"column":0},"end":{"line":53,"column":21}}},"fnMap":{"0":{"name":"(anonymous_0)","decl":{"start":{"line":16,"column":21},"end":{"line":16,"column":22}},"loc":{"start":{"line":16,"column":32},"end":{"line":43,"column":1}},"line":16},"1":{"name":"(anonymous_1)","decl":{"start":{"line":18,"column":35},"end":{"line":18,"column":36}},"loc":{"start":{"line":18,"column":47},"end":{"line":40,"column":5}},"line":18},"2":{"name":"(anonymous_2)","decl":{"start":{"line":29,"column":88},"end":{"line":29,"column":89}},"loc":{"start":{"line":29,"column":101},"end":{"line":37,"column":5}},"line":29},"3":{"name":"(anonymous_3)","decl":{"start":{"line":37,"column":13},"end":{"line":37,"column":14}},"loc":{"start":{"line":37,"column":18},"end":{"line":39,"column":5}},"line":37},"4":{"name":"(anonymous_4)","decl":{"start":{"line":40,"column":13},"end":{"line":40,"column":14}},"loc":{"start":{"line":40,"column":18},"end":{"line":42,"column":5}},"line":40},"5":{"name":"(anonymous_5)","decl":{"start":{"line":49,"column":20},"end":{"line":49,"column":21}},"loc":{"start":{"line":49,"column":24},"end":{"line":51,"column":5}},"line":49}},"branchMap":{"0":{"loc":{"start":{"line":19,"column":8},"end":{"line":21,"column":9}},"type":"if","locations":[{"start":{"line":19,"column":8},"end":{"line":21,"column":9}},{"start":{"line":19,"column":8},"end":{"line":21,"column":9}}],"line":19},"1":{"loc":{"start":{"line":23,"column":4},"end":{"line":25,"column":5}},"type":"if","locations":[{"start":{"line":23,"column":4},"end":{"line":25,"column":5}},{"start":{"line":23,"column":4},"end":{"line":25,"column":5}}],"line":23},"2":{"loc":{"start":{"line":30,"column":8},"end":{"line":33,"column":9}},"type":"if","locations":[{"start":{"line":30,"column":8},"end":{"line":33,"column":9}},{"start":{"line":30,"column":8},"end":{"line":33,"column":9}}],"line":30},"3":{"loc":{"start":{"line":48,"column":0},"end":{"line":52,"column":1}},"type":"if","locations":[{"start":{"line":48,"column":0},"end":{"line":52,"column":1}},{"start":{"line":48,"column":0},"end":{"line":52,"column":1}}],"line":48}},"s":{"0":1,"1":1,"2":1,"3":1,"4":1,"5":1,"6":1,"7":1,"8":1,"9":0,"10":0,"11":0,"12":0,"13":0,"14":0,"15":0,"16":0,"17":0,"18":0,"19":0,"20":0,"21":0,"22":0,"23":1,"24":0,"25":0,"26":1},"f":{"0":0,"1":0,"2":0,"3":0,"4":0,"5":0},"b":{"0":[0,0],"1":[0,0],"2":[0,0],"3":[0,1]},"_coverageSchema":"1a1c01bbd47fc00a2c39e90264f33305004495a9","hash":"3d5bac43424785c46bd01007a9248002d30b72e7","contentHash":"3904fd5d989e0db320d36001050286e1181da15e4bfc4365b893c1a7b49ab61b"},"G:\\SWbackend\\New folder\\Backend-team\\Services\\deleteTrackFromPlaylist.js":{"path":"G:\\SWbackend\\New folder\\Backend-team\\Services\\deleteTrackFromPlaylist.js","statementMap":{"0":{"start":{"line":2,"column":15},"end":{"line":2,"column":33}},"1":{"start":{"line":3,"column":17},"end":{"line":3,"column":35}},"2":{"start":{"line":4,"column":16},"end":{"line":4,"column":38}},"3":{"start":{"line":6,"column":15},"end":{"line":6,"column":45}},"4":{"start":{"line":7,"column":11},"end":{"line":7,"column":42}},"5":{"start":{"line":8,"column":11},"end":{"line":8,"column":42}},"6":{"start":{"line":9,"column":15},"end":{"line":9,"column":50}},"7":{"start":{"line":12,"column":8},"end":{"line":12,"column":17}},"8":{"start":{"line":14,"column":0},"end":{"line":14,"column":27}},"9":{"start":{"line":16,"column":0},"end":{"line":72,"column":3}},"10":{"start":{"line":17,"column":16},"end":{"lin
[...]
mn":13},"end":{"line":199,"column":14}},"loc":{"start":{"line":199,"column":20},"end":{"line":201,"column":5}},"line":199},"14":{"name":"(anonymous_14)","decl":{"start":{"line":242,"column":26},"end":{"line":242,"column":27}},"loc":{"start":{"line":242,"column":46},"end":{"line":287,"column":1}},"line":242},"15":{"name":"(anonymous_15)","decl":{"start":{"line":248,"column":43},"end":{"line":248,"column":44}},"loc":{"start":{"line":248,"column":51},"end":{"line":280,"column":6}},"line":248},"16":{"name":"(anonymous_16)","decl":{"start":{"line":257,"column":35},"end":{"line":257,"column":36}},"loc":{"start":{"line":257,"column":44},"end":{"line":279,"column":5}},"line":257},"17":{"name":"(anonymous_17)","decl":{"start":{"line":268,"column":40},"end":{"line":268,"column":41}},"loc":{"start":{"line":268,"column":65},"end":{"line":278,"column":9}},"line":268},"18":{"name":"(anonymous_18)","decl":{"start":{"line":314,"column":25},"end":{"line":314,"column":26}},"loc":{"start":{"line":314,"column":42},"end":{"line":335,"column":5}},"line":314},"19":{"name":"(anonymous_19)","decl":{"start":{"line":324,"column":45},"end":{"line":324,"column":46}},"loc":{"start":{"line":324,"column":53},"end":{"line":333,"column":5}},"line":324},"20":{"name":"(anonymous_20)","decl":{"start":{"line":333,"column":13},"end":{"line":333,"column":14}},"loc":{"start":{"line":333,"column":19},"end":{"line":333,"column":70}},"line":333},"21":{"name":"(anonymous_21)","decl":{"start":{"line":372,"column":32},"end":{"line":372,"column":33}},"loc":{"start":{"line":372,"column":52},"end":{"line":403,"column":1}},"line":372},"22":{"name":"(anonymous_22)","decl":{"start":{"line":377,"column":33},"end":{"line":377,"column":34}},"loc":{"start":{"line":377,"column":43},"end":{"line":401,"column":1}},"line":377},"23":{"name":"(anonymous_23)","decl":{"start":{"line":401,"column":9},"end":{"line":401,"column":10}},"loc":{"start":{"line":401,"column":14},"end":{"line":401,"column":80}},"line":401},"24":{"name":"(anonymous_24)","decl":{"start":{"line":453,"column":30},"end":{"line":453,"column":31}},"loc":{"start":{"line":454,"column":0},"end":{"line":509,"column":5}},"line":454},"25":{"name":"(anonymous_25)","decl":{"start":{"line":459,"column":42},"end":{"line":459,"column":43}},"loc":{"start":{"line":460,"column":13},"end":{"line":508,"column":9}},"line":460},"26":{"name":"(anonymous_26)","decl":{"start":{"line":491,"column":52},"end":{"line":491,"column":53}},"loc":{"start":{"line":491,"column":77},"end":{"line":504,"column":23}},"line":491},"27":{"name":"(anonymous_27)","decl":{"start":{"line":508,"column":17},"end":{"line":508,"column":18}},"loc":{"start":{"line":508,"column":22},"end":{"line":508,"column":88}},"line":508},"28":{"name":"(anonymous_28)","decl":{"start":{"line":559,"column":35},"end":{"line":559,"column":36}},"loc":{"start":{"line":559,"column":52},"end":{"line":585,"column":2}},"line":559},"29":{"name":"(anonymous_29)","decl":{"start":{"line":565,"column":38},"end":{"line":565,"column":39}},"loc":{"start":{"line":565,"column":46},"end":{"line":574,"column":5}},"line":565},"30":{"name":"(anonymous_30)","decl":{"start":{"line":574,"column":13},"end":{"line":574,"column":14}},"loc":{"start":{"line":574,"column":20},"end":{"line":577,"column":5}},"line":574},"31":{"name":"(anonymous_31)","decl":{"start":{"line":591,"column":27},"end":{"line":591,"column":28}},"loc":{"start":{"line":591,"column":38},"end":{"line":633,"column":1}},"line":591},"32":{"name":"(anonymous_32)","decl":{"start":{"line":593,"column":33},"end":{"line":593,"column":34}},"loc":{"start":{"line":593,"column":41},"end":{"line":630,"column":3}},"line":593},"33":{"name":"(anonymous_33)","decl":{"start":{"line":605,"column":33},"end":{"line":605,"column":34}},"loc":{"start":{"line":605,"column":46},"end":{"line":626,"column":5}},"line":605},"34":{"name":"(anonymous_34)","decl":{"start":{"line":610,"column":58},"end":{"line":610,"column":59}},"loc":{"start":{"line":610,"column":78},"end":{"line":622,"column":9}},"line":610},"35":{"name":"(anonymous_35)","decl":{"start":{"line":622,"column":10},"end":{"line":622,"column":11}},"loc":{"start":{"line":622,"column":15},"end":{"line":624,"column":9}},"line":622},"36":{"name":"(anonymous_36)","decl":{"start":{"line":626,"column":6},"end":{"line":626,"column":7}},"loc":{"start":{"line":626,"column":11},"end":{"line":629,"column":5}},"line":626},"37":{"name":"(anonymous_37)","decl":{"start":{"line":630,"column":11},"end":{"line":630,"column":12}},"loc":{"start":{"line":630,"column":16},"end":{"line":632,"column":3}},"line":630},"38":{"name":"(anonymous_38)","decl":{"start":{"line":642,"column":34},"end":{"line":642,"column":35}},"loc":{"start":{"line":642,"column":46},"end":{"line":746,"column":2}},"line":642},"39":{"name":"(anonymous_39)","decl":{"start":{"line":652,"column":37},"end":{"line":652,"column":38}},"loc":{"start":{"line":652,"column":45},"end":{"line":733,"column":5}},"line":652},"40":{"name":"(anonymous_40)","decl":{"start":{"line":674,"column":52},"end":{"line":674,"column":53}},"loc":{"start":{"line":674,"column":65},"end":{"line":731,"column":4}},"line":674},"41":{"name":"(anonymous_41)","decl":{"start":{"line":712,"column":14},"end":{"line":712,"column":15}},"loc":{"start":{"line":712,"column":34},"end":{"line":714,"column":5}},"line":712},"42":{"name":"(anonymous_42)","decl":{"start":{"line":733,"column":13},"end":{"line":733,"column":14}},"loc":{"start":{"line":733,"column":20},"end":{"line":737,"column":5}},"line":733},"43":{"name":"(anonymous_43)","decl":{"start":{"line":753,"column":33},"end":{"line":753,"column":34}},"loc":{"start":{"line":753,"column":50},"end":{"line":788,"column":1}},"line":753},"44":{"name":"(anonymous_44)","decl":{"start":{"line":761,"column":33},"end":{"line":761,"column":34}},"loc":{"start":{"line":761,"column":43},"end":{"line":785,"column":5}},"line":761},"45":{"name":"(anonymous_45)","decl":{"start":{"line":767,"column":47},"end":{"line":767,"column":48}},"loc":{"start":{"line":767,"column":68},"end":{"line":784,"column":5}},"line":767},"46":{"name":"(anonymous_46)","decl":{"start":{"line":785,"column":13},"end":{"line":785,"column":14}},"loc":{"start":{"line":785,"column":20},"end":{"line":787,"column":5}},"line":785},"47":{"name":"(anonymous_47)","decl":{"start":{"line":793,"column":20},"end":{"line":793,"column":21}},"loc":{"start":{"line":793,"column":24},"end":{"line":795,"column":5}},"line":793}},"branchMap":{"0":{"loc":{"start":{"line":97,"column":3},"end":{"line":103,"column":5}},"type":"if","locations":[{"start":{"line":97,"column":3},"end":{"line":103,"column":5}},{"start":{"line":97,"column":3},"end":{"line":103,"column":5}}],"line":97},"1":{"loc":{"start":{"line":146,"column":8},"end":{"line":149,"column":9}},"type":"if","locations":[{"start":{"line":146,"column":8},"end":{"line":149,"column":9}},{"start":{"line":146,"column":8},"end":{"line":149,"column":9}}],"line":146},"2":{"loc":{"start":{"line":165,"column":2},"end":{"line":176,"column":3}},"type":"if","locations":[{"start":{"line":165,"column":2},"end":{"line":176,"column":3}},{"start":{"line":165,"column":2},"end":{"line":176,"column":3}}],"line":165},"3":{"loc":{"start":{"line":190,"column":4},"end":{"line":193,"column":5}},"type":"if","locations":[{"start":{"line":190,"column":4},"end":{"line":193,"column":5}},{"start":{"line":190,"column":4},"end":{"line":193,"column":5}}],"line":190},"4":{"loc":{"start":{"line":195,"column":8},"end":{"line":197,"column":9}},"type":"if","locations":[{"start":{"line":195,"column":8},"end":{"line":197,"column":9}},{"start":{"line":195,"column":8},"end":{"line":197,"column":9}}],"line":195},"5":{"loc":{"start":{"line":250,"column":11},"end":{"line":253,"column":72}},"type":"if","locations":[{"start":{"line":250,"column":11},"end":{"line":253,"column":72}},{"start":{"line":250,"column":11},"end":{"line":253,"column":72}}],"line":250},"6":{"loc":{"start":{"line":269,"column":5},"end":{"line":276,"column":10}},"type":"if","locations":[{"start":{"line":269,"column":5},"end":{"line":276,"column":10}},{"start":{"line":269,"column":5},"end":{"line":276,"column":10}}],"line":269},"7":{"loc":{"start":{"line":378,"column":4},"end":{"line":380,"column":5}},"type":"if","locations":[{"start":{"line":378,"column":4},"end":{"line":380,"column":5}},{"start":{"line":378,"column":4},"end":{"line":380,"column":5}}],"line":378},"8":{"loc":{"start":{"line":383,"column":2},"end":{"line":399,"column":1}},"type":"if","locations":[{"start":{"line":383,"column":2},"end":{"line":399,"column":1}},{"start":{"line":383,"column":2},"end":{"line":399,"column":1}}],"line":383},"9":{"loc":{"start":{"line":387,"column":7},"end":{"line":399,"column":1}},"type":"if","locations":[{"start":{"line":387,"column":7},"end":{"line":399,"column":1}},{"start":{"line":387,"column":7},"end":{"line":399,"column":1}}],"line":387},"10":{"loc":{"start":{"line":461,"column":16},"end":{"line":463,"column":17}},"type":"if","locations":[{"start":{"line":461,"column":16},"end":{"line":463,"column":17}},{"start":{"line":461,"column":16},"end":{"line":463,"column":17}}],"line":461},"11":{"loc":{"start":{"line":466,"column":14},"end":{"line":505,"column":13}},"type":"if","locations":[{"start":{"line":466,"column":14},"end":{"line":505,"column":13}},{"start":{"line":466,"column":14},"end":{"line":505,"column":13}}],"line":466},"12":{"loc":{"start":{"line":470,"column":19},"end":{"line":505,"column":13}},"type":"if","locations":[{"start":{"line":470,"column":19},"end":{"line":505,"column":13}},{"start":{"line":470,"column":19},"end":{"line":505,"column":13}}],"line":470},"13":{"loc":{"start":{"line":492,"column":17},"end":{"line":502,"column":17}},"type":"if","locations":[{"start":{"line":492,"column":17},"end":{"line":502,"column":17}},{"start":{"line":492,"column":17},"end":{"line":502,"column":17}}],"line":492},"14":{"loc":{"start":{"line":564,"column":4},"end":{"line":578,"column":1}},"type":"if","locations":[{"start":{"line":564,"column":4},"end":{"line":578,"column":1}},{"start":{"line":564,"column":4},"end":{"line":578,"column":1}}],"line":564},"15":{"loc":{"start":{"line":566,"column":8},"end":{"line":569,"column":9}},"type":"if","locations":[{"start":{"line":566,"column":8},"end":{"line":569,"column":9}},{"start":{"line":566,"column":8},"end":{"line":569,"column":9}}],"line":566},"16":{"loc":{"start":{"line":594,"column":8},"end":{"line":596,"column":9}},"type":"if","locations":[{"start":{"line":594,"column":8},"end":{"line":596,"column":9}},{"start":{"line":594,"column":8},"end":{"line":596,"column":9}}],"line":594},"17":{"loc":{"start":{"line":599,"column":4},"end":{"line":601,"column":5}},"type":"if","locations":[{"start":{"line":599,"column":4},"end":{"line":601,"column":5}},{"start":{"line":599,"column":4},"end":{"line":601,"column":5}}],"line":599},"18":{"loc":{"start":{"line":602,"column":4},"end":{"line":604,"column":5}},"type":"if","locations":[{"start":{"line":602,"column":4},"end":{"line":604,"column":5}},{"start":{"line":602,"column":4},"end":{"line":604,"column":5}}],"line":602},"19":{"loc":{"start":{"line":606,"column":8},"end":{"line":608,"column":9}},"type":"if","locations":[{"start":{"line":606,"column":8},"end":{"line":608,"column":9}},{"start":{"line":606,"column":8},"end":{"line":608,"column":9}}],"line":606},"20":{"loc":{"start":{"line":613,"column":12},"end":{"line":619,"column":13}},"type":"if","locations":[{"start":{"line":613,"column":12},"end":{"line":619,"column":13}},{"start":{"line":613,"column":12},"end":{"line":619,"column":13}}],"line":613},"21":{"loc":{"start":{"line":644,"column":2},"end":{"line":744,"column":1}},"type":"if","locations":[{"start":{"line":644,"column":2},"end":{"line":744,"column":1}},{"start":{"line":644,"column":2},"end":{"line":744,"column":1}}],"line":644},"22":{"loc":{"start":{"line":653,"column":8},"end":{"line":656,"column":9}},"type":"if","locations":[{"start":{"line":653,"column":8},"end":{"line":656,"column":9}},{"start":{"line":653,"column":8},"end":{"line":656,"column":9}}],"line":653},"23":{"loc":{"start":{"line":657,"column":2},"end":{"line":671,"column":7}},"type":"if","locations":[{"start":{"line":657,"column":2},"end":{"line":671,"column":7}},{"start":{"line":657,"column":2},"end":{"line":671,"column":7}}],"line":657},"24":{"loc":{"start":{"line":661,"column":4},"end":{"line":669,"column":5}},"type":"if","locations":[{"start":{"line":661,"column":4},"end":{"line":669,"column":5}},{"start":{"line":661,"column":4},"end":{"line":669,"column":5}}],"line":661},"25":{"loc":{"start":{"line":672,"column":3},"end":{"line":732,"column":4}},"type":"if","locations":[{"start":{"line":672,"column":3},"end":{"line":732,"column":4}},{"start":{"line":672,"column":3},"end":{"line":732,"column":4}}],"line":672},"26":{"loc":{"start":{"line":675,"column":3},"end":{"line":729,"column":2}},"type":"if","locations":[{"start":{"line":675,"column":3},"end":{"line":729,"column":2}},{"start":{"line":675,"column":3},"end":{"line":729,"column":2}}],"line":675},"27":{"loc":{"start":{"line":687,"column":3},"end":{"line":692,"column":4}},"type":"if","locations":[{"start":{"line":687,"column":3},"end":{"line":692,"column":4}},{"start":{"line":687,"column":3},"end":{"line":692,"column":4}}],"line":687},"28":{"loc":{"start":{"line":693,"column":3},"end":{"line":704,"column":4}},"type":"if","locations":[{"start":{"line":693,"column":3},"end":{"line":704,"column":4}},{"start":{"line":693,"column":3},"end":{"line":704,"column":4}}],"line":693},"29":{"loc":{"start":{"line":696,"column":4},"end":{"line":700,"column":5}},"type":"if","locations":[{"start":{"line":696,"column":4},"end":{"line":700,"column":5}},{"start":{"line":696,"column":4},"end":{"line":700,"column":5}}],"line":696},"30":{"loc":{"start":{"line":696,"column":7},"end":{"line":696,"column":71}},"type":"binary-expr","locations":[{"start":{"line":696,"column":7},"end":{"line":696,"column":38}},{"start":{"line":696,"column":40},"end":{"line":696,"column":71}}],"line":696},"31":{"loc":{"start":{"line":705,"column":3},"end":{"line":710,"column":4}},"type":"if","locations":[{"start":{"line":705,"column":3},"end":{"line":710,"column":4}},{"start":{"line":705,"column":3},"end":{"line":710,"column":4}}],"line":705},"32":{"loc":{"start":{"line":713,"column":8},"end":{"line":713,"column":53}},"type":"if","locations":[{"start":{"line":713,"column":8},"end":{"line":713,"column":53}},{"start":{"line":713,"column":8},"end":{"line":713,"column":53}}],"line":713},"33":{"loc":{"start":{"line":757,"column":4},"end":{"line":760,"column":5}},"type":"if","locations":[{"start":{"line":757,"column":4},"end":{"line":760,"column":5}},{"start":{"line":757,"column":4},"end":{"line":760,"column":5}}],"line":757},"34":{"loc":{"start":{"line":762,"column":8},"end":{"line":765,"column":9}},"type":"if","locations":[{"start":{"line":762,"column":8},"end":{"line":765,"column":9}},{"start":{"line":762,"column":8},"end":{"line":765,"column":9}}],"line":762},"35":{"loc":{"start":{"line":768,"column":8},"end":{"line":783,"column":9}},"type":"if","locations":[{"start":{"line":768,"column":8},"end":{"line":783,"column":9}},{"start":{"line":768,"column":8},"end":{"line":783,"column":9}}],"line":768},"36":{"loc":{"start":{"line":792,"column":0},"end":{"line":796,"column":1}},"type":"if","locations":[{"start":{"line":792,"column":0},"end":{"line":796,"column":1}},{"start":{"line":792,"column":0},"end":{"line":796,"column":1}}],"line":792}},"s":{"0":1,"1":1,"2":1,"3":1,"4":1,"5":1,"6":1,"7":1,"8":1,"9":1,"10":1,"11":1,"12":1,"13":1,"14":1,"15":1,"16":0,"17":0,"18":0,"19":0,"20":0,"21":0,"22":0,"23":0,"24":0,"25":0,"26":0,"27":0,"28":0,"29":0,"30":0,"31":0,"32":0,"33":0,"34":0,"35":0,"36":0,"37":0,"38":0,"39":0,"40":0,"41":0,"42":0,"43":0,"44":0,"45":0,"46":0,"47":1,"48":0,"49":0,"50":0,"51":0,"52":0,"53":0,"54":1,"55":0,"56":0,"57":0,"58":0,"59":0,"60":0,"61":0,"62":0,"63":0,"64":0,"65":0,"66":0,"67":0,"68":1,"69":4,"70":4,"71":1,"72":4,"73":2,"74":1,"75":2,"76":3,"77":1,"78":0,"79":0,"80":0,"81":0,"82":0,"83":0,"84":0,"85":0,"86":0,"87":0,"88":0,"89":0,"90":0,"91":0,"92":0,"93":0,"94":0,"95":1,"96":0,"97":0,"98":0,"99":0,"100":0,"101":0,"102":0,"103":0,"104":0,"105":0,"106":1,"107":0,"108":0,"109":0,"110":0,"111":0,"112":0,"113":0,"114":0,"115":0,"116":0,"117":0,"118":0,"119":0,"120":0,"121":0,"122":0,"123":0,"124":0,"125":1,"126":0,"127":0,"128":0,"129":0,"130":0,"131":0,"132":0,"133":0,"134":0,"135":0,"136":0,"137":0,"138":0,"139":0,"140":0,"141":0,"142":0,"143":0,"144":0,"145":0,"146":0,"147":0,"148":0,"149":0,"150":0,"151":0,"152":0,"153":1,"154":0,"155":0,"156":0,"157":0,"158":0,"159":0,"160":0,"161":0,"162":0,"163":0,"164":0,"165":0,"166":1,"167":0,"168":0,"169":0,"170":0,"171":0,"172":0,"173":0,"174":0,"175":0,"176":0,"177":0,"178":0,"179":0,"180":0,"181":0,"182":0,"183":0,"184":0,"185":0,"186":0,"187":0,"188":0,"189":0,"190":0,"191":0,"192":1,"193":3,"194":3,"195":0,"196":3,"197":3,"198":2,"199":2,"200":1,"201":1,"202":1,"203":1,"204":1,"205":0,"206":1,"207":1,"208":1,"209":0,"210":1,"211":1,"212":1,"213":1,"214":1,"215":0,"216":1,"217":1,"218":1,"219":1,"220":1,"221":0,"222":0,"223":1,"224":0,"225":1,"226":1,"227":0,"228":0,"229":0,"230":0,"231":0,"232":0,"233":0,"234":0,"235":0,"236":0,"237":0,"238":0,"239":0,"240":0,"241":0,"242":0,"243":0,"244":0,"245":0,"246":0,"247":0,"248":0,"249":0,"250":1,"251":0,"252":0,"253":1},"f":{"0":0,"1":0,"2":0,"3":0,"4":0,"5":0,"6":0,"7":0,"8":0,"9":0,"10":0,"11":4,"12":2,"13":3,"14":0,"15":0,"16":0,"17":0,"18":0,"19":0,"20":0,"21":0,"22":0,"23":0,"24":0,"25":0,"26":0,"27":0,"28":0,"29":0,"30":0,"31":0,"32":0,"33":0,"34":0,"35":0,"36":0,"37":0,"38":3,"39":2,"40":1,"41":1,"42":0,"43":0,"44":0,"45":0,"46":0,"47":0},"b":{"0":[0,0],"1":[0,0],"2":[0,0],"3":[1,3],"4":[1,1],"5":[0,0],"6":[0,0],"7":[0,0],"8":[0,0],"9":[0,0],"10":[0,0],"11":[0,0],"12":[0,0],"13":[0,0],"14":[0,0],"15":[0,0],"16":[0,0],"17":[0,0],"18":[0,0],"19":[0,0],"20":[0,0],"21":[0,3],"22":[1,1],"23":[1,0],"24":[1,0],"25":[1,0],"26":[0,1],"27":[1,0],"28":[1,0],"29":[0,1],"30":[1,1],"31":[1,0],"32":[0,1],"33":[0,0],"34":[0,0],"35":[0,0],"36":[0,1]},"_coverageSchema":"1a1c01bbd47fc00a2c39e90264f33305004495a9","hash":"a45f462025de6f87e3ceebe465ad0bc91f0eccb9","contentHash":"d7305be202b23cef1dac1d2f88ef8e811e111160ddb9949edd6be046ff75a6ae"},"G:\\SWbackend\\New folder\\Backend-team\\Config\\Config.js":{"path":"G:\\SWbackend\\New folder\\Backend-team\\Config\\Config.js","statementMap":{"0":{"start":{"line":3,"column":10},"end":{"line":3,"column":47}},"1":{"start":{"line":4,"column":0},"end":{"line":4,"column":17}},"2":{"start":{"line":5,"column":0},"end":{"line":12,"column":1}},"3":{"start":{"line":6,"column":4},"end":{"line":6,"column":28}},"4":{"start":{"line":7,"column":4},"end":{"line":7,"column":66}},"5":{"start":{"line":8,"column":7},"end":{"line":12,"column":1}},"6":{"start":{"line":9,"column":4},"end":{"line":9,"column":28}},"7":{"start":{"line":10,"column":4},"end":{"line":10,"column":70}}},"fnMap":{},"branchMap":{"0":{"loc":{"start":{"line":3,"column":10},"end":{"line":3,"column":47}},"type":"binary-expr","locations":[{"start":{"line":3,"column":10},"end":{"line":3,"column":30}},{"start":{"line":3,"column":34},"end":{"line":3,"column":47}}],"line":3},"1":{"loc":{"start":{"line":5,"column":0},"end":{"line":12,"column":1}},"type":"if","locations":[{"start":{"line":5,"column":0},"end":{"line":12,"column":1}},{"start":{"line":5,"column":0},"end":{"line":12,"column":1}}],"line":5},"2":{"loc":{"start":{"line":8,"column":7},"end":{"line":12,"column":1}},"type":"if","locations":[{"start":{"line":8,"column":7},"end":{"line":12,"column":1}},{"start":{"line":8,"column":7},"end":{"line":12,"column":1}}],"line":8}},"s":{"0":1,"1":1,"2":1,"3":1,"4":1,"5":0,"6":0,"7":0},"f":{},"b":{"0":[1,1],"1":[1,0],"2":[0,0]},"_coverageSchema":"1a1c01bbd47fc00a2c39e90264f33305004495a9","hash":"9737fcb88cbfe89d390abbe500970f9083b9a6fb","contentHash":"2daf6c5b670355770acbfa711f478196f626b57c16c3c8329f2d0eeb02c24b07"}}